

HI-TECH Software PIC LITE Macro Assembler V9.82 build 9453 
                                                                                               Mon Dec 09 19:42:54 2019

HI-TECH Software Omniscient Code Generator (Lite mode) build 9453
     1  0000                     opt subtitle "HI-TECH Software Omniscient Code Generator (Lite mode) build 9453"
     2                           
     3                           opt pagewidth 120
     4                           
     5                           	opt lm
     6                           
     7                           	processor	16F877A
     8                           clrc	macro
     9                           	bcf	3,0
    10  0000                     	endm
    11                           clrz	macro
    12                           	bcf	3,2
    13  0000                     	endm
    14                           setc	macro
    15                           	bsf	3,0
    16  0000                     	endm
    17                           setz	macro
    18                           	bsf	3,2
    19  0000                     	endm
    20                           skipc	macro
    21                           	btfss	3,0
    22  0000                     	endm
    23                           skipz	macro
    24                           	btfss	3,2
    25  0000                     	endm
    26                           skipnc	macro
    27                           	btfsc	3,0
    28  0000                     	endm
    29                           skipnz	macro
    30                           	btfsc	3,2
    31  0000                     	endm
    32  0000                     indf	equ	0
    33  0000                     indf0	equ	0
    34  0002                     pc	equ	2
    35  0002                     pcl	equ	2
    36  0003                     status	equ	3
    37  0004                     fsr	equ	4
    38  0004                     fsr0	equ	4
    39  0001                     c	equ	1
    40  0000                     z	equ	0
    41  000A                     pclath	equ	10
    42                           	FNCALL	_main,_delay
    43                           	FNROOT	_main
    44                           	global	main@F1095
    45                           psect	idataBANK0,class=CODE,space=0,delta=2
    46                           global __pidataBANK0
    47  0754                     __pidataBANK0:
    48                           	file	"F:\Basic Microcontroller\PIC16F877A\7SEGMENT\common anode\common anode.c"
    49                           	line	7
    50                           
    51                           ;initializer for main@F1095
    52  0754  3440               	retlw	040h
    53  0755  3400               	retlw	0
    54                           
    55  0756  34F9               	retlw	0F9h
    56  0757  3400               	retlw	0
    57                           
    58  0758  3424               	retlw	024h
    59  0759  3400               	retlw	0
    60                           
    61  075A  3430               	retlw	030h
    62  075B  3400               	retlw	0
    63                           
    64  075C  3419               	retlw	019h
    65  075D  3400               	retlw	0
    66                           
    67  075E  3412               	retlw	012h
    68  075F  3400               	retlw	0
    69                           
    70  0760  3403               	retlw	03h
    71  0761  3400               	retlw	0
    72                           
    73  0762  34F8               	retlw	0F8h
    74  0763  3400               	retlw	0
    75                           
    76  0764  3400               	retlw	0
    77  0765  3400               	retlw	0
    78                           
    79  0766  3410               	retlw	010h
    80  0767  3400               	retlw	0
    81                           
    82                           	global	_PORTD
    83  0008                     _PORTD	set	8
    84                           	global	_CARRY
    85  0018                     _CARRY	set	24
    86                           	global	_GIE
    87  005F                     _GIE	set	95
    88                           	global	_TRISD
    89  0088                     _TRISD	set	136
    90                           	global	_EEADR
    91  010D                     _EEADR	set	269
    92                           	global	_EEDATA
    93  010C                     _EEDATA	set	268
    94                           	global	_EECON1
    95  018C                     _EECON1	set	396
    96                           	global	_EECON2
    97  018D                     _EECON2	set	397
    98                           	global	_RD
    99  0C60                     _RD	set	3168
   100                           	global	_WR
   101  0C61                     _WR	set	3169
   102                           	global	_WREN
   103  0C62                     _WREN	set	3170
   104                           	file	"common anode.as"
   105                           	line	#
   106                           psect cinit,class=CODE,delta=2
   107                           global start_initialization
   108  072F                     start_initialization:
   109                           
   110                           psect	dataBANK0,class=BANK0,space=1
   111                           global __pdataBANK0
   112  0036                     __pdataBANK0:
   113                           	file	"F:\Basic Microcontroller\PIC16F877A\7SEGMENT\common anode\common anode.c"
   114  0036                     main@F1095:
   115  0036                            ds      20
   116                           
   117                           global btemp
   118                           psect inittext,class=CODE,delta=2
   119                           global init_fetch,btemp
   120                           ;	Called with low address in FSR and high address in W
   121  0741                     init_fetch:
   122  0741  087E               	movf btemp,w
   123  0742  008A               	movwf pclath
   124  0743  087F               	movf btemp+1,w
   125  0744  0082               	movwf pc
   126                           global init_ram
   127                           ;Called with:
   128                           ;	high address of idata address in btemp 
   129                           ;	low address of idata address in btemp+1 
   130                           ;	low address of data in FSR
   131                           ;	high address + 1 of data in btemp-1
   132  0745                     init_ram:
   133  0745  120A  118A  2741   	fcall init_fetch
              120A  118A         
   134  074A  0080               	movwf indf,f
   135  074B  0A84               	incf fsr,f
   136  074C  0804               	movf fsr,w
   137  074D  067D               	xorwf btemp-1,w
   138  074E  1903               	btfsc status,2
   139  074F  3400               	retlw 0
   140  0750  0AFF               	incf btemp+1,f
   141  0751  1903               	btfsc status,2
   142  0752  0AFE               	incf btemp,f
   143  0753  2F45               	goto init_ram
   144                           ; Initialize objects allocated to BANK0
   145                           psect cinit,class=CODE,delta=2
   146                           global init_ram, __pidataBANK0
   147  072F  1383               	bcf	status, 7	;select IRP bank0
   148  0730  304A               	movlw low(__pdataBANK0+20)
   149  0731  00FD               	movwf btemp-1,f
   150  0732  3007               	movlw high(__pidataBANK0)
   151  0733  00FE               	movwf btemp,f
   152  0734  3054               	movlw low(__pidataBANK0)
   153  0735  00FF               	movwf btemp+1,f
   154  0736  3036               	movlw low(__pdataBANK0)
   155  0737  0084               	movwf fsr,f
   156  0738  120A  118A  2745   	fcall init_ram
              120A  118A         
   157                           psect cinit,class=CODE,delta=2
   158                           global end_of_initialization
   159                           
   160                           ;End of C runtime variable initialization code
   161                           
   162  073D                     end_of_initialization:
   163  073D  0183               clrf status
   164  073E  120A  118A  2FA6   ljmp _main	;jump to C main() function
   165                           psect	cstackCOMMON,class=COMMON,space=1
   166                           global __pcstackCOMMON
   167  0070                     __pcstackCOMMON:
   168                           	global	?_delay
   169  0070                     ?_delay:	; 0 bytes @ 0x0
   170                           	global	?_main
   171  0070                     ?_main:	; 0 bytes @ 0x0
   172                           	global	delay@a
   173  0070                     delay@a:	; 2 bytes @ 0x0
   174  0070                     	ds	2
   175                           	global	??_delay
   176  0072                     ??_delay:	; 0 bytes @ 0x2
   177  0072                     	ds	1
   178                           	global	delay@i
   179  0073                     delay@i:	; 2 bytes @ 0x3
   180  0073                     	ds	2
   181                           	global	delay@j
   182  0075                     delay@j:	; 2 bytes @ 0x5
   183  0075                     	ds	2
   184                           	global	??_main
   185  0077                     ??_main:	; 0 bytes @ 0x7
   186  0077                     	ds	4
   187                           psect	cstackBANK0,class=BANK0,space=1
   188                           global __pcstackBANK0
   189  0020                     __pcstackBANK0:
   190                           	global	main@array
   191  0020                     main@array:	; 20 bytes @ 0x0
   192  0020                     	ds	20
   193                           	global	main@i
   194  0034                     main@i:	; 2 bytes @ 0x14
   195  0034                     	ds	2
   196 ;;Data sizes: Strings 0, constant 0, data 20, bss 0, persistent 0 stack 0
   197 ;;Auto spaces:   Size  Autos    Used
   198 ;; COMMON          14     11      11
   199 ;; BANK0           80     22      42
   200 ;; BANK1           80      0       0
   201 ;; BANK3           96      0       0
   202 ;; BANK2           96      0       0
   203                           
   204 ;;
   205 ;; Pointer list with targets:
   206                           
   207                           
   208                           
   209 ;;
   210 ;; Critical Paths under _main in COMMON
   211 ;;
   212 ;;   _main->_delay
   213 ;;
   214 ;; Critical Paths under _main in BANK0
   215 ;;
   216 ;;   None.
   217 ;;
   218 ;; Critical Paths under _main in BANK1
   219 ;;
   220 ;;   None.
   221 ;;
   222 ;; Critical Paths under _main in BANK3
   223 ;;
   224 ;;   None.
   225 ;;
   226 ;; Critical Paths under _main in BANK2
   227 ;;
   228 ;;   None.
   229                           
   230 ;;
   231 ;;Main: autosize = 0, tempsize = 4, incstack = 0, save=0
   232 ;;
   233                           
   234 ;;
   235 ;;Call Graph Tables:
   236 ;;
   237 ;; ---------------------------------------------------------------------------------
   238 ;; (Depth) Function   	        Calls       Base Space   Used Autos Params    Refs
   239 ;; ---------------------------------------------------------------------------------
   240 ;; (0) _main                                                26    26      0     184
   241 ;;                                              7 COMMON     4     4      0
   242 ;;                                              0 BANK0     22    22      0
   243 ;;                              _delay
   244 ;; ---------------------------------------------------------------------------------
   245 ;; (1) _delay                                                7     5      2      92
   246 ;;                                              0 COMMON     7     5      2
   247 ;; ---------------------------------------------------------------------------------
   248 ;; Estimated maximum stack depth 1
   249 ;; ---------------------------------------------------------------------------------
   250                           
   251 ;; Call Graph Graphs:
   252                           
   253 ;; _main (ROOT)
   254 ;;   _delay
   255 ;;
   256                           
   257 ;; Address spaces:
   258                           
   259 ;;Name               Size   Autos  Total    Cost      Usage
   260 ;;BANK3               60      0       0       9        0.0%
   261 ;;BITBANK3            60      0       0       8        0.0%
   262 ;;SFR3                 0      0       0       4        0.0%
   263 ;;BITSFR3              0      0       0       4        0.0%
   264 ;;BANK2               60      0       0      11        0.0%
   265 ;;BITBANK2            60      0       0      10        0.0%
   266 ;;SFR2                 0      0       0       5        0.0%
   267 ;;BITSFR2              0      0       0       5        0.0%
   268 ;;SFR1                 0      0       0       2        0.0%
   269 ;;BITSFR1              0      0       0       2        0.0%
   270 ;;BANK1               50      0       0       7        0.0%
   271 ;;BITBANK1            50      0       0       6        0.0%
   272 ;;CODE                 0      0       0       0        0.0%
   273 ;;DATA                 0      0      36      12        0.0%
   274 ;;ABS                  0      0      35       3        0.0%
   275 ;;NULL                 0      0       0       0        0.0%
   276 ;;STACK                0      0       1       2        0.0%
   277 ;;BANK0               50     16      2A       5       52.5%
   278 ;;BITBANK0            50      0       0       4        0.0%
   279 ;;SFR0                 0      0       0       1        0.0%
   280 ;;BITSFR0              0      0       0       1        0.0%
   281 ;;COMMON               E      B       B       1       78.6%
   282 ;;BITCOMMON            E      0       0       0        0.0%
   283 ;;EEDATA             100      0       0       0        0.0%
   284                           
   285                           	global	_main
   286                           psect	maintext,global,class=CODE,delta=2
   287                           global __pmaintext
   288  07A6                     __pmaintext:
   289                           
   290 ;; *************** function _main *****************
   291 ;; Defined at:
   292 ;;		line 4 in file "F:\Basic Microcontroller\PIC16F877A\7SEGMENT\common anode\common anode.c"
   293 ;; Parameters:    Size  Location     Type
   294 ;;		None
   295 ;; Auto vars:     Size  Location     Type
   296 ;;  array          20    0[BANK0 ] int [10]
   297 ;;  i               2   20[BANK0 ] int 
   298 ;; Return value:  Size  Location     Type
   299 ;;		None               void
   300 ;; Registers used:
   301 ;;		wreg, fsr0l, fsr0h, status,2, status,0, btemp+1, pclath, cstack
   302 ;; Tracked objects:
   303 ;;		On entry : 17F/0
   304 ;;		On exit  : 0/0
   305 ;;		Unchanged: 0/0
   306 ;; Data sizes:     COMMON   BANK0   BANK1   BANK3   BANK2
   307 ;;      Params:         0       0       0       0       0
   308 ;;      Locals:         0      22       0       0       0
   309 ;;      Temps:          4       0       0       0       0
   310 ;;      Totals:         4      22       0       0       0
   311 ;;Total ram usage:       26 bytes
   312 ;; Hardware stack levels required when called:    1
   313 ;; This function calls:
   314 ;;		_delay
   315 ;; This function is called by:
   316 ;;		Startup code after reset
   317 ;; This function uses a non-reentrant model
   318 ;;
   319                           psect	maintext
   320                           	file	"F:\Basic Microcontroller\PIC16F877A\7SEGMENT\common anode\common anode.c"
   321                           	line	4
   322                           	global	__size_of_main
   323  005A                     	__size_of_main	equ	__end_of_main-_main
   324                           	
   325  07A6                     _main:	
   326                           	opt	stack 7
   327                           ; Regs used in _main: [wreg-fsr0h+status,2+status,0+btemp+1+pclath+cstack]
   328                           	line	5
   329                           	
   330  07A6                     l2653:	
   331                           ;common anode.c: 5: TRISD=0X00;
   332  07A6  1683               	bsf	status, 5	;RP0=1, select bank1
   333  07A7  1303               	bcf	status, 6	;RP1=0, select bank1
   334  07A8  0188               	clrf	(136)^080h	;volatile
   335                           	line	7
   336                           	
   337  07A9                     l2655:	
   338                           ;common anode.c: 6: int i;
   339                           ;common anode.c: 7: int array[]={0x40,0xf9,0x24,0x30,0x19,0x12,0x03,0xf8,0x00,0x10};
   340  07A9  3020               	movlw	(main@array)&0ffh
   341  07AA  0084               	movwf	fsr0
   342  07AB  3036               	movlw	low(main@F1095)
   343  07AC  00F7               	movwf	(??_main+0)+0
   344  07AD  0804               	movf	fsr0,w
   345  07AE  00F8               	movwf	((??_main+0)+0+1)
   346  07AF  3014               	movlw	20
   347  07B0  00F9               	movwf	((??_main+0)+0+2)
   348  07B1                     u2310:
   349  07B1  0877               	movf	(??_main+0)+0,w
   350  07B2  0084               	movwf	fsr0
   351  07B3  1383               	bcf	status, 7	;select IRP bank0
   352                           	
   353  07B4  0800               	movf	indf,w
   354  07B5  00FA               	movwf	((??_main+0)+0+3)
   355  07B6  0AF7               	incf	(??_main+0)+0,f
   356  07B7  0878               	movf	((??_main+0)+0+1),w
   357  07B8  0084               	movwf	fsr0
   358                           	
   359  07B9  087A               	movf	((??_main+0)+0+3),w
   360  07BA  0080               	movwf	indf
   361  07BB  0AF8               	incf	((??_main+0)+0+1),f
   362  07BC  0BF9               	decfsz	((??_main+0)+0+2),f
   363  07BD  2FB1               	goto	u2310
   364  07BE  2FBF               	goto	l2657
   365                           	line	8
   366                           ;common anode.c: 8: while(1)
   367                           	
   368  07BF                     l689:	
   369                           	line	10
   370                           	
   371  07BF                     l2657:	
   372                           ;common anode.c: 9: {
   373                           ;common anode.c: 10: for(i=0;i<10;i++)
   374  07BF  1283               	bcf	status, 5	;RP0=0, select bank0
   375  07C0  1303               	bcf	status, 6	;RP1=0, select bank0
   376  07C1  01B4               	clrf	(main@i)
   377  07C2  01B5               	clrf	(main@i+1)
   378                           	
   379  07C3                     l2659:	
   380  07C3  0835               	movf	(main@i+1),w
   381  07C4  3A80               	xorlw	80h
   382  07C5  00FF               	movwf	btemp+1
   383  07C6  3080               	movlw	(high(0Ah))^80h
   384  07C7  027F               	subwf	btemp+1,w
   385  07C8  1D03               	skipz
   386  07C9  2FCC               	goto	u2325
   387  07CA  300A               	movlw	low(0Ah)
   388  07CB  0234               	subwf	(main@i),w
   389  07CC                     u2325:
   390                           
   391  07CC  1C03               	skipc
   392  07CD  2FCF               	goto	u2321
   393  07CE  2FD0               	goto	u2320
   394  07CF                     u2321:
   395  07CF  2FD2               	goto	l2663
   396  07D0                     u2320:
   397  07D0  2FBF               	goto	l2657
   398                           	
   399  07D1                     l2661:	
   400  07D1  2FBF               	goto	l2657
   401                           	line	11
   402                           	
   403  07D2                     l690:	
   404                           	line	12
   405                           	
   406  07D2                     l2663:	
   407                           ;common anode.c: 11: {
   408                           ;common anode.c: 12: PORTD=array[i];
   409  07D2  1283               	bcf	status, 5	;RP0=0, select bank0
   410  07D3  1303               	bcf	status, 6	;RP1=0, select bank0
   411  07D4  0834               	movf	(main@i),w
   412  07D5  00F7               	movwf	(??_main+0)+0
   413  07D6  0777               	addwf	(??_main+0)+0,w
   414  07D7  3E20               	addlw	main@array&0ffh
   415  07D8  0084               	movwf	fsr0
   416  07D9  1383               	bcf	status, 7	;select IRP bank0
   417  07DA  0800               	movf	indf,w
   418  07DB  0088               	movwf	(8)	;volatile
   419                           	line	13
   420                           	
   421  07DC                     l2665:	
   422                           ;common anode.c: 13: delay(100);
   423  07DC  3064               	movlw	low(064h)
   424  07DD  00F0               	movwf	(?_delay)
   425  07DE  3000               	movlw	high(064h)
   426  07DF  00F1               	movwf	((?_delay))+1
   427  07E0  120A  118A  2768   	fcall	_delay
              120A  118A         
   428                           	line	10
   429                           	
   430  07E5                     l2667:	
   431  07E5  3001               	movlw	low(01h)
   432  07E6  1283               	bcf	status, 5	;RP0=0, select bank0
   433  07E7  1303               	bcf	status, 6	;RP1=0, select bank0
   434  07E8  07B4               	addwf	(main@i),f
   435  07E9  1803               	skipnc
   436  07EA  0AB5               	incf	(main@i+1),f
   437  07EB  3000               	movlw	high(01h)
   438  07EC  07B5               	addwf	(main@i+1),f
   439                           	
   440  07ED                     l2669:	
   441  07ED  0835               	movf	(main@i+1),w
   442  07EE  3A80               	xorlw	80h
   443  07EF  00FF               	movwf	btemp+1
   444  07F0  3080               	movlw	(high(0Ah))^80h
   445  07F1  027F               	subwf	btemp+1,w
   446  07F2  1D03               	skipz
   447  07F3  2FF6               	goto	u2335
   448  07F4  300A               	movlw	low(0Ah)
   449  07F5  0234               	subwf	(main@i),w
   450  07F6                     u2335:
   451                           
   452  07F6  1C03               	skipc
   453  07F7  2FF9               	goto	u2331
   454  07F8  2FFA               	goto	u2330
   455  07F9                     u2331:
   456  07F9  2FD2               	goto	l2663
   457  07FA                     u2330:
   458  07FA  2FBF               	goto	l2657
   459                           	
   460  07FB                     l691:	
   461  07FB  2FBF               	goto	l2657
   462                           	line	15
   463                           	
   464  07FC                     l692:	
   465                           	line	8
   466  07FC  2FBF               	goto	l2657
   467                           	
   468  07FD                     l693:	
   469                           	line	16
   470                           	
   471  07FD                     l694:	
   472                           	global	start
   473  07FD  120A  118A  2800   	ljmp	start
   474                           	opt stack 0
   475                           GLOBAL	__end_of_main
   476  0800                     	__end_of_main:
   477 ;; =============== function _main ends ============
   478                           
   479                           	signat	_main,88
   480                           	global	_delay
   481                           psect	text89,local,class=CODE,delta=2
   482                           global __ptext89
   483  0768                     __ptext89:
   484                           
   485 ;; *************** function _delay *****************
   486 ;; Defined at:
   487 ;;		line 18 in file "F:\Basic Microcontroller\PIC16F877A\7SEGMENT\common anode\common anode.c"
   488 ;; Parameters:    Size  Location     Type
   489 ;;  a               2    0[COMMON] int 
   490 ;; Auto vars:     Size  Location     Type
   491 ;;  j               2    5[COMMON] int 
   492 ;;  i               2    3[COMMON] int 
   493 ;; Return value:  Size  Location     Type
   494 ;;		None               void
   495 ;; Registers used:
   496 ;;		wreg, status,2, btemp+1
   497 ;; Tracked objects:
   498 ;;		On entry : 0/0
   499 ;;		On exit  : 0/0
   500 ;;		Unchanged: 0/0
   501 ;; Data sizes:     COMMON   BANK0   BANK1   BANK3   BANK2
   502 ;;      Params:         2       0       0       0       0
   503 ;;      Locals:         4       0       0       0       0
   504 ;;      Temps:          1       0       0       0       0
   505 ;;      Totals:         7       0       0       0       0
   506 ;;Total ram usage:        7 bytes
   507 ;; Hardware stack levels used:    1
   508 ;; This function calls:
   509 ;;		Nothing
   510 ;; This function is called by:
   511 ;;		_main
   512 ;; This function uses a non-reentrant model
   513 ;;
   514                           psect	text89
   515                           	file	"F:\Basic Microcontroller\PIC16F877A\7SEGMENT\common anode\common anode.c"
   516                           	line	18
   517                           	global	__size_of_delay
   518  003E                     	__size_of_delay	equ	__end_of_delay-_delay
   519                           	
   520  0768                     _delay:	
   521                           	opt	stack 7
   522                           ; Regs used in _delay: [wreg+status,2+btemp+1]
   523                           	line	20
   524                           	
   525  0768                     l2639:	
   526                           ;common anode.c: 19: int i,j;
   527                           ;common anode.c: 20: for(i=0;i<a;i++)
   528  0768  01F3               	clrf	(delay@i)
   529  0769  01F4               	clrf	(delay@i+1)
   530  076A  2F96               	goto	l697
   531                           	line	21
   532                           	
   533  076B                     l698:	
   534                           	line	22
   535                           	
   536  076B                     l2641:	
   537                           ;common anode.c: 21: {
   538                           ;common anode.c: 22: for(j=0;j<1000;j++)
   539  076B  01F5               	clrf	(delay@j)
   540  076C  01F6               	clrf	(delay@j+1)
   541                           	
   542  076D                     l2643:	
   543  076D  0876               	movf	(delay@j+1),w
   544  076E  3A80               	xorlw	80h
   545  076F  00FF               	movwf	btemp+1
   546  0770  3083               	movlw	(high(03E8h))^80h
   547  0771  027F               	subwf	btemp+1,w
   548  0772  1D03               	skipz
   549  0773  2F76               	goto	u2285
   550  0774  30E8               	movlw	low(03E8h)
   551  0775  0275               	subwf	(delay@j),w
   552  0776                     u2285:
   553                           
   554  0776  1C03               	skipc
   555  0777  2F79               	goto	u2281
   556  0778  2F7A               	goto	u2280
   557  0779                     u2281:
   558  0779  2F7C               	goto	l2647
   559  077A                     u2280:
   560  077A  2F90               	goto	l2651
   561                           	
   562  077B                     l2645:	
   563  077B  2F90               	goto	l2651
   564                           	line	23
   565                           	
   566  077C                     l699:	
   567                           	line	22
   568                           	
   569  077C                     l2647:	
   570                           ;common anode.c: 23: {
   571  077C  3001               	movlw	low(01h)
   572  077D  07F5               	addwf	(delay@j),f
   573  077E  1803               	skipnc
   574  077F  0AF6               	incf	(delay@j+1),f
   575  0780  3000               	movlw	high(01h)
   576  0781  07F6               	addwf	(delay@j+1),f
   577                           	
   578  0782                     l2649:	
   579  0782  0876               	movf	(delay@j+1),w
   580  0783  3A80               	xorlw	80h
   581  0784  00FF               	movwf	btemp+1
   582  0785  3083               	movlw	(high(03E8h))^80h
   583  0786  027F               	subwf	btemp+1,w
   584  0787  1D03               	skipz
   585  0788  2F8B               	goto	u2295
   586  0789  30E8               	movlw	low(03E8h)
   587  078A  0275               	subwf	(delay@j),w
   588  078B                     u2295:
   589                           
   590  078B  1C03               	skipc
   591  078C  2F8E               	goto	u2291
   592  078D  2F8F               	goto	u2290
   593  078E                     u2291:
   594  078E  2F7C               	goto	l2647
   595  078F                     u2290:
   596  078F  2F90               	goto	l2651
   597                           	
   598  0790                     l700:	
   599                           	line	20
   600                           	
   601  0790                     l2651:	
   602  0790  3001               	movlw	low(01h)
   603  0791  07F3               	addwf	(delay@i),f
   604  0792  1803               	skipnc
   605  0793  0AF4               	incf	(delay@i+1),f
   606  0794  3000               	movlw	high(01h)
   607  0795  07F4               	addwf	(delay@i+1),f
   608                           	
   609  0796                     l697:	
   610  0796  0874               	movf	(delay@i+1),w
   611  0797  3A80               	xorlw	80h
   612  0798  00F2               	movwf	(??_delay+0)+0
   613  0799  0871               	movf	(delay@a+1),w
   614  079A  3A80               	xorlw	80h
   615  079B  0272               	subwf	(??_delay+0)+0,w
   616  079C  1D03               	skipz
   617  079D  2FA0               	goto	u2305
   618  079E  0870               	movf	(delay@a),w
   619  079F  0273               	subwf	(delay@i),w
   620  07A0                     u2305:
   621                           
   622  07A0  1C03               	skipc
   623  07A1  2FA3               	goto	u2301
   624  07A2  2FA4               	goto	u2300
   625  07A3                     u2301:
   626  07A3  2F6B               	goto	l2641
   627  07A4                     u2300:
   628  07A4  2FA5               	goto	l702
   629                           	
   630  07A5                     l701:	
   631                           	line	27
   632                           	
   633  07A5                     l702:	
   634  07A5  0008               	return
   635                           	opt stack 0
   636                           GLOBAL	__end_of_delay
   637  07A6                     	__end_of_delay:
   638 ;; =============== function _delay ends ============
   639                           
   640                           	signat	_delay,4216
   641                           psect	text90,local,class=CODE,delta=2
   642                           global __ptext90
   643  0000                     __ptext90:
   644                           	global	btemp
   645  007E                     	btemp set 07Eh
   646                           
   647                           	DABS	1,126,2	;btemp
   648                           	global	wtemp0
   649  007E                     	wtemp0 set btemp


HI-TECH Software PICC Macro Assembler V9.82 build 9453 
Symbol Table                                                                                   Mon Dec 09 19:42:54 2019

                   pc 0002                    _RD 0C60                    _WR 0C61                    fsr 0004  
                 l700 0790                   l701 07A5                   l702 07A5                   l690 07D2  
                 l691 07FB                   l692 07FC                   l693 07FD                   l694 07FD  
                 l697 0796                   l689 07BF                   l698 076B                   l699 077C  
                 _GIE 005F                   fsr0 0004                   indf 0000                  l2641 076B  
                l2651 0790                  l2643 076D                  l2645 077B                  l2661 07D1  
                l2653 07A6                  l2647 077C                  l2639 0768                  l2663 07D2  
                l2655 07A9                  l2649 0782                  l2665 07DC                  l2657 07BF  
                l2667 07E5                  l2659 07C3                  l2669 07ED                  u2300 07A4  
                u2301 07A3                  u2310 07B1                  u2320 07D0                  u2305 07A0  
                u2321 07CF                  u2330 07FA                  u2331 07F9                  u2325 07CC  
                u2335 07F6                  u2280 077A                  u2281 0779                  u2290 078F  
                u2291 078E                  u2285 0776                  u2295 078B                  _WREN 0C62  
                _main 07A6                  btemp 007E                  start 0000                 ?_main 0070  
               _EEADR 010D                 _CARRY 0018                 _PORTD 0008                 _TRISD 0088  
               _delay 0768                 main@i 0034                 pclath 000A                 status 0003  
               wtemp0 007E          __end_of_main 0800                ??_main 0077                ?_delay 0070  
              _EEDATA 010C                _EECON1 018C                _EECON2 018D                delay@a 0070  
              delay@i 0073                delay@j 0075        __pcstackCOMMON 0070          __pidataBANK0 0754  
       __end_of_delay 07A6               ??_delay 0072            __pmaintext 07A6  end_of_initialization 073D  
             init_ram 0745   start_initialization 072F           __pdataBANK0 0036         __pcstackBANK0 0020  
      __size_of_delay 003E             main@F1095 0036             main@array 0020             init_fetch 0741  
            __ptext90 0000              __ptext89 0768         __size_of_main 005A  
