

HI-TECH Software PIC LITE Macro Assembler V9.82 build 9453 
                                                                                               Sun Aug 18 10:16:40 2019

HI-TECH Software Omniscient Code Generator (Lite mode) build 9453
     1  0000                     opt subtitle "HI-TECH Software Omniscient Code Generator (Lite mode) build 9453"
     2                           
     3                           opt pagewidth 120
     4                           
     5                           	opt lm
     6                           
     7                           	processor	16F877A
     8                           clrc	macro
     9                           	bcf	3,0
    10  0000                     	endm
    11                           clrz	macro
    12                           	bcf	3,2
    13  0000                     	endm
    14                           setc	macro
    15                           	bsf	3,0
    16  0000                     	endm
    17                           setz	macro
    18                           	bsf	3,2
    19  0000                     	endm
    20                           skipc	macro
    21                           	btfss	3,0
    22  0000                     	endm
    23                           skipz	macro
    24                           	btfss	3,2
    25  0000                     	endm
    26                           skipnc	macro
    27                           	btfsc	3,0
    28  0000                     	endm
    29                           skipnz	macro
    30                           	btfsc	3,2
    31  0000                     	endm
    32  0000                     indf	equ	0
    33  0000                     indf0	equ	0
    34  0002                     pc	equ	2
    35  0002                     pcl	equ	2
    36  0003                     status	equ	3
    37  0004                     fsr	equ	4
    38  0004                     fsr0	equ	4
    39  0001                     c	equ	1
    40  0000                     z	equ	0
    41  000A                     pclath	equ	10
    42                           	FNCALL	_main,_lcd_int
    43                           	FNCALL	_main,_show
    44                           	FNCALL	_main,_cmd
    45                           	FNCALL	_main,_adc
    46                           	FNCALL	_adc,___lwdiv
    47                           	FNCALL	_adc,_dat
    48                           	FNCALL	_adc,___lwmod
    49                           	FNCALL	_show,_dat
    50                           	FNCALL	_lcd_int,_cmd
    51                           	FNCALL	_dat,_delay
    52                           	FNCALL	_cmd,_delay
    53                           	FNROOT	_main
    54                           	global	_ADCON0
    55                           psect	text206,local,class=CODE,delta=2
    56                           global __ptext206
    57  0000                     __ptext206:
    58  001F                     _ADCON0	set	31
    59                           	global	_ADRESH
    60  001E                     _ADRESH	set	30
    61                           	global	_PORTD
    62  0008                     _PORTD	set	8
    63                           	global	_CARRY
    64  0018                     _CARRY	set	24
    65                           	global	_GIE
    66  005F                     _GIE	set	95
    67                           	global	_GO_nDONE
    68  00FA                     _GO_nDONE	set	250
    69                           	global	_RC4
    70  003C                     _RC4	set	60
    71                           	global	_RC5
    72  003D                     _RC5	set	61
    73                           	global	_RC6
    74  003E                     _RC6	set	62
    75                           	global	_ADCON1
    76  009F                     _ADCON1	set	159
    77                           	global	_ADRESL
    78  009E                     _ADRESL	set	158
    79                           	global	_TRISC
    80  0087                     _TRISC	set	135
    81                           	global	_TRISD
    82  0088                     _TRISD	set	136
    83                           	global	_TRISA0
    84  0428                     _TRISA0	set	1064
    85                           	global	_EEADR
    86  010D                     _EEADR	set	269
    87                           	global	_EEDATA
    88  010C                     _EEDATA	set	268
    89                           	global	_EECON1
    90  018C                     _EECON1	set	396
    91                           	global	_EECON2
    92  018D                     _EECON2	set	397
    93                           	global	_RD
    94  0C60                     _RD	set	3168
    95                           	global	_WR
    96  0C61                     _WR	set	3169
    97                           	global	_WREN
    98  0C62                     _WREN	set	3170
    99                           psect	strings,class=STRING,delta=2
   100                           global __pstrings
   101  0003                     __pstrings:
   102                           ;	global	stringdir,stringtab,__stringbase
   103  0003                     stringtab:
   104                           ;	String table - string pointers are 1 byte each
   105  0003                     stringcode:stringdir:
      + 0003                     stringdir:	
   106  0003  3000               movlw high(stringdir)
   107  0004  008A               movwf pclath
   108  0005  0804               movf fsr,w
   109  0006  0A84               incf fsr
   110  0007  0782               	addwf pc
   111  0008                     __stringbase:
   112  0008  3400               	retlw	0
   113                           psect	strings
   114                           	
   115  0009                     STR_1:	
   116  0009  3441               	retlw	65	;'A'
   117  000A  3444               	retlw	68	;'D'
   118  000B  3443               	retlw	67	;'C'
   119  000C  3420               	retlw	32	;' '
   120  000D  3456               	retlw	86	;'V'
   121  000E  3461               	retlw	97	;'a'
   122  000F  346C               	retlw	108	;'l'
   123  0010  3475               	retlw	117	;'u'
   124  0011  3465               	retlw	101	;'e'
   125  0012  3420               	retlw	32	;' '
   126  0013  343A               	retlw	58	;':'
   127  0014  3400               	retlw	0
   128                           psect	strings
   129                           	file	"adc.as"
   130                           	line	#
   131                           psect cinit,class=CODE,delta=2
   132                           global start_initialization
   133  0613                     start_initialization:
   134                           
   135                           psect cinit,class=CODE,delta=2
   136                           global end_of_initialization
   137                           
   138                           ;End of C runtime variable initialization code
   139                           
   140  0613                     end_of_initialization:
   141  0613  0183               clrf status
   142  0614  120A  118A  2E7B   ljmp _main	;jump to C main() function
   143                           psect	cstackCOMMON,class=COMMON,space=1
   144                           global __pcstackCOMMON
   145  0070                     __pcstackCOMMON:
   146                           	global	?_lcd_int
   147  0070                     ?_lcd_int:	; 0 bytes @ 0x0
   148                           	global	?_show
   149  0070                     ?_show:	; 0 bytes @ 0x0
   150                           	global	?_cmd
   151  0070                     ?_cmd:	; 0 bytes @ 0x0
   152                           	global	?_adc
   153  0070                     ?_adc:	; 0 bytes @ 0x0
   154                           	global	?_delay
   155  0070                     ?_delay:	; 0 bytes @ 0x0
   156                           	global	?_main
   157  0070                     ?_main:	; 0 bytes @ 0x0
   158                           	global	?_dat
   159  0070                     ?_dat:	; 0 bytes @ 0x0
   160                           	global	?___lwdiv
   161  0070                     ?___lwdiv:	; 2 bytes @ 0x0
   162                           	global	delay@L
   163  0070                     delay@L:	; 2 bytes @ 0x0
   164                           	global	___lwdiv@divisor
   165  0070                     ___lwdiv@divisor:	; 2 bytes @ 0x0
   166  0070                     	ds	2
   167                           	global	??_delay
   168  0072                     ??_delay:	; 0 bytes @ 0x2
   169                           	global	___lwdiv@dividend
   170  0072                     ___lwdiv@dividend:	; 2 bytes @ 0x2
   171  0072                     	ds	1
   172                           	global	delay@i
   173  0073                     delay@i:	; 2 bytes @ 0x3
   174  0073                     	ds	1
   175                           	global	??___lwdiv
   176  0074                     ??___lwdiv:	; 0 bytes @ 0x4
   177  0074                     	ds	1
   178                           	global	delay@j
   179  0075                     delay@j:	; 2 bytes @ 0x5
   180                           	global	___lwdiv@quotient
   181  0075                     ___lwdiv@quotient:	; 2 bytes @ 0x5
   182  0075                     	ds	2
   183                           	global	??_cmd
   184  0077                     ??_cmd:	; 0 bytes @ 0x7
   185                           	global	??_dat
   186  0077                     ??_dat:	; 0 bytes @ 0x7
   187                           	global	cmd@a
   188  0077                     cmd@a:	; 1 bytes @ 0x7
   189                           	global	dat@b
   190  0077                     dat@b:	; 1 bytes @ 0x7
   191                           	global	___lwdiv@counter
   192  0077                     ___lwdiv@counter:	; 1 bytes @ 0x7
   193  0077                     	ds	1
   194                           	global	??_lcd_int
   195  0078                     ??_lcd_int:	; 0 bytes @ 0x8
   196                           	global	??_show
   197  0078                     ??_show:	; 0 bytes @ 0x8
   198                           	global	?___lwmod
   199  0078                     ?___lwmod:	; 2 bytes @ 0x8
   200                           	global	___lwmod@divisor
   201  0078                     ___lwmod@divisor:	; 2 bytes @ 0x8
   202  0078                     	ds	1
   203                           	global	show@s
   204  0079                     show@s:	; 1 bytes @ 0x9
   205  0079                     	ds	1
   206                           	global	___lwmod@dividend
   207  007A                     ___lwmod@dividend:	; 2 bytes @ 0xA
   208  007A                     	ds	2
   209                           	global	??___lwmod
   210  007C                     ??___lwmod:	; 0 bytes @ 0xC
   211  007C                     	ds	1
   212                           	global	___lwmod@counter
   213  007D                     ___lwmod@counter:	; 1 bytes @ 0xD
   214  007D                     	ds	1
   215                           	global	??_adc
   216  007E                     ??_adc:	; 0 bytes @ 0xE
   217                           	global	??_main
   218  007E                     ??_main:	; 0 bytes @ 0xE
   219                           psect	cstackBANK0,class=BANK0,space=1
   220                           global __pcstackBANK0
   221  0020                     __pcstackBANK0:
   222                           	global	adc@adcval
   223  0020                     adc@adcval:	; 2 bytes @ 0x0
   224  0020                     	ds	2
   225 ;;Data sizes: Strings 12, constant 0, data 0, bss 0, persistent 0 stack 0
   226 ;;Auto spaces:   Size  Autos    Used
   227 ;; COMMON          14     14      14
   228 ;; BANK0           80      2       2
   229 ;; BANK1           80      0       0
   230 ;; BANK3           96      0       0
   231 ;; BANK2           96      0       0
   232                           
   233 ;;
   234 ;; Pointer list with targets:
   235                           
   236 ;; ?___lwmod	unsigned int  size(1) Largest target is 0
   237 ;;
   238 ;; ?___lwdiv	unsigned int  size(1) Largest target is 0
   239 ;;
   240 ;; show@s	PTR unsigned char  size(1) Largest target is 12
   241 ;;		 -> STR_1(CODE[12]), 
   242 ;;
   243                           
   244                           
   245 ;;
   246 ;; Critical Paths under _main in COMMON
   247 ;;
   248 ;;   _adc->___lwmod
   249 ;;   _show->_dat
   250 ;;   _lcd_int->_cmd
   251 ;;   _dat->_delay
   252 ;;   _cmd->_delay
   253 ;;   ___lwmod->___lwdiv
   254 ;;
   255 ;; Critical Paths under _main in BANK0
   256 ;;
   257 ;;   _main->_adc
   258 ;;
   259 ;; Critical Paths under _main in BANK1
   260 ;;
   261 ;;   None.
   262 ;;
   263 ;; Critical Paths under _main in BANK3
   264 ;;
   265 ;;   None.
   266 ;;
   267 ;; Critical Paths under _main in BANK2
   268 ;;
   269 ;;   None.
   270                           
   271 ;;
   272 ;;Main: autosize = 0, tempsize = 0, incstack = 0, save=0
   273 ;;
   274                           
   275 ;;
   276 ;;Call Graph Tables:
   277 ;;
   278 ;; ---------------------------------------------------------------------------------
   279 ;; (Depth) Function   	        Calls       Base Space   Used Autos Params    Refs
   280 ;; ---------------------------------------------------------------------------------
   281 ;; (0) _main                                                 0     0      0     911
   282 ;;                            _lcd_int
   283 ;;                               _show
   284 ;;                                _cmd
   285 ;;                                _adc
   286 ;; ---------------------------------------------------------------------------------
   287 ;; (1) _adc                                                  2     2      0     524
   288 ;;                                              0 BANK0      2     2      0
   289 ;;                            ___lwdiv
   290 ;;                                _dat
   291 ;;                            ___lwmod
   292 ;; ---------------------------------------------------------------------------------
   293 ;; (1) _show                                                 2     2      0     159
   294 ;;                                              8 COMMON     2     2      0
   295 ;;                                _dat
   296 ;; ---------------------------------------------------------------------------------
   297 ;; (1) _lcd_int                                              0     0      0     114
   298 ;;                                _cmd
   299 ;; ---------------------------------------------------------------------------------
   300 ;; (2) _dat                                                  1     1      0     114
   301 ;;                                              7 COMMON     1     1      0
   302 ;;                              _delay
   303 ;; ---------------------------------------------------------------------------------
   304 ;; (1) _cmd                                                  1     1      0     114
   305 ;;                                              7 COMMON     1     1      0
   306 ;;                              _delay
   307 ;; ---------------------------------------------------------------------------------
   308 ;; (2) ___lwmod                                              6     2      4     159
   309 ;;                                              8 COMMON     6     2      4
   310 ;;                            ___lwdiv (ARG)
   311 ;; ---------------------------------------------------------------------------------
   312 ;; (2) ___lwdiv                                              8     4      4     162
   313 ;;                                              0 COMMON     8     4      4
   314 ;; ---------------------------------------------------------------------------------
   315 ;; (3) _delay                                                7     5      2      92
   316 ;;                                              0 COMMON     7     5      2
   317 ;; ---------------------------------------------------------------------------------
   318 ;; Estimated maximum stack depth 3
   319 ;; ---------------------------------------------------------------------------------
   320                           
   321 ;; Call Graph Graphs:
   322                           
   323 ;; _main (ROOT)
   324 ;;   _lcd_int
   325 ;;     _cmd
   326 ;;       _delay
   327 ;;   _show
   328 ;;     _dat
   329 ;;       _delay
   330 ;;   _cmd
   331 ;;     _delay
   332 ;;   _adc
   333 ;;     ___lwdiv
   334 ;;     _dat
   335 ;;       _delay
   336 ;;     ___lwmod
   337 ;;       ___lwdiv (ARG)
   338 ;;
   339                           
   340 ;; Address spaces:
   341                           
   342 ;;Name               Size   Autos  Total    Cost      Usage
   343 ;;BITCOMMON            E      0       0       0        0.0%
   344 ;;EEDATA             100      0       0       0        0.0%
   345 ;;NULL                 0      0       0       0        0.0%
   346 ;;CODE                 0      0       0       0        0.0%
   347 ;;COMMON               E      E       E       1      100.0%
   348 ;;BITSFR0              0      0       0       1        0.0%
   349 ;;SFR0                 0      0       0       1        0.0%
   350 ;;BITSFR1              0      0       0       2        0.0%
   351 ;;SFR1                 0      0       0       2        0.0%
   352 ;;STACK                0      0       3       2        0.0%
   353 ;;ABS                  0      0       0       3        0.0%
   354 ;;BITBANK0            50      0       0       4        0.0%
   355 ;;BITSFR3              0      0       0       4        0.0%
   356 ;;SFR3                 0      0       0       4        0.0%
   357 ;;BANK0               50      2       2       5        2.5%
   358 ;;BITSFR2              0      0       0       5        0.0%
   359 ;;SFR2                 0      0       0       5        0.0%
   360 ;;BITBANK1            50      0       0       6        0.0%
   361 ;;BANK1               50      0       0       7        0.0%
   362 ;;BITBANK3            60      0       0       8        0.0%
   363 ;;BANK3               60      0       0       9        0.0%
   364 ;;BITBANK2            60      0       0      10        0.0%
   365 ;;BANK2               60      0       0      11        0.0%
   366 ;;DATA                 0      0       0      12        0.0%
   367                           
   368                           	global	_main
   369                           psect	maintext,global,class=CODE,delta=2
   370                           global __pmaintext
   371  067B                     __pmaintext:
   372                           
   373 ;; *************** function _main *****************
   374 ;; Defined at:
   375 ;;		line 12 in file "C:\Users\ELCOT\Desktop\pic adc\adc.c"
   376 ;; Parameters:    Size  Location     Type
   377 ;;		None
   378 ;; Auto vars:     Size  Location     Type
   379 ;;		None
   380 ;; Return value:  Size  Location     Type
   381 ;;		None               void
   382 ;; Registers used:
   383 ;;		wreg, fsr0l, fsr0h, status,2, status,0, btemp+1, pclath, cstack
   384 ;; Tracked objects:
   385 ;;		On entry : 17F/0
   386 ;;		On exit  : 0/0
   387 ;;		Unchanged: 0/0
   388 ;; Data sizes:     COMMON   BANK0   BANK1   BANK3   BANK2
   389 ;;      Params:         0       0       0       0       0
   390 ;;      Locals:         0       0       0       0       0
   391 ;;      Temps:          0       0       0       0       0
   392 ;;      Totals:         0       0       0       0       0
   393 ;;Total ram usage:        0 bytes
   394 ;; Hardware stack levels required when called:    3
   395 ;; This function calls:
   396 ;;		_lcd_int
   397 ;;		_show
   398 ;;		_cmd
   399 ;;		_adc
   400 ;; This function is called by:
   401 ;;		Startup code after reset
   402 ;; This function uses a non-reentrant model
   403 ;;
   404                           psect	maintext
   405                           	file	"C:\Users\ELCOT\Desktop\pic adc\adc.c"
   406                           	line	12
   407                           	global	__size_of_main
   408  0021                     	__size_of_main	equ	__end_of_main-_main
   409                           	
   410  067B                     _main:	
   411                           	opt	stack 5
   412                           ; Regs used in _main: [wreg-fsr0h+status,2+status,0+btemp+1+pclath+cstack]
   413                           	line	13
   414                           	
   415  067B                     l2916:	
   416                           ;adc.c: 13: TRISD=0;
   417  067B  1683               	bsf	status, 5	;RP0=1, select bank1
   418  067C  1303               	bcf	status, 6	;RP1=0, select bank1
   419  067D  0188               	clrf	(136)^080h	;volatile
   420                           	line	14
   421                           ;adc.c: 14: TRISC=0;
   422  067E  0187               	clrf	(135)^080h	;volatile
   423                           	line	15
   424                           	
   425  067F                     l2918:	
   426                           ;adc.c: 15: TRISA0=1;
   427  067F  1405               	bsf	(1064/8)^080h,(1064)&7
   428                           	line	16
   429                           	
   430  0680                     l2920:	
   431                           ;adc.c: 16: lcd_int();
   432  0680  120A  118A  2641   	fcall	_lcd_int
              120A  118A         
   433                           	line	17
   434                           	
   435  0685                     l2922:	
   436                           ;adc.c: 17: show("ADC Value :");
   437  0685  3001               	movlw	((STR_1-__stringbase))&0ffh
   438  0686  120A  118A  265A   	fcall	_show
              120A  118A         
   439  068B  2E8C               	goto	l2924
   440                           	line	18
   441                           ;adc.c: 18: while(1)
   442                           	
   443  068C                     l695:	
   444                           	line	20
   445                           	
   446  068C                     l2924:	
   447                           ;adc.c: 19: {
   448                           ;adc.c: 20: cmd(0xC0);
   449  068C  30C0               	movlw	(0C0h)
   450  068D  120A  118A  2617   	fcall	_cmd
              120A  118A         
   451                           	line	21
   452                           	
   453  0692                     l2926:	
   454                           ;adc.c: 21: adc();
   455  0692  120A  118A  276C   	fcall	_adc
              120A  118A         
   456  0697  2E8C               	goto	l2924
   457                           	line	22
   458                           	
   459  0698                     l696:	
   460                           	line	18
   461  0698  2E8C               	goto	l2924
   462                           	
   463  0699                     l697:	
   464                           	line	23
   465                           	
   466  0699                     l698:	
   467                           	global	start
   468  0699  120A  118A  2800   	ljmp	start
   469                           	opt stack 0
   470                           GLOBAL	__end_of_main
   471  069C                     	__end_of_main:
   472 ;; =============== function _main ends ============
   473                           
   474                           	signat	_main,88
   475                           	global	_adc
   476                           psect	text207,local,class=CODE,delta=2
   477                           global __ptext207
   478  076C                     __ptext207:
   479                           
   480 ;; *************** function _adc *****************
   481 ;; Defined at:
   482 ;;		line 60 in file "C:\Users\ELCOT\Desktop\pic adc\adc.c"
   483 ;; Parameters:    Size  Location     Type
   484 ;;		None
   485 ;; Auto vars:     Size  Location     Type
   486 ;;  adcval          2    0[BANK0 ] unsigned int 
   487 ;; Return value:  Size  Location     Type
   488 ;;		None               void
   489 ;; Registers used:
   490 ;;		wreg, status,2, status,0, btemp+1, pclath, cstack
   491 ;; Tracked objects:
   492 ;;		On entry : 0/0
   493 ;;		On exit  : 0/0
   494 ;;		Unchanged: 0/0
   495 ;; Data sizes:     COMMON   BANK0   BANK1   BANK3   BANK2
   496 ;;      Params:         0       0       0       0       0
   497 ;;      Locals:         0       2       0       0       0
   498 ;;      Temps:          0       0       0       0       0
   499 ;;      Totals:         0       2       0       0       0
   500 ;;Total ram usage:        2 bytes
   501 ;; Hardware stack levels used:    1
   502 ;; Hardware stack levels required when called:    2
   503 ;; This function calls:
   504 ;;		___lwdiv
   505 ;;		_dat
   506 ;;		___lwmod
   507 ;; This function is called by:
   508 ;;		_main
   509 ;; This function uses a non-reentrant model
   510 ;;
   511                           psect	text207
   512                           	file	"C:\Users\ELCOT\Desktop\pic adc\adc.c"
   513                           	line	60
   514                           	global	__size_of_adc
   515  0094                     	__size_of_adc	equ	__end_of_adc-_adc
   516                           	
   517  076C                     _adc:	
   518                           	opt	stack 5
   519                           ; Regs used in _adc: [wreg+status,2+status,0+btemp+1+pclath+cstack]
   520                           	line	62
   521                           	
   522  076C                     l2904:	
   523                           ;adc.c: 61: unsigned int adcval;
   524                           ;adc.c: 62: ADCON1=0x80;
   525  076C  3080               	movlw	(080h)
   526  076D  1683               	bsf	status, 5	;RP0=1, select bank1
   527  076E  1303               	bcf	status, 6	;RP1=0, select bank1
   528  076F  009F               	movwf	(159)^080h	;volatile
   529                           	line	63
   530                           ;adc.c: 63: ADCON0=0x45;
   531  0770  3045               	movlw	(045h)
   532  0771  1283               	bcf	status, 5	;RP0=0, select bank0
   533  0772  1303               	bcf	status, 6	;RP1=0, select bank0
   534  0773  009F               	movwf	(31)	;volatile
   535                           	line	64
   536                           ;adc.c: 64: while(GO_nDONE==1);
   537  0774  2F75               	goto	l716
   538                           	
   539  0775                     l717:	
   540                           	
   541  0775                     l716:	
   542  0775  191F               	btfsc	(250/8),(250)&7
   543  0776  2F78               	goto	u2441
   544  0777  2F79               	goto	u2440
   545  0778                     u2441:
   546  0778  2F75               	goto	l716
   547  0779                     u2440:
   548  0779  2F7A               	goto	l2906
   549                           	
   550  077A                     l718:	
   551                           	line	65
   552                           	
   553  077A                     l2906:	
   554                           ;adc.c: 65: adcval=ADRESH+ADRESL;
   555  077A  081E               	movf	(30),w	;volatile
   556  077B  1683               	bsf	status, 5	;RP0=1, select bank1
   557  077C  1303               	bcf	status, 6	;RP1=0, select bank1
   558  077D  071E               	addwf	(158)^080h,w	;volatile
   559  077E  1283               	bcf	status, 5	;RP0=0, select bank0
   560  077F  1303               	bcf	status, 6	;RP1=0, select bank0
   561  0780  00A0               	movwf	(adc@adcval)
   562  0781  01A1               	clrf	(adc@adcval)+1
   563  0782  0DA1               	rlf	1+(adc@adcval),f
   564                           	
   565                           	line	66
   566                           	
   567  0783                     l2908:	
   568                           ;adc.c: 66: dat((adcval/1000)+48);
   569  0783  30E8               	movlw	low(03E8h)
   570  0784  00F0               	movwf	(?___lwdiv)
   571  0785  3003               	movlw	high(03E8h)
   572  0786  00F1               	movwf	((?___lwdiv))+1
   573  0787  0821               	movf	(adc@adcval+1),w
   574  0788  01F3               	clrf	1+(?___lwdiv)+02h
   575  0789  07F3               	addwf	1+(?___lwdiv)+02h
   576  078A  0820               	movf	(adc@adcval),w
   577  078B  01F2               	clrf	0+(?___lwdiv)+02h
   578  078C  07F2               	addwf	0+(?___lwdiv)+02h
   579                           
   580  078D  120A  118A  271E   	fcall	___lwdiv
              120A  118A         
   581  0792  0870               	movf	(0+(?___lwdiv)),w
   582  0793  3E30               	addlw	030h
   583  0794  120A  118A  262C   	fcall	_dat
              120A  118A         
   584                           	line	67
   585                           	
   586  0799                     l2910:	
   587                           ;adc.c: 67: dat(((adcval/100)%10)+48);
   588  0799  300A               	movlw	low(0Ah)
   589  079A  00F8               	movwf	(?___lwmod)
   590  079B  3000               	movlw	high(0Ah)
   591  079C  00F9               	movwf	((?___lwmod))+1
   592  079D  3064               	movlw	low(064h)
   593  079E  00F0               	movwf	(?___lwdiv)
   594  079F  3000               	movlw	high(064h)
   595  07A0  00F1               	movwf	((?___lwdiv))+1
   596  07A1  1283               	bcf	status, 5	;RP0=0, select bank0
   597  07A2  1303               	bcf	status, 6	;RP1=0, select bank0
   598  07A3  0821               	movf	(adc@adcval+1),w
   599  07A4  01F3               	clrf	1+(?___lwdiv)+02h
   600  07A5  07F3               	addwf	1+(?___lwdiv)+02h
   601  07A6  0820               	movf	(adc@adcval),w
   602  07A7  01F2               	clrf	0+(?___lwdiv)+02h
   603  07A8  07F2               	addwf	0+(?___lwdiv)+02h
   604                           
   605  07A9  120A  118A  271E   	fcall	___lwdiv
              120A  118A         
   606  07AE  0871               	movf	(1+(?___lwdiv)),w
   607  07AF  01FB               	clrf	1+(?___lwmod)+02h
   608  07B0  07FB               	addwf	1+(?___lwmod)+02h
   609  07B1  0870               	movf	(0+(?___lwdiv)),w
   610  07B2  01FA               	clrf	0+(?___lwmod)+02h
   611  07B3  07FA               	addwf	0+(?___lwmod)+02h
   612                           
   613  07B4  120A  118A  26DA   	fcall	___lwmod
              120A  118A         
   614  07B9  0878               	movf	(0+(?___lwmod)),w
   615  07BA  3E30               	addlw	030h
   616  07BB  120A  118A  262C   	fcall	_dat
              120A  118A         
   617                           	line	68
   618                           	
   619  07C0                     l2912:	
   620                           ;adc.c: 68: dat(((adcval/10)%10)+48);
   621  07C0  300A               	movlw	low(0Ah)
   622  07C1  00F8               	movwf	(?___lwmod)
   623  07C2  3000               	movlw	high(0Ah)
   624  07C3  00F9               	movwf	((?___lwmod))+1
   625  07C4  300A               	movlw	low(0Ah)
   626  07C5  00F0               	movwf	(?___lwdiv)
   627  07C6  3000               	movlw	high(0Ah)
   628  07C7  00F1               	movwf	((?___lwdiv))+1
   629  07C8  1283               	bcf	status, 5	;RP0=0, select bank0
   630  07C9  1303               	bcf	status, 6	;RP1=0, select bank0
   631  07CA  0821               	movf	(adc@adcval+1),w
   632  07CB  01F3               	clrf	1+(?___lwdiv)+02h
   633  07CC  07F3               	addwf	1+(?___lwdiv)+02h
   634  07CD  0820               	movf	(adc@adcval),w
   635  07CE  01F2               	clrf	0+(?___lwdiv)+02h
   636  07CF  07F2               	addwf	0+(?___lwdiv)+02h
   637                           
   638  07D0  120A  118A  271E   	fcall	___lwdiv
              120A  118A         
   639  07D5  0871               	movf	(1+(?___lwdiv)),w
   640  07D6  01FB               	clrf	1+(?___lwmod)+02h
   641  07D7  07FB               	addwf	1+(?___lwmod)+02h
   642  07D8  0870               	movf	(0+(?___lwdiv)),w
   643  07D9  01FA               	clrf	0+(?___lwmod)+02h
   644  07DA  07FA               	addwf	0+(?___lwmod)+02h
   645                           
   646  07DB  120A  118A  26DA   	fcall	___lwmod
              120A  118A         
   647  07E0  0878               	movf	(0+(?___lwmod)),w
   648  07E1  3E30               	addlw	030h
   649  07E2  120A  118A  262C   	fcall	_dat
              120A  118A         
   650                           	line	69
   651                           	
   652  07E7                     l2914:	
   653                           ;adc.c: 69: dat((adcval%10)+48);
   654  07E7  300A               	movlw	low(0Ah)
   655  07E8  00F8               	movwf	(?___lwmod)
   656  07E9  3000               	movlw	high(0Ah)
   657  07EA  00F9               	movwf	((?___lwmod))+1
   658  07EB  1283               	bcf	status, 5	;RP0=0, select bank0
   659  07EC  1303               	bcf	status, 6	;RP1=0, select bank0
   660  07ED  0821               	movf	(adc@adcval+1),w
   661  07EE  01FB               	clrf	1+(?___lwmod)+02h
   662  07EF  07FB               	addwf	1+(?___lwmod)+02h
   663  07F0  0820               	movf	(adc@adcval),w
   664  07F1  01FA               	clrf	0+(?___lwmod)+02h
   665  07F2  07FA               	addwf	0+(?___lwmod)+02h
   666                           
   667  07F3  120A  118A  26DA   	fcall	___lwmod
              120A  118A         
   668  07F8  0878               	movf	(0+(?___lwmod)),w
   669  07F9  3E30               	addlw	030h
   670  07FA  120A  118A  262C   	fcall	_dat
              120A  118A         
   671                           	line	70
   672                           	
   673  07FF                     l719:	
   674  07FF  0008               	return
   675                           	opt stack 0
   676                           GLOBAL	__end_of_adc
   677  0800                     	__end_of_adc:
   678 ;; =============== function _adc ends ============
   679                           
   680                           	signat	_adc,88
   681                           	global	_show
   682                           psect	text208,local,class=CODE,delta=2
   683                           global __ptext208
   684  065A                     __ptext208:
   685                           
   686 ;; *************** function _show *****************
   687 ;; Defined at:
   688 ;;		line 53 in file "C:\Users\ELCOT\Desktop\pic adc\adc.c"
   689 ;; Parameters:    Size  Location     Type
   690 ;;  s               1    wreg     PTR unsigned char 
   691 ;;		 -> STR_1(12), 
   692 ;; Auto vars:     Size  Location     Type
   693 ;;  s               1    9[COMMON] PTR unsigned char 
   694 ;;		 -> STR_1(12), 
   695 ;; Return value:  Size  Location     Type
   696 ;;		None               void
   697 ;; Registers used:
   698 ;;		wreg, fsr0l, fsr0h, status,2, status,0, btemp+1, pclath, cstack
   699 ;; Tracked objects:
   700 ;;		On entry : 0/0
   701 ;;		On exit  : 0/0
   702 ;;		Unchanged: 0/0
   703 ;; Data sizes:     COMMON   BANK0   BANK1   BANK3   BANK2
   704 ;;      Params:         0       0       0       0       0
   705 ;;      Locals:         1       0       0       0       0
   706 ;;      Temps:          1       0       0       0       0
   707 ;;      Totals:         2       0       0       0       0
   708 ;;Total ram usage:        2 bytes
   709 ;; Hardware stack levels used:    1
   710 ;; Hardware stack levels required when called:    2
   711 ;; This function calls:
   712 ;;		_dat
   713 ;; This function is called by:
   714 ;;		_main
   715 ;; This function uses a non-reentrant model
   716 ;;
   717                           psect	text208
   718                           	file	"C:\Users\ELCOT\Desktop\pic adc\adc.c"
   719                           	line	53
   720                           	global	__size_of_show
   721  0021                     	__size_of_show	equ	__end_of_show-_show
   722                           	
   723  065A                     _show:	
   724                           	opt	stack 5
   725                           ; Regs used in _show: [wreg-fsr0h+status,2+status,0+btemp+1+pclath+cstack]
   726                           ;show@s stored from wreg
   727  065A  00F9               	movwf	(show@s)
   728                           	line	54
   729                           	
   730  065B                     l2896:	
   731                           ;adc.c: 54: while(*s) {
   732  065B  2E6D               	goto	l2902
   733                           	
   734  065C                     l711:	
   735                           	line	55
   736                           	
   737  065C                     l2898:	
   738                           ;adc.c: 55: dat(*s++);
   739  065C  0879               	movf	(show@s),w
   740  065D  0084               	movwf	fsr0
   741  065E  120A  118A  2003   	fcall	stringdir
              120A  118A         
   742  0663  120A  118A  262C   	fcall	_dat
              120A  118A         
   743                           	
   744  0668                     l2900:	
   745  0668  3001               	movlw	(01h)
   746  0669  00F8               	movwf	(??_show+0)+0
   747  066A  0878               	movf	(??_show+0)+0,w
   748  066B  07F9               	addwf	(show@s),f
   749  066C  2E6D               	goto	l2902
   750                           	line	56
   751                           	
   752  066D                     l710:	
   753                           	line	54
   754                           	
   755  066D                     l2902:	
   756  066D  0879               	movf	(show@s),w
   757  066E  0084               	movwf	fsr0
   758  066F  120A  118A  2003   	fcall	stringdir
              120A  118A         
   759  0674  3800               	iorlw	0
   760  0675  1D03               	skipz
   761  0676  2E78               	goto	u2431
   762  0677  2E79               	goto	u2430
   763  0678                     u2431:
   764  0678  2E5C               	goto	l2898
   765  0679                     u2430:
   766  0679  2E7A               	goto	l713
   767                           	
   768  067A                     l712:	
   769                           	line	57
   770                           	
   771  067A                     l713:	
   772  067A  0008               	return
   773                           	opt stack 0
   774                           GLOBAL	__end_of_show
   775  067B                     	__end_of_show:
   776 ;; =============== function _show ends ============
   777                           
   778                           	signat	_show,4216
   779                           	global	_lcd_int
   780                           psect	text209,local,class=CODE,delta=2
   781                           global __ptext209
   782  0641                     __ptext209:
   783                           
   784 ;; *************** function _lcd_int *****************
   785 ;; Defined at:
   786 ;;		line 25 in file "C:\Users\ELCOT\Desktop\pic adc\adc.c"
   787 ;; Parameters:    Size  Location     Type
   788 ;;		None
   789 ;; Auto vars:     Size  Location     Type
   790 ;;		None
   791 ;; Return value:  Size  Location     Type
   792 ;;		None               void
   793 ;; Registers used:
   794 ;;		wreg, status,2, status,0, btemp+1, pclath, cstack
   795 ;; Tracked objects:
   796 ;;		On entry : 0/0
   797 ;;		On exit  : 0/0
   798 ;;		Unchanged: 0/0
   799 ;; Data sizes:     COMMON   BANK0   BANK1   BANK3   BANK2
   800 ;;      Params:         0       0       0       0       0
   801 ;;      Locals:         0       0       0       0       0
   802 ;;      Temps:          0       0       0       0       0
   803 ;;      Totals:         0       0       0       0       0
   804 ;;Total ram usage:        0 bytes
   805 ;; Hardware stack levels used:    1
   806 ;; Hardware stack levels required when called:    2
   807 ;; This function calls:
   808 ;;		_cmd
   809 ;; This function is called by:
   810 ;;		_main
   811 ;; This function uses a non-reentrant model
   812 ;;
   813                           psect	text209
   814                           	file	"C:\Users\ELCOT\Desktop\pic adc\adc.c"
   815                           	line	25
   816                           	global	__size_of_lcd_int
   817  0019                     	__size_of_lcd_int	equ	__end_of_lcd_int-_lcd_int
   818                           	
   819  0641                     _lcd_int:	
   820                           	opt	stack 5
   821                           ; Regs used in _lcd_int: [wreg+status,2+status,0+btemp+1+pclath+cstack]
   822                           	line	26
   823                           	
   824  0641                     l2894:	
   825                           ;adc.c: 26: cmd(0x38);
   826  0641  3038               	movlw	(038h)
   827  0642  120A  118A  2617   	fcall	_cmd
              120A  118A         
   828                           	line	27
   829                           ;adc.c: 27: cmd(0x0c);
   830  0647  300C               	movlw	(0Ch)
   831  0648  120A  118A  2617   	fcall	_cmd
              120A  118A         
   832                           	line	28
   833                           ;adc.c: 28: cmd(0x06);
   834  064D  3006               	movlw	(06h)
   835  064E  120A  118A  2617   	fcall	_cmd
              120A  118A         
   836                           	line	29
   837                           ;adc.c: 29: cmd(0x80);
   838  0653  3080               	movlw	(080h)
   839  0654  120A  118A  2617   	fcall	_cmd
              120A  118A         
   840                           	line	30
   841                           	
   842  0659                     l701:	
   843  0659  0008               	return
   844                           	opt stack 0
   845                           GLOBAL	__end_of_lcd_int
   846  065A                     	__end_of_lcd_int:
   847 ;; =============== function _lcd_int ends ============
   848                           
   849                           	signat	_lcd_int,88
   850                           	global	_dat
   851                           psect	text210,local,class=CODE,delta=2
   852                           global __ptext210
   853  062C                     __ptext210:
   854                           
   855 ;; *************** function _dat *****************
   856 ;; Defined at:
   857 ;;		line 43 in file "C:\Users\ELCOT\Desktop\pic adc\adc.c"
   858 ;; Parameters:    Size  Location     Type
   859 ;;  b               1    wreg     unsigned char 
   860 ;; Auto vars:     Size  Location     Type
   861 ;;  b               1    7[COMMON] unsigned char 
   862 ;; Return value:  Size  Location     Type
   863 ;;		None               void
   864 ;; Registers used:
   865 ;;		wreg, status,2, status,0, btemp+1, pclath, cstack
   866 ;; Tracked objects:
   867 ;;		On entry : 0/0
   868 ;;		On exit  : 0/0
   869 ;;		Unchanged: 0/0
   870 ;; Data sizes:     COMMON   BANK0   BANK1   BANK3   BANK2
   871 ;;      Params:         0       0       0       0       0
   872 ;;      Locals:         1       0       0       0       0
   873 ;;      Temps:          0       0       0       0       0
   874 ;;      Totals:         1       0       0       0       0
   875 ;;Total ram usage:        1 bytes
   876 ;; Hardware stack levels used:    1
   877 ;; Hardware stack levels required when called:    1
   878 ;; This function calls:
   879 ;;		_delay
   880 ;; This function is called by:
   881 ;;		_show
   882 ;;		_adc
   883 ;; This function uses a non-reentrant model
   884 ;;
   885                           psect	text210
   886                           	file	"C:\Users\ELCOT\Desktop\pic adc\adc.c"
   887                           	line	43
   888                           	global	__size_of_dat
   889  0015                     	__size_of_dat	equ	__end_of_dat-_dat
   890                           	
   891  062C                     _dat:	
   892                           	opt	stack 5
   893                           ; Regs used in _dat: [wreg+status,2+status,0+btemp+1+pclath+cstack]
   894                           ;dat@b stored from wreg
   895  062C  00F7               	movwf	(dat@b)
   896                           	line	44
   897                           	
   898  062D                     l2882:	
   899                           ;adc.c: 44: PORTD=b;
   900  062D  0877               	movf	(dat@b),w
   901  062E  1283               	bcf	status, 5	;RP0=0, select bank0
   902  062F  1303               	bcf	status, 6	;RP1=0, select bank0
   903  0630  0088               	movwf	(8)	;volatile
   904                           	line	45
   905                           	
   906  0631                     l2884:	
   907                           ;adc.c: 45: RC4=1;
   908  0631  1607               	bsf	(60/8),(60)&7
   909                           	line	46
   910                           	
   911  0632                     l2886:	
   912                           ;adc.c: 46: RC5=0;
   913  0632  1287               	bcf	(61/8),(61)&7
   914                           	line	47
   915                           	
   916  0633                     l2888:	
   917                           ;adc.c: 47: RC6=1;
   918  0633  1707               	bsf	(62/8),(62)&7
   919                           	line	48
   920                           	
   921  0634                     l2890:	
   922                           ;adc.c: 48: delay(10);
   923  0634  300A               	movlw	low(0Ah)
   924  0635  00F0               	movwf	(?_delay)
   925  0636  3000               	movlw	high(0Ah)
   926  0637  00F1               	movwf	((?_delay))+1
   927  0638  120A  118A  269C   	fcall	_delay
              120A  118A         
   928                           	line	49
   929                           	
   930  063D                     l2892:	
   931                           ;adc.c: 49: RC6=0;
   932  063D  1283               	bcf	status, 5	;RP0=0, select bank0
   933  063E  1303               	bcf	status, 6	;RP1=0, select bank0
   934  063F  1307               	bcf	(62/8),(62)&7
   935                           	line	50
   936                           	
   937  0640                     l707:	
   938  0640  0008               	return
   939                           	opt stack 0
   940                           GLOBAL	__end_of_dat
   941  0641                     	__end_of_dat:
   942 ;; =============== function _dat ends ============
   943                           
   944                           	signat	_dat,4216
   945                           	global	_cmd
   946                           psect	text211,local,class=CODE,delta=2
   947                           global __ptext211
   948  0617                     __ptext211:
   949                           
   950 ;; *************** function _cmd *****************
   951 ;; Defined at:
   952 ;;		line 33 in file "C:\Users\ELCOT\Desktop\pic adc\adc.c"
   953 ;; Parameters:    Size  Location     Type
   954 ;;  a               1    wreg     unsigned char 
   955 ;; Auto vars:     Size  Location     Type
   956 ;;  a               1    7[COMMON] unsigned char 
   957 ;; Return value:  Size  Location     Type
   958 ;;		None               void
   959 ;; Registers used:
   960 ;;		wreg, status,2, status,0, btemp+1, pclath, cstack
   961 ;; Tracked objects:
   962 ;;		On entry : 0/0
   963 ;;		On exit  : 0/0
   964 ;;		Unchanged: 0/0
   965 ;; Data sizes:     COMMON   BANK0   BANK1   BANK3   BANK2
   966 ;;      Params:         0       0       0       0       0
   967 ;;      Locals:         1       0       0       0       0
   968 ;;      Temps:          0       0       0       0       0
   969 ;;      Totals:         1       0       0       0       0
   970 ;;Total ram usage:        1 bytes
   971 ;; Hardware stack levels used:    1
   972 ;; Hardware stack levels required when called:    1
   973 ;; This function calls:
   974 ;;		_delay
   975 ;; This function is called by:
   976 ;;		_main
   977 ;;		_lcd_int
   978 ;; This function uses a non-reentrant model
   979 ;;
   980                           psect	text211
   981                           	file	"C:\Users\ELCOT\Desktop\pic adc\adc.c"
   982                           	line	33
   983                           	global	__size_of_cmd
   984  0015                     	__size_of_cmd	equ	__end_of_cmd-_cmd
   985                           	
   986  0617                     _cmd:	
   987                           	opt	stack 6
   988                           ; Regs used in _cmd: [wreg+status,2+status,0+btemp+1+pclath+cstack]
   989                           ;cmd@a stored from wreg
   990  0617  00F7               	movwf	(cmd@a)
   991                           	line	34
   992                           	
   993  0618                     l2870:	
   994                           ;adc.c: 34: PORTD=a;
   995  0618  0877               	movf	(cmd@a),w
   996  0619  1283               	bcf	status, 5	;RP0=0, select bank0
   997  061A  1303               	bcf	status, 6	;RP1=0, select bank0
   998  061B  0088               	movwf	(8)	;volatile
   999                           	line	35
  1000                           	
  1001  061C                     l2872:	
  1002                           ;adc.c: 35: RC4=0;
  1003  061C  1207               	bcf	(60/8),(60)&7
  1004                           	line	36
  1005                           	
  1006  061D                     l2874:	
  1007                           ;adc.c: 36: RC5=0;
  1008  061D  1287               	bcf	(61/8),(61)&7
  1009                           	line	37
  1010                           	
  1011  061E                     l2876:	
  1012                           ;adc.c: 37: RC6=1;
  1013  061E  1707               	bsf	(62/8),(62)&7
  1014                           	line	38
  1015                           	
  1016  061F                     l2878:	
  1017                           ;adc.c: 38: delay(10);
  1018  061F  300A               	movlw	low(0Ah)
  1019  0620  00F0               	movwf	(?_delay)
  1020  0621  3000               	movlw	high(0Ah)
  1021  0622  00F1               	movwf	((?_delay))+1
  1022  0623  120A  118A  269C   	fcall	_delay
              120A  118A         
  1023                           	line	39
  1024                           	
  1025  0628                     l2880:	
  1026                           ;adc.c: 39: RC6=0;
  1027  0628  1283               	bcf	status, 5	;RP0=0, select bank0
  1028  0629  1303               	bcf	status, 6	;RP1=0, select bank0
  1029  062A  1307               	bcf	(62/8),(62)&7
  1030                           	line	40
  1031                           	
  1032  062B                     l704:	
  1033  062B  0008               	return
  1034                           	opt stack 0
  1035                           GLOBAL	__end_of_cmd
  1036  062C                     	__end_of_cmd:
  1037 ;; =============== function _cmd ends ============
  1038                           
  1039                           	signat	_cmd,4216
  1040                           	global	___lwmod
  1041                           psect	text212,local,class=CODE,delta=2
  1042                           global __ptext212
  1043  06DA                     __ptext212:
  1044                           
  1045 ;; *************** function ___lwmod *****************
  1046 ;; Defined at:
  1047 ;;		line 5 in file "C:\Program Files (x86)\HI-TECH Software\PICC\9.82\sources\lwmod.c"
  1048 ;; Parameters:    Size  Location     Type
  1049 ;;  divisor         2    8[COMMON] unsigned int 
  1050 ;;  dividend        2   10[COMMON] unsigned int 
  1051 ;; Auto vars:     Size  Location     Type
  1052 ;;  counter         1   13[COMMON] unsigned char 
  1053 ;; Return value:  Size  Location     Type
  1054 ;;                  2    8[COMMON] unsigned int 
  1055 ;; Registers used:
  1056 ;;		wreg, status,2, status,0
  1057 ;; Tracked objects:
  1058 ;;		On entry : 0/0
  1059 ;;		On exit  : 0/0
  1060 ;;		Unchanged: 0/0
  1061 ;; Data sizes:     COMMON   BANK0   BANK1   BANK3   BANK2
  1062 ;;      Params:         4       0       0       0       0
  1063 ;;      Locals:         1       0       0       0       0
  1064 ;;      Temps:          1       0       0       0       0
  1065 ;;      Totals:         6       0       0       0       0
  1066 ;;Total ram usage:        6 bytes
  1067 ;; Hardware stack levels used:    1
  1068 ;; This function calls:
  1069 ;;		Nothing
  1070 ;; This function is called by:
  1071 ;;		_adc
  1072 ;; This function uses a non-reentrant model
  1073 ;;
  1074                           psect	text212
  1075                           	file	"C:\Program Files (x86)\HI-TECH Software\PICC\9.82\sources\lwmod.c"
  1076                           	line	5
  1077                           	global	__size_of___lwmod
  1078  0044                     	__size_of___lwmod	equ	__end_of___lwmod-___lwmod
  1079                           	
  1080  06DA                     ___lwmod:	
  1081                           	opt	stack 6
  1082                           ; Regs used in ___lwmod: [wreg+status,2+status,0]
  1083                           	line	8
  1084                           	
  1085  06DA                     l2848:	
  1086  06DA  0879               	movf	(___lwmod@divisor+1),w
  1087  06DB  0478               	iorwf	(___lwmod@divisor),w
  1088  06DC  1903               	skipnz
  1089  06DD  2EDF               	goto	u2371
  1090  06DE  2EE0               	goto	u2370
  1091  06DF                     u2371:
  1092  06DF  2F16               	goto	l2866
  1093  06E0                     u2370:
  1094                           	line	9
  1095                           	
  1096  06E0                     l2850:	
  1097  06E0  01FD               	clrf	(___lwmod@counter)
  1098  06E1  1403               	bsf	status,0
  1099  06E2  0DFD               	rlf	(___lwmod@counter),f
  1100                           	line	10
  1101  06E3  2EF0               	goto	l2856
  1102                           	
  1103  06E4                     l1428:	
  1104                           	line	11
  1105                           	
  1106  06E4                     l2852:	
  1107  06E4  3001               	movlw	01h
  1108                           	
  1109  06E5                     u2385:
  1110  06E5  1003               	clrc
  1111  06E6  0DF8               	rlf	(___lwmod@divisor),f
  1112  06E7  0DF9               	rlf	(___lwmod@divisor+1),f
  1113  06E8  3EFF               	addlw	-1
  1114  06E9  1D03               	skipz
  1115  06EA  2EE5               	goto	u2385
  1116                           	line	12
  1117                           	
  1118  06EB                     l2854:	
  1119  06EB  3001               	movlw	(01h)
  1120  06EC  00FC               	movwf	(??___lwmod+0)+0
  1121  06ED  087C               	movf	(??___lwmod+0)+0,w
  1122  06EE  07FD               	addwf	(___lwmod@counter),f
  1123  06EF  2EF0               	goto	l2856
  1124                           	line	13
  1125                           	
  1126  06F0                     l1427:	
  1127                           	line	10
  1128                           	
  1129  06F0                     l2856:	
  1130  06F0  1FF9               	btfss	(___lwmod@divisor+1),(15)&7
  1131  06F1  2EF3               	goto	u2391
  1132  06F2  2EF4               	goto	u2390
  1133  06F3                     u2391:
  1134  06F3  2EE4               	goto	l2852
  1135  06F4                     u2390:
  1136  06F4  2EF6               	goto	l2858
  1137                           	
  1138  06F5                     l1429:	
  1139  06F5  2EF6               	goto	l2858
  1140                           	line	14
  1141                           	
  1142  06F6                     l1430:	
  1143                           	line	15
  1144                           	
  1145  06F6                     l2858:	
  1146  06F6  0879               	movf	(___lwmod@divisor+1),w
  1147  06F7  027B               	subwf	(___lwmod@dividend+1),w
  1148  06F8  1D03               	skipz
  1149  06F9  2EFC               	goto	u2405
  1150  06FA  0878               	movf	(___lwmod@divisor),w
  1151  06FB  027A               	subwf	(___lwmod@dividend),w
  1152  06FC                     u2405:
  1153  06FC  1C03               	skipc
  1154  06FD  2EFF               	goto	u2401
  1155  06FE  2F00               	goto	u2400
  1156  06FF                     u2401:
  1157  06FF  2F07               	goto	l2862
  1158  0700                     u2400:
  1159                           	line	16
  1160                           	
  1161  0700                     l2860:	
  1162  0700  0878               	movf	(___lwmod@divisor),w
  1163  0701  02FA               	subwf	(___lwmod@dividend),f
  1164  0702  0879               	movf	(___lwmod@divisor+1),w
  1165  0703  1C03               	skipc
  1166  0704  03FB               	decf	(___lwmod@dividend+1),f
  1167  0705  02FB               	subwf	(___lwmod@dividend+1),f
  1168  0706  2F07               	goto	l2862
  1169                           	
  1170  0707                     l1431:	
  1171                           	line	17
  1172                           	
  1173  0707                     l2862:	
  1174  0707  3001               	movlw	01h
  1175                           	
  1176  0708                     u2415:
  1177  0708  1003               	clrc
  1178  0709  0CF9               	rrf	(___lwmod@divisor+1),f
  1179  070A  0CF8               	rrf	(___lwmod@divisor),f
  1180  070B  3EFF               	addlw	-1
  1181  070C  1D03               	skipz
  1182  070D  2F08               	goto	u2415
  1183                           	line	18
  1184                           	
  1185  070E                     l2864:	
  1186  070E  3001               	movlw	low(01h)
  1187  070F  02FD               	subwf	(___lwmod@counter),f
  1188  0710  1D03               	btfss	status,2
  1189  0711  2F13               	goto	u2421
  1190  0712  2F14               	goto	u2420
  1191  0713                     u2421:
  1192  0713  2EF6               	goto	l2858
  1193  0714                     u2420:
  1194  0714  2F16               	goto	l2866
  1195                           	
  1196  0715                     l1432:	
  1197  0715  2F16               	goto	l2866
  1198                           	line	19
  1199                           	
  1200  0716                     l1426:	
  1201                           	line	20
  1202                           	
  1203  0716                     l2866:	
  1204  0716  087B               	movf	(___lwmod@dividend+1),w
  1205  0717  01F9               	clrf	(?___lwmod+1)
  1206  0718  07F9               	addwf	(?___lwmod+1)
  1207  0719  087A               	movf	(___lwmod@dividend),w
  1208  071A  01F8               	clrf	(?___lwmod)
  1209  071B  07F8               	addwf	(?___lwmod)
  1210                           
  1211  071C  2F1D               	goto	l1433
  1212                           	
  1213  071D                     l2868:	
  1214                           	line	21
  1215                           	
  1216  071D                     l1433:	
  1217  071D  0008               	return
  1218                           	opt stack 0
  1219                           GLOBAL	__end_of___lwmod
  1220  071E                     	__end_of___lwmod:
  1221 ;; =============== function ___lwmod ends ============
  1222                           
  1223                           	signat	___lwmod,8314
  1224                           	global	___lwdiv
  1225                           psect	text213,local,class=CODE,delta=2
  1226                           global __ptext213
  1227  071E                     __ptext213:
  1228                           
  1229 ;; *************** function ___lwdiv *****************
  1230 ;; Defined at:
  1231 ;;		line 5 in file "C:\Program Files (x86)\HI-TECH Software\PICC\9.82\sources\lwdiv.c"
  1232 ;; Parameters:    Size  Location     Type
  1233 ;;  divisor         2    0[COMMON] unsigned int 
  1234 ;;  dividend        2    2[COMMON] unsigned int 
  1235 ;; Auto vars:     Size  Location     Type
  1236 ;;  quotient        2    5[COMMON] unsigned int 
  1237 ;;  counter         1    7[COMMON] unsigned char 
  1238 ;; Return value:  Size  Location     Type
  1239 ;;                  2    0[COMMON] unsigned int 
  1240 ;; Registers used:
  1241 ;;		wreg, status,2, status,0
  1242 ;; Tracked objects:
  1243 ;;		On entry : 0/0
  1244 ;;		On exit  : 0/0
  1245 ;;		Unchanged: 0/0
  1246 ;; Data sizes:     COMMON   BANK0   BANK1   BANK3   BANK2
  1247 ;;      Params:         4       0       0       0       0
  1248 ;;      Locals:         3       0       0       0       0
  1249 ;;      Temps:          1       0       0       0       0
  1250 ;;      Totals:         8       0       0       0       0
  1251 ;;Total ram usage:        8 bytes
  1252 ;; Hardware stack levels used:    1
  1253 ;; This function calls:
  1254 ;;		Nothing
  1255 ;; This function is called by:
  1256 ;;		_adc
  1257 ;; This function uses a non-reentrant model
  1258 ;;
  1259                           psect	text213
  1260                           	file	"C:\Program Files (x86)\HI-TECH Software\PICC\9.82\sources\lwdiv.c"
  1261                           	line	5
  1262                           	global	__size_of___lwdiv
  1263  004E                     	__size_of___lwdiv	equ	__end_of___lwdiv-___lwdiv
  1264                           	
  1265  071E                     ___lwdiv:	
  1266                           	opt	stack 6
  1267                           ; Regs used in ___lwdiv: [wreg+status,2+status,0]
  1268                           	line	9
  1269                           	
  1270  071E                     l2822:	
  1271  071E  01F5               	clrf	(___lwdiv@quotient)
  1272  071F  01F6               	clrf	(___lwdiv@quotient+1)
  1273                           	line	10
  1274                           	
  1275  0720                     l2824:	
  1276  0720  0871               	movf	(___lwdiv@divisor+1),w
  1277  0721  0470               	iorwf	(___lwdiv@divisor),w
  1278  0722  1903               	skipnz
  1279  0723  2F25               	goto	u2301
  1280  0724  2F26               	goto	u2300
  1281  0725                     u2301:
  1282  0725  2F64               	goto	l2844
  1283  0726                     u2300:
  1284                           	line	11
  1285                           	
  1286  0726                     l2826:	
  1287  0726  01F7               	clrf	(___lwdiv@counter)
  1288  0727  1403               	bsf	status,0
  1289  0728  0DF7               	rlf	(___lwdiv@counter),f
  1290                           	line	12
  1291  0729  2F36               	goto	l2832
  1292                           	
  1293  072A                     l1418:	
  1294                           	line	13
  1295                           	
  1296  072A                     l2828:	
  1297  072A  3001               	movlw	01h
  1298                           	
  1299  072B                     u2315:
  1300  072B  1003               	clrc
  1301  072C  0DF0               	rlf	(___lwdiv@divisor),f
  1302  072D  0DF1               	rlf	(___lwdiv@divisor+1),f
  1303  072E  3EFF               	addlw	-1
  1304  072F  1D03               	skipz
  1305  0730  2F2B               	goto	u2315
  1306                           	line	14
  1307                           	
  1308  0731                     l2830:	
  1309  0731  3001               	movlw	(01h)
  1310  0732  00F4               	movwf	(??___lwdiv+0)+0
  1311  0733  0874               	movf	(??___lwdiv+0)+0,w
  1312  0734  07F7               	addwf	(___lwdiv@counter),f
  1313  0735  2F36               	goto	l2832
  1314                           	line	15
  1315                           	
  1316  0736                     l1417:	
  1317                           	line	12
  1318                           	
  1319  0736                     l2832:	
  1320  0736  1FF1               	btfss	(___lwdiv@divisor+1),(15)&7
  1321  0737  2F39               	goto	u2321
  1322  0738  2F3A               	goto	u2320
  1323  0739                     u2321:
  1324  0739  2F2A               	goto	l2828
  1325  073A                     u2320:
  1326  073A  2F3C               	goto	l2834
  1327                           	
  1328  073B                     l1419:	
  1329  073B  2F3C               	goto	l2834
  1330                           	line	16
  1331                           	
  1332  073C                     l1420:	
  1333                           	line	17
  1334                           	
  1335  073C                     l2834:	
  1336  073C  3001               	movlw	01h
  1337                           	
  1338  073D                     u2335:
  1339  073D  1003               	clrc
  1340  073E  0DF5               	rlf	(___lwdiv@quotient),f
  1341  073F  0DF6               	rlf	(___lwdiv@quotient+1),f
  1342  0740  3EFF               	addlw	-1
  1343  0741  1D03               	skipz
  1344  0742  2F3D               	goto	u2335
  1345                           	line	18
  1346  0743  0871               	movf	(___lwdiv@divisor+1),w
  1347  0744  0273               	subwf	(___lwdiv@dividend+1),w
  1348  0745  1D03               	skipz
  1349  0746  2F49               	goto	u2345
  1350  0747  0870               	movf	(___lwdiv@divisor),w
  1351  0748  0272               	subwf	(___lwdiv@dividend),w
  1352  0749                     u2345:
  1353  0749  1C03               	skipc
  1354  074A  2F4C               	goto	u2341
  1355  074B  2F4D               	goto	u2340
  1356  074C                     u2341:
  1357  074C  2F55               	goto	l2840
  1358  074D                     u2340:
  1359                           	line	19
  1360                           	
  1361  074D                     l2836:	
  1362  074D  0870               	movf	(___lwdiv@divisor),w
  1363  074E  02F2               	subwf	(___lwdiv@dividend),f
  1364  074F  0871               	movf	(___lwdiv@divisor+1),w
  1365  0750  1C03               	skipc
  1366  0751  03F3               	decf	(___lwdiv@dividend+1),f
  1367  0752  02F3               	subwf	(___lwdiv@dividend+1),f
  1368                           	line	20
  1369                           	
  1370  0753                     l2838:	
  1371  0753  1475               	bsf	(___lwdiv@quotient)+(0/8),(0)&7
  1372  0754  2F55               	goto	l2840
  1373                           	line	21
  1374                           	
  1375  0755                     l1421:	
  1376                           	line	22
  1377                           	
  1378  0755                     l2840:	
  1379  0755  3001               	movlw	01h
  1380                           	
  1381  0756                     u2355:
  1382  0756  1003               	clrc
  1383  0757  0CF1               	rrf	(___lwdiv@divisor+1),f
  1384  0758  0CF0               	rrf	(___lwdiv@divisor),f
  1385  0759  3EFF               	addlw	-1
  1386  075A  1D03               	skipz
  1387  075B  2F56               	goto	u2355
  1388                           	line	23
  1389                           	
  1390  075C                     l2842:	
  1391  075C  3001               	movlw	low(01h)
  1392  075D  02F7               	subwf	(___lwdiv@counter),f
  1393  075E  1D03               	btfss	status,2
  1394  075F  2F61               	goto	u2361
  1395  0760  2F62               	goto	u2360
  1396  0761                     u2361:
  1397  0761  2F3C               	goto	l2834
  1398  0762                     u2360:
  1399  0762  2F64               	goto	l2844
  1400                           	
  1401  0763                     l1422:	
  1402  0763  2F64               	goto	l2844
  1403                           	line	24
  1404                           	
  1405  0764                     l1416:	
  1406                           	line	25
  1407                           	
  1408  0764                     l2844:	
  1409  0764  0876               	movf	(___lwdiv@quotient+1),w
  1410  0765  01F1               	clrf	(?___lwdiv+1)
  1411  0766  07F1               	addwf	(?___lwdiv+1)
  1412  0767  0875               	movf	(___lwdiv@quotient),w
  1413  0768  01F0               	clrf	(?___lwdiv)
  1414  0769  07F0               	addwf	(?___lwdiv)
  1415                           
  1416  076A  2F6B               	goto	l1423
  1417                           	
  1418  076B                     l2846:	
  1419                           	line	26
  1420                           	
  1421  076B                     l1423:	
  1422  076B  0008               	return
  1423                           	opt stack 0
  1424                           GLOBAL	__end_of___lwdiv
  1425  076C                     	__end_of___lwdiv:
  1426 ;; =============== function ___lwdiv ends ============
  1427                           
  1428                           	signat	___lwdiv,8314
  1429                           	global	_delay
  1430                           psect	text214,local,class=CODE,delta=2
  1431                           global __ptext214
  1432  069C                     __ptext214:
  1433                           
  1434 ;; *************** function _delay *****************
  1435 ;; Defined at:
  1436 ;;		line 72 in file "C:\Users\ELCOT\Desktop\pic adc\adc.c"
  1437 ;; Parameters:    Size  Location     Type
  1438 ;;  L               2    0[COMMON] int 
  1439 ;; Auto vars:     Size  Location     Type
  1440 ;;  j               2    5[COMMON] int 
  1441 ;;  i               2    3[COMMON] int 
  1442 ;; Return value:  Size  Location     Type
  1443 ;;		None               void
  1444 ;; Registers used:
  1445 ;;		wreg, status,2, btemp+1
  1446 ;; Tracked objects:
  1447 ;;		On entry : 0/0
  1448 ;;		On exit  : 0/0
  1449 ;;		Unchanged: 0/0
  1450 ;; Data sizes:     COMMON   BANK0   BANK1   BANK3   BANK2
  1451 ;;      Params:         2       0       0       0       0
  1452 ;;      Locals:         4       0       0       0       0
  1453 ;;      Temps:          1       0       0       0       0
  1454 ;;      Totals:         7       0       0       0       0
  1455 ;;Total ram usage:        7 bytes
  1456 ;; Hardware stack levels used:    1
  1457 ;; This function calls:
  1458 ;;		Nothing
  1459 ;; This function is called by:
  1460 ;;		_cmd
  1461 ;;		_dat
  1462 ;; This function uses a non-reentrant model
  1463 ;;
  1464                           psect	text214
  1465                           	file	"C:\Users\ELCOT\Desktop\pic adc\adc.c"
  1466                           	line	72
  1467                           	global	__size_of_delay
  1468  003E                     	__size_of_delay	equ	__end_of_delay-_delay
  1469                           	
  1470  069C                     _delay:	
  1471                           	opt	stack 5
  1472                           ; Regs used in _delay: [wreg+status,2+btemp+1]
  1473                           	line	74
  1474                           	
  1475  069C                     l2808:	
  1476                           ;adc.c: 73: int i,j;
  1477                           ;adc.c: 74: for(i=0;i<L;i++)
  1478  069C  01F3               	clrf	(delay@i)
  1479  069D  01F4               	clrf	(delay@i+1)
  1480  069E  2ECA               	goto	l722
  1481                           	line	75
  1482                           	
  1483  069F                     l723:	
  1484                           	line	76
  1485                           	
  1486  069F                     l2810:	
  1487                           ;adc.c: 75: {
  1488                           ;adc.c: 76: for(j=0;j<250;j++)
  1489  069F  01F5               	clrf	(delay@j)
  1490  06A0  01F6               	clrf	(delay@j+1)
  1491                           	
  1492  06A1                     l2812:	
  1493  06A1  0876               	movf	(delay@j+1),w
  1494  06A2  3A80               	xorlw	80h
  1495  06A3  00FF               	movwf	btemp+1
  1496  06A4  3080               	movlw	(high(0FAh))^80h
  1497  06A5  027F               	subwf	btemp+1,w
  1498  06A6  1D03               	skipz
  1499  06A7  2EAA               	goto	u2275
  1500  06A8  30FA               	movlw	low(0FAh)
  1501  06A9  0275               	subwf	(delay@j),w
  1502  06AA                     u2275:
  1503                           
  1504  06AA  1C03               	skipc
  1505  06AB  2EAD               	goto	u2271
  1506  06AC  2EAE               	goto	u2270
  1507  06AD                     u2271:
  1508  06AD  2EB0               	goto	l2816
  1509  06AE                     u2270:
  1510  06AE  2EC4               	goto	l2820
  1511                           	
  1512  06AF                     l2814:	
  1513  06AF  2EC4               	goto	l2820
  1514                           	line	77
  1515                           	
  1516  06B0                     l724:	
  1517                           	line	76
  1518                           	
  1519  06B0                     l2816:	
  1520                           ;adc.c: 77: {
  1521  06B0  3001               	movlw	low(01h)
  1522  06B1  07F5               	addwf	(delay@j),f
  1523  06B2  1803               	skipnc
  1524  06B3  0AF6               	incf	(delay@j+1),f
  1525  06B4  3000               	movlw	high(01h)
  1526  06B5  07F6               	addwf	(delay@j+1),f
  1527                           	
  1528  06B6                     l2818:	
  1529  06B6  0876               	movf	(delay@j+1),w
  1530  06B7  3A80               	xorlw	80h
  1531  06B8  00FF               	movwf	btemp+1
  1532  06B9  3080               	movlw	(high(0FAh))^80h
  1533  06BA  027F               	subwf	btemp+1,w
  1534  06BB  1D03               	skipz
  1535  06BC  2EBF               	goto	u2285
  1536  06BD  30FA               	movlw	low(0FAh)
  1537  06BE  0275               	subwf	(delay@j),w
  1538  06BF                     u2285:
  1539                           
  1540  06BF  1C03               	skipc
  1541  06C0  2EC2               	goto	u2281
  1542  06C1  2EC3               	goto	u2280
  1543  06C2                     u2281:
  1544  06C2  2EB0               	goto	l2816
  1545  06C3                     u2280:
  1546  06C3  2EC4               	goto	l2820
  1547                           	
  1548  06C4                     l725:	
  1549                           	line	74
  1550                           	
  1551  06C4                     l2820:	
  1552  06C4  3001               	movlw	low(01h)
  1553  06C5  07F3               	addwf	(delay@i),f
  1554  06C6  1803               	skipnc
  1555  06C7  0AF4               	incf	(delay@i+1),f
  1556  06C8  3000               	movlw	high(01h)
  1557  06C9  07F4               	addwf	(delay@i+1),f
  1558                           	
  1559  06CA                     l722:	
  1560  06CA  0874               	movf	(delay@i+1),w
  1561  06CB  3A80               	xorlw	80h
  1562  06CC  00F2               	movwf	(??_delay+0)+0
  1563  06CD  0871               	movf	(delay@L+1),w
  1564  06CE  3A80               	xorlw	80h
  1565  06CF  0272               	subwf	(??_delay+0)+0,w
  1566  06D0  1D03               	skipz
  1567  06D1  2ED4               	goto	u2295
  1568  06D2  0870               	movf	(delay@L),w
  1569  06D3  0273               	subwf	(delay@i),w
  1570  06D4                     u2295:
  1571                           
  1572  06D4  1C03               	skipc
  1573  06D5  2ED7               	goto	u2291
  1574  06D6  2ED8               	goto	u2290
  1575  06D7                     u2291:
  1576  06D7  2E9F               	goto	l2810
  1577  06D8                     u2290:
  1578  06D8  2ED9               	goto	l727
  1579                           	
  1580  06D9                     l726:	
  1581                           	line	81
  1582                           	
  1583  06D9                     l727:	
  1584  06D9  0008               	return
  1585                           	opt stack 0
  1586                           GLOBAL	__end_of_delay
  1587  06DA                     	__end_of_delay:
  1588 ;; =============== function _delay ends ============
  1589                           
  1590                           	signat	_delay,4216
  1591                           psect	text215,local,class=CODE,delta=2
  1592                           global __ptext215
  1593  0000                     __ptext215:
  1594                           	global	btemp
  1595  007E                     	btemp set 07Eh
  1596                           
  1597                           	DABS	1,126,2	;btemp
  1598                           	global	wtemp0
  1599  007E                     	wtemp0 set btemp


HI-TECH Software PICC Macro Assembler V9.82 build 9453 
Symbol Table                                                                                   Sun Aug 18 10:16:40 2019

                   pc 0002                    _RD 0C60                    _WR 0C61                    fsr 0004  
                 l701 0659                   l710 066D                   l711 065C                   l704 062B  
                 l712 067A                   l713 067A                   l722 06CA                   l723 069F  
                 l707 0640                   l724 06B0                   l716 0775                   l725 06C4  
                 l717 0775                   l726 06D9                   l718 077A                   l727 06D9  
                 l719 07FF                   l695 068C                   l696 0698                   l697 0699  
                 l698 0699                   _GIE 005F                   _RC4 003C                   _RC5 003D  
                 _RC6 003E                   _adc 076C                   _dat 062C                   _cmd 0617  
                 fsr0 0004                  ?_adc 0070                  l1420 073C                  l1421 0755  
                l1422 0763                  l1430 06F6                  ?_dat 0070                  l1423 076B  
                l1431 0707                  l1416 0764                  l1432 0715                  l1417 0736  
                l1433 071D                  l1418 072A                  l1426 0716                  ?_cmd 0070  
                l1419 073B                  l1427 06F0                  l1428 06E4                  l1429 06F5  
                l2810 069F                  l2820 06C4                  l2812 06A1                  l2900 0668  
                l2814 06AF                  l2830 0731                  l2822 071E                  l2902 066D  
                l2910 0799                  l2816 06B0                  l2808 069C                  l2840 0755  
                l2832 0736                  l2824 0720                  l2912 07C0                  l2904 076C  
                l2920 0680                  l2818 06B6                  l2842 075C                  l2834 073C  
                l2826 0726                  l2850 06E0                  l2914 07E7                  l2906 077A  
                l2922 0685                  l2836 074D                  l2828 072A                  l2844 0764  
                l2860 0700                  l2852 06E4                  l2908 0783                  l2924 068C  
                l2916 067B                  l2846 076B                  l2838 0753                  l2862 0707  
                l2854 06EB                  l2870 0618                  l2926 0692                  l2918 067F  
                l2864 070E                  l2856 06F0                  l2848 06DA                  l2880 0628  
                l2872 061C                  l2858 06F6                  l2866 0716                  l2874 061D  
                l2890 0634                  l2882 062D                  l2868 071D                  l2876 061E  
                l2892 063D                  l2884 0631                  l2878 061F                  l2886 0632  
                l2894 0641                  l2888 0633                  l2896 065B                  l2898 065C  
                STR_1 0009                  u2300 0726                  u2301 0725                  u2320 073A  
                u2400 0700                  u2321 0739                  u2401 06FF                  u2315 072B  
                u2340 074D                  u2420 0714                  u2341 074C                  u2421 0713  
                u2405 06FC                  u2270 06AE                  u2430 0679                  u2271 06AD  
                u2335 073D                  u2415 0708                  u2431 0678                  u2280 06C3  
                u2360 0762                  u2440 0779                  u2281 06C2                  u2361 0761  
                u2345 0749                  u2441 0778                  u2290 06D8                  u2370 06E0  
                u2291 06D7                  u2275 06AA                  u2355 0756                  u2371 06DF  
                u2285 06BF                  u2390 06F4                  u2295 06D4                  u2391 06F3  
                u2385 06E5                  _WREN 0C62                  dat@b 0077                  cmd@a 0077  
                _main 067B                  _show 065A                  btemp 007E                  start 0000  
               ??_adc 007E                 ??_dat 0077                 ??_cmd 0077                 ?_main 0070  
               _EEADR 010D                 ?_show 0070                 _CARRY 0018       __end_of___lwdiv 076C  
     __end_of___lwmod 071E                 _PORTD 0008                 _TRISC 0087                 _TRISD 0088  
     __end_of_lcd_int 065A                 _delay 069C                 pclath 000A                 show@s 0079  
               status 0003                 wtemp0 007E          __end_of_main 069C          __end_of_show 067B  
              ??_main 007E                ??_show 0078                ?_delay 0070                _ADCON0 001F  
              _ADCON1 009F                _ADRESH 001E                _ADRESL 009E                _EEDATA 010C  
              _EECON1 018C                _EECON2 018D                _TRISA0 0428             ??___lwdiv 0074  
           ??___lwmod 007C                delay@L 0070                delay@i 0073                delay@j 0075  
           ??_lcd_int 0078        __pcstackCOMMON 0070         __end_of_delay 06DA               ??_delay 0072  
          __pmaintext 067B               ___lwdiv 071E               ___lwmod 06DA               _lcd_int 0641  
        __size_of_adc 0094          __size_of_dat 0015          __size_of_cmd 0015  end_of_initialization 0613  
 start_initialization 0613           __end_of_adc 0800           __end_of_dat 0641           __end_of_cmd 062C  
           adc@adcval 0020         __pcstackBANK0 0020      ___lwdiv@dividend 0072             __ptext210 062C  
           __ptext211 0617             __ptext212 06DA             __ptext213 071E             __ptext214 069C  
           __ptext206 0000             __ptext215 0000             __ptext207 076C             __ptext208 065A  
           __ptext209 0641              ?___lwdiv 0070              ?___lwmod 0078             __pstrings 0003  
            ?_lcd_int 0070      ___lwdiv@quotient 0075        __size_of_delay 003E              _GO_nDONE 00FA  
         __stringbase 0008      __size_of___lwdiv 004E      __size_of___lwmod 0044      __size_of_lcd_int 0019  
     ___lwdiv@divisor 0070       ___lwdiv@counter 0077         __size_of_main 0021         __size_of_show 0021  
    ___lwmod@dividend 007A             stringcode 0003       ___lwmod@divisor 0078       ___lwmod@counter 007D  
            stringdir 0003              stringtab 0003  
