

HI-TECH Software PIC LITE Macro Assembler V9.82 build 9453 
                                                                                               Fri Feb 14 16:53:46 2020

HI-TECH Software Omniscient Code Generator (Lite mode) build 9453
     1  0000                     opt subtitle "HI-TECH Software Omniscient Code Generator (Lite mode) build 9453"
     2                           
     3                           opt pagewidth 120
     4                           
     5                           	opt lm
     6                           
     7                           	processor	16F877A
     8                           clrc	macro
     9                           	bcf	3,0
    10  0000                     	endm
    11                           clrz	macro
    12                           	bcf	3,2
    13  0000                     	endm
    14                           setc	macro
    15                           	bsf	3,0
    16  0000                     	endm
    17                           setz	macro
    18                           	bsf	3,2
    19  0000                     	endm
    20                           skipc	macro
    21                           	btfss	3,0
    22  0000                     	endm
    23                           skipz	macro
    24                           	btfss	3,2
    25  0000                     	endm
    26                           skipnc	macro
    27                           	btfsc	3,0
    28  0000                     	endm
    29                           skipnz	macro
    30                           	btfsc	3,2
    31  0000                     	endm
    32  0000                     indf	equ	0
    33  0000                     indf0	equ	0
    34  0002                     pc	equ	2
    35  0002                     pcl	equ	2
    36  0003                     status	equ	3
    37  0004                     fsr	equ	4
    38  0004                     fsr0	equ	4
    39  0001                     c	equ	1
    40  0000                     z	equ	0
    41  000A                     pclath	equ	10
    42                           	FNROOT	_main
    43                           	global	_CCP1CON
    44                           psect	maintext,global,class=CODE,delta=2
    45                           global __pmaintext
    46  07AF                     __pmaintext:
    47  0017                     _CCP1CON	set	23
    48                           	global	_CCPR1L
    49  0015                     _CCPR1L	set	21
    50                           	global	_T2CON
    51  0012                     _T2CON	set	18
    52                           	global	_TMR2
    53  0011                     _TMR2	set	17
    54                           	global	_CARRY
    55  0018                     _CARRY	set	24
    56                           	global	_GIE
    57  005F                     _GIE	set	95
    58                           	global	_TMR2IF
    59  0061                     _TMR2IF	set	97
    60                           	global	_TMR2ON
    61  0092                     _TMR2ON	set	146
    62                           	global	_PR2
    63  0092                     _PR2	set	146
    64                           	global	_TRISC2
    65  043A                     _TRISC2	set	1082
    66                           	global	_EEADR
    67  010D                     _EEADR	set	269
    68                           	global	_EEDATA
    69  010C                     _EEDATA	set	268
    70                           	global	_EECON1
    71  018C                     _EECON1	set	396
    72                           	global	_EECON2
    73  018D                     _EECON2	set	397
    74                           	global	_RD
    75  0C60                     _RD	set	3168
    76                           	global	_WR
    77  0C61                     _WR	set	3169
    78                           	global	_WREN
    79  0C62                     _WREN	set	3170
    80                           	file	"5khz pwm.as"
    81                           	line	#
    82                           psect cinit,class=CODE,delta=2
    83                           global start_initialization
    84  07AB                     start_initialization:
    85                           
    86                           psect cinit,class=CODE,delta=2
    87                           global end_of_initialization
    88                           
    89                           ;End of C runtime variable initialization code
    90                           
    91  07AB                     end_of_initialization:
    92  07AB  0183               clrf status
    93  07AC  120A  118A  2FAF   ljmp _main	;jump to C main() function
    94                           psect	cstackCOMMON,class=COMMON,space=1
    95                           global __pcstackCOMMON
    96  0070                     __pcstackCOMMON:
    97                           	global	?_main
    98  0070                     ?_main:	; 0 bytes @ 0x0
    99                           	global	??_main
   100  0070                     ??_main:	; 0 bytes @ 0x0
   101  0070                     	ds	3
   102                           	global	main@i
   103  0073                     main@i:	; 2 bytes @ 0x3
   104  0073                     	ds	2
   105 ;;Data sizes: Strings 0, constant 0, data 0, bss 0, persistent 0 stack 0
   106 ;;Auto spaces:   Size  Autos    Used
   107 ;; COMMON          14      5       5
   108 ;; BANK0           80      0       0
   109 ;; BANK1           80      0       0
   110 ;; BANK3           96      0       0
   111 ;; BANK2           96      0       0
   112                           
   113 ;;
   114 ;; Pointer list with targets:
   115                           
   116                           
   117                           
   118 ;;
   119 ;; Critical Paths under _main in COMMON
   120 ;;
   121 ;;   None.
   122 ;;
   123 ;; Critical Paths under _main in BANK0
   124 ;;
   125 ;;   None.
   126 ;;
   127 ;; Critical Paths under _main in BANK1
   128 ;;
   129 ;;   None.
   130 ;;
   131 ;; Critical Paths under _main in BANK3
   132 ;;
   133 ;;   None.
   134 ;;
   135 ;; Critical Paths under _main in BANK2
   136 ;;
   137 ;;   None.
   138                           
   139 ;;
   140 ;;Main: autosize = 0, tempsize = 3, incstack = 0, save=0
   141 ;;
   142                           
   143 ;;
   144 ;;Call Graph Tables:
   145 ;;
   146 ;; ---------------------------------------------------------------------------------
   147 ;; (Depth) Function   	        Calls       Base Space   Used Autos Params    Refs
   148 ;; ---------------------------------------------------------------------------------
   149 ;; (0) _main                                                 5     5      0      45
   150 ;;                                              0 COMMON     5     5      0
   151 ;; ---------------------------------------------------------------------------------
   152 ;; Estimated maximum stack depth 0
   153 ;; ---------------------------------------------------------------------------------
   154                           
   155 ;; Call Graph Graphs:
   156                           
   157 ;; _main (ROOT)
   158 ;;
   159                           
   160 ;; Address spaces:
   161                           
   162 ;;Name               Size   Autos  Total    Cost      Usage
   163 ;;BITCOMMON            E      0       0       0        0.0%
   164 ;;EEDATA             100      0       0       0        0.0%
   165 ;;NULL                 0      0       0       0        0.0%
   166 ;;CODE                 0      0       0       0        0.0%
   167 ;;COMMON               E      5       5       1       35.7%
   168 ;;BITSFR0              0      0       0       1        0.0%
   169 ;;SFR0                 0      0       0       1        0.0%
   170 ;;BITSFR1              0      0       0       2        0.0%
   171 ;;SFR1                 0      0       0       2        0.0%
   172 ;;STACK                0      0       0       2        0.0%
   173 ;;ABS                  0      0       0       3        0.0%
   174 ;;BITBANK0            50      0       0       4        0.0%
   175 ;;BITSFR3              0      0       0       4        0.0%
   176 ;;SFR3                 0      0       0       4        0.0%
   177 ;;BANK0               50      0       0       5        0.0%
   178 ;;BITSFR2              0      0       0       5        0.0%
   179 ;;SFR2                 0      0       0       5        0.0%
   180 ;;BITBANK1            50      0       0       6        0.0%
   181 ;;BANK1               50      0       0       7        0.0%
   182 ;;BITBANK3            60      0       0       8        0.0%
   183 ;;BANK3               60      0       0       9        0.0%
   184 ;;BITBANK2            60      0       0      10        0.0%
   185 ;;BANK2               60      0       0      11        0.0%
   186 ;;DATA                 0      0       0      12        0.0%
   187                           
   188                           	global	_main
   189                           psect	maintext
   190                           
   191 ;; *************** function _main *****************
   192 ;; Defined at:
   193 ;;		line 4 in file "F:\Basic Microcontroller\PIC16F877A\ccp\5KHZ pwm\5KHZ pwm.c"
   194 ;; Parameters:    Size  Location     Type
   195 ;;		None
   196 ;; Auto vars:     Size  Location     Type
   197 ;;  i               2    3[COMMON] int 
   198 ;; Return value:  Size  Location     Type
   199 ;;		None               void
   200 ;; Registers used:
   201 ;;		wreg, status,2, btemp+1
   202 ;; Tracked objects:
   203 ;;		On entry : 17F/0
   204 ;;		On exit  : 0/0
   205 ;;		Unchanged: 0/0
   206 ;; Data sizes:     COMMON   BANK0   BANK1   BANK3   BANK2
   207 ;;      Params:         0       0       0       0       0
   208 ;;      Locals:         2       0       0       0       0
   209 ;;      Temps:          3       0       0       0       0
   210 ;;      Totals:         5       0       0       0       0
   211 ;;Total ram usage:        5 bytes
   212 ;; This function calls:
   213 ;;		Nothing
   214 ;; This function is called by:
   215 ;;		Startup code after reset
   216 ;; This function uses a non-reentrant model
   217 ;;
   218                           psect	maintext
   219                           	file	"F:\Basic Microcontroller\PIC16F877A\ccp\5KHZ pwm\5KHZ pwm.c"
   220                           	line	4
   221                           	global	__size_of_main
   222  0051                     	__size_of_main	equ	__end_of_main-_main
   223                           	
   224  07AF                     _main:	
   225                           	opt	stack 8
   226                           ; Regs used in _main: [wreg+status,2+btemp+1]
   227                           	line	6
   228                           	
   229  07AF                     l2600:	
   230                           ;5KHZ pwm.c: 5: int i;
   231                           ;5KHZ pwm.c: 6: TRISC2=0;
   232  07AF  1683               	bsf	status, 5	;RP0=1, select bank1
   233  07B0  1303               	bcf	status, 6	;RP1=0, select bank1
   234  07B1  1107               	bcf	(1082/8)^080h,(1082)&7
   235                           	line	7
   236                           	
   237  07B2                     l2602:	
   238                           ;5KHZ pwm.c: 7: CCP1CON=0b00001100;
   239  07B2  300C               	movlw	(0Ch)
   240  07B3  1283               	bcf	status, 5	;RP0=0, select bank0
   241  07B4  1303               	bcf	status, 6	;RP1=0, select bank0
   242  07B5  0097               	movwf	(23)	;volatile
   243                           	line	8
   244                           ;5KHZ pwm.c: 8: T2CON=0b00000010;
   245  07B6  3002               	movlw	(02h)
   246  07B7  0092               	movwf	(18)	;volatile
   247                           	line	9
   248                           ;5KHZ pwm.c: 9: PR2=61;
   249  07B8  303D               	movlw	(03Dh)
   250  07B9  1683               	bsf	status, 5	;RP0=1, select bank1
   251  07BA  1303               	bcf	status, 6	;RP1=0, select bank1
   252  07BB  0092               	movwf	(146)^080h	;volatile
   253                           	line	10
   254                           	
   255  07BC                     l2604:	
   256                           ;5KHZ pwm.c: 10: for(i=0;i<58;i++)
   257  07BC  01F3               	clrf	(main@i)
   258  07BD  01F4               	clrf	(main@i+1)
   259                           	
   260  07BE                     l2606:	
   261  07BE  0874               	movf	(main@i+1),w
   262  07BF  3A80               	xorlw	80h
   263  07C0  00FF               	movwf	btemp+1
   264  07C1  3080               	movlw	(high(03Ah))^80h
   265  07C2  027F               	subwf	btemp+1,w
   266  07C3  1D03               	skipz
   267  07C4  2FC7               	goto	u2225
   268  07C5  303A               	movlw	low(03Ah)
   269  07C6  0273               	subwf	(main@i),w
   270  07C7                     u2225:
   271                           
   272  07C7  1C03               	skipc
   273  07C8  2FCA               	goto	u2221
   274  07C9  2FCB               	goto	u2220
   275  07CA                     u2221:
   276  07CA  2FCD               	goto	l2610
   277  07CB                     u2220:
   278  07CB  2FFC               	goto	l693
   279                           	
   280  07CC                     l2608:	
   281  07CC  2FFC               	goto	l693
   282                           	line	11
   283                           	
   284  07CD                     l687:	
   285                           	line	12
   286                           	
   287  07CD                     l2610:	
   288                           ;5KHZ pwm.c: 11: {
   289                           ;5KHZ pwm.c: 12: CCPR1L=i;
   290  07CD  0873               	movf	(main@i),w
   291  07CE  1283               	bcf	status, 5	;RP0=0, select bank0
   292  07CF  1303               	bcf	status, 6	;RP1=0, select bank0
   293  07D0  0095               	movwf	(21)	;volatile
   294                           	line	13
   295                           	
   296  07D1                     l2612:	
   297                           ;5KHZ pwm.c: 13: TMR2IF=0;
   298  07D1  108C               	bcf	(97/8),(97)&7
   299                           	line	14
   300                           	
   301  07D2                     l2614:	
   302                           ;5KHZ pwm.c: 14: TMR2=0X00;
   303  07D2  0191               	clrf	(17)	;volatile
   304                           	line	15
   305                           	
   306  07D3                     l2616:	
   307                           ;5KHZ pwm.c: 15: TMR2ON=1;
   308  07D3  1512               	bsf	(146/8),(146)&7
   309                           	line	16
   310                           ;5KHZ pwm.c: 16: while(TMR2IF==0);
   311  07D4  2FD5               	goto	l689
   312                           	
   313  07D5                     l690:	
   314                           	
   315  07D5                     l689:	
   316  07D5  1C8C               	btfss	(97/8),(97)&7
   317  07D6  2FD8               	goto	u2231
   318  07D7  2FD9               	goto	u2230
   319  07D8                     u2231:
   320  07D8  2FD5               	goto	l689
   321  07D9                     u2230:
   322  07D9  2FDA               	goto	l2618
   323                           	
   324  07DA                     l691:	
   325                           	line	17
   326                           	
   327  07DA                     l2618:	
   328                           ;5KHZ pwm.c: 17: _delay((unsigned long)((100)*(20000000/4000.0)));
   329                           	opt asmopt_off
   330  07DA  3003               movlw  3
   331  07DB  00F2               movwf	((??_main+0)+0+2),f
   332  07DC  308A               movlw	138
   333  07DD  00F1               movwf	((??_main+0)+0+1),f
   334  07DE  3056               	movlw	86
   335  07DF  00F0               movwf	((??_main+0)+0),f
   336  07E0                     u2257:
   337  07E0  0BF0               	decfsz	((??_main+0)+0),f
   338  07E1  2FE0               	goto	u2257
   339  07E2  0BF1               	decfsz	((??_main+0)+0+1),f
   340  07E3  2FE0               	goto	u2257
   341  07E4  0BF2               	decfsz	((??_main+0)+0+2),f
   342  07E5  2FE0               	goto	u2257
   343  07E6  2FE7               	nop2
   344                           opt asmopt_on
   345                           
   346                           	line	10
   347  07E7  3001               	movlw	low(01h)
   348  07E8  07F3               	addwf	(main@i),f
   349  07E9  1803               	skipnc
   350  07EA  0AF4               	incf	(main@i+1),f
   351  07EB  3000               	movlw	high(01h)
   352  07EC  07F4               	addwf	(main@i+1),f
   353                           	
   354  07ED                     l2620:	
   355  07ED  0874               	movf	(main@i+1),w
   356  07EE  3A80               	xorlw	80h
   357  07EF  00FF               	movwf	btemp+1
   358  07F0  3080               	movlw	(high(03Ah))^80h
   359  07F1  027F               	subwf	btemp+1,w
   360  07F2  1D03               	skipz
   361  07F3  2FF6               	goto	u2245
   362  07F4  303A               	movlw	low(03Ah)
   363  07F5  0273               	subwf	(main@i),w
   364  07F6                     u2245:
   365                           
   366  07F6  1C03               	skipc
   367  07F7  2FF9               	goto	u2241
   368  07F8  2FFA               	goto	u2240
   369  07F9                     u2241:
   370  07F9  2FCD               	goto	l2610
   371  07FA                     u2240:
   372  07FA  2FFC               	goto	l693
   373                           	
   374  07FB                     l688:	
   375  07FB  2FFC               	goto	l693
   376                           	line	19
   377                           ;5KHZ pwm.c: 18: }
   378                           ;5KHZ pwm.c: 19: while(1)
   379                           	
   380  07FC                     l692:	
   381                           	line	22
   382                           ;5KHZ pwm.c: 20: {
   383                           	
   384  07FC                     l693:	
   385                           	line	19
   386  07FC  2FFC               	goto	l693
   387                           	
   388  07FD                     l694:	
   389                           	line	23
   390                           	
   391  07FD                     l695:	
   392                           	global	start
   393  07FD  120A  118A  2800   	ljmp	start
   394                           	opt stack 0
   395                           GLOBAL	__end_of_main
   396  0800                     	__end_of_main:
   397 ;; =============== function _main ends ============
   398                           
   399                           	signat	_main,88
   400                           psect	maintext
   401                           	global	btemp
   402  007E                     	btemp set 07Eh
   403                           
   404                           	DABS	1,126,2	;btemp
   405                           	global	wtemp0
   406  007E                     	wtemp0 set btemp


HI-TECH Software PICC Macro Assembler V9.82 build 9453 
Symbol Table                                                                                   Fri Feb 14 16:53:46 2020

                  _RD 0C60                    _WR 0C61                   l690 07D5                   l691 07DA  
                 l692 07FC                   l693 07FC                   l694 07FD                   l695 07FD  
                 l687 07CD                   l688 07FB                   l689 07D5                   _GIE 005F  
                 _PR2 0092                  l2600 07AF                  l2610 07CD                  l2602 07B2  
                l2620 07ED                  l2612 07D1                  l2604 07BC                  l2614 07D2  
                l2606 07BE                  l2616 07D3                  l2608 07CC                  l2618 07DA  
                u2220 07CB                  u2221 07CA                  u2230 07D9                  u2231 07D8  
                u2240 07FA                  u2241 07F9                  u2225 07C7                  u2245 07F6  
                u2257 07E0                  _TMR2 0011                  _WREN 0C62                  _main 07AF  
                btemp 007E                  start 0000                 ?_main 0070                 _EEADR 010D  
               _CARRY 0018                 _T2CON 0012                 main@i 0073                 status 0003  
               wtemp0 007E          __end_of_main 0800                ??_main 0070                _EEDATA 010C  
              _CCPR1L 0015                _EECON1 018C                _EECON2 018D                _TMR2IF 0061  
              _TMR2ON 0092                _TRISC2 043A        __pcstackCOMMON 0070            __pmaintext 07AF  
             _CCP1CON 0017  end_of_initialization 07AB   start_initialization 07AB         __size_of_main 0051  
