

HI-TECH Software PIC LITE Macro Assembler V9.83 build 10920 
                                                                                               Thu Sep 24 09:46:33 2020

HI-TECH Software Omniscient Code Generator (Lite mode) build 10920
     1  0000                     opt subtitle "HI-TECH Software Omniscient Code Generator (Lite mode) build 10920"
     2                           
     3                           opt pagewidth 120
     4                           
     5                           	opt lm
     6                           
     7                           	processor	16F877A
     8                           clrc	macro
     9                           	bcf	3,0
    10  0000                     	endm
    11                           clrz	macro
    12                           	bcf	3,2
    13  0000                     	endm
    14                           setc	macro
    15                           	bsf	3,0
    16  0000                     	endm
    17                           setz	macro
    18                           	bsf	3,2
    19  0000                     	endm
    20                           skipc	macro
    21                           	btfss	3,0
    22  0000                     	endm
    23                           skipz	macro
    24                           	btfss	3,2
    25  0000                     	endm
    26                           skipnc	macro
    27                           	btfsc	3,0
    28  0000                     	endm
    29                           skipnz	macro
    30                           	btfsc	3,2
    31  0000                     	endm
    32  0000                     indf	equ	0
    33  0000                     indf0	equ	0
    34  0002                     pc	equ	2
    35  0002                     pcl	equ	2
    36  0003                     status	equ	3
    37  0004                     fsr	equ	4
    38  0004                     fsr0	equ	4
    39  0001                     c	equ	1
    40  0000                     z	equ	0
    41  000A                     pclath	equ	10
    42                           	FNCALL	_main,_uart_init
    43                           	FNCALL	_main,_uart_tx
    44                           	FNCALL	_main,_uart_rx
    45                           	FNROOT	_main
    46                           	global	_RCREG
    47                           psect	text100,local,class=CODE,delta=2
    48                           global __ptext100
    49  0000                     __ptext100:
    50  001A                     _RCREG	set	26
    51                           	global	_RCSTA
    52  0018                     _RCSTA	set	24
    53                           	global	_TXREG
    54  0019                     _TXREG	set	25
    55                           	global	_CARRY
    56  0018                     _CARRY	set	24
    57                           	global	_GIE
    58  005F                     _GIE	set	95
    59                           	global	_RCIF
    60  0065                     _RCIF	set	101
    61                           	global	_TXIF
    62  0064                     _TXIF	set	100
    63                           	global	_SPBRG
    64  0099                     _SPBRG	set	153
    65                           	global	_TXSTA
    66  0098                     _TXSTA	set	152
    67                           	global	_BRGH
    68  04C2                     _BRGH	set	1218
    69                           	global	_TRISC6
    70  043E                     _TRISC6	set	1086
    71                           	global	_TRISC7
    72  043F                     _TRISC7	set	1087
    73                           	global	_EEADR
    74  010D                     _EEADR	set	269
    75                           	global	_EEDATA
    76  010C                     _EEDATA	set	268
    77                           	global	_EECON1
    78  018C                     _EECON1	set	396
    79                           	global	_EECON2
    80  018D                     _EECON2	set	397
    81                           	global	_RD
    82  0C60                     _RD	set	3168
    83                           	global	_WR
    84  0C61                     _WR	set	3169
    85                           	global	_WREN
    86  0C62                     _WREN	set	3170
    87                           	file	"C:\Users\Aravinth\AppData\Local\Temp\sa4k."
    88                           	line	#
    89                           psect cinit,class=CODE,delta=2
    90                           global start_initialization
    91  07B9                     start_initialization:
    92                           
    93                           psect cinit,class=CODE,delta=2
    94                           global end_of_initialization
    95                           
    96                           ;End of C runtime variable initialization code
    97                           
    98  07B9                     end_of_initialization:
    99  07B9  0183               clrf status
   100  07BA  120A  118A  2FE2   ljmp _main	;jump to C main() function
   101                           psect	cstackCOMMON,class=COMMON,space=1
   102                           global __pcstackCOMMON
   103  0070                     __pcstackCOMMON:
   104                           	global	?_uart_init
   105  0070                     ?_uart_init:	; 0 bytes @ 0x0
   106                           	global	??_uart_init
   107  0070                     ??_uart_init:	; 0 bytes @ 0x0
   108                           	global	?_uart_tx
   109  0070                     ?_uart_tx:	; 0 bytes @ 0x0
   110                           	global	??_uart_tx
   111  0070                     ??_uart_tx:	; 0 bytes @ 0x0
   112                           	global	??_uart_rx
   113  0070                     ??_uart_rx:	; 0 bytes @ 0x0
   114                           	global	?_main
   115  0070                     ?_main:	; 0 bytes @ 0x0
   116                           	global	?_uart_rx
   117  0070                     ?_uart_rx:	; 1 bytes @ 0x0
   118                           	global	uart_tx@ch
   119  0070                     uart_tx@ch:	; 1 bytes @ 0x0
   120  0070                     	ds	1
   121                           	global	??_main
   122  0071                     ??_main:	; 0 bytes @ 0x1
   123 ;;Data sizes: Strings 0, constant 0, data 0, bss 0, persistent 0 stack 0
   124 ;;Auto spaces:   Size  Autos    Used
   125 ;; COMMON          14      1       1
   126 ;; BANK0           80      0       0
   127 ;; BANK1           80      0       0
   128 ;; BANK3           96      0       0
   129 ;; BANK2           96      0       0
   130                           
   131 ;;
   132 ;; Pointer list with targets:
   133                           
   134                           
   135                           
   136 ;;
   137 ;; Critical Paths under _main in COMMON
   138 ;;
   139 ;;   _main->_uart_tx
   140 ;;
   141 ;; Critical Paths under _main in BANK0
   142 ;;
   143 ;;   None.
   144 ;;
   145 ;; Critical Paths under _main in BANK1
   146 ;;
   147 ;;   None.
   148 ;;
   149 ;; Critical Paths under _main in BANK3
   150 ;;
   151 ;;   None.
   152 ;;
   153 ;; Critical Paths under _main in BANK2
   154 ;;
   155 ;;   None.
   156                           
   157 ;;
   158 ;;Main: autosize = 0, tempsize = 0, incstack = 0, save=0
   159 ;;
   160                           
   161 ;;
   162 ;;Call Graph Tables:
   163 ;;
   164 ;; ---------------------------------------------------------------------------------
   165 ;; (Depth) Function   	        Calls       Base Space   Used Autos Params    Refs
   166 ;; ---------------------------------------------------------------------------------
   167 ;; (0) _main                                                 0     0      0      15
   168 ;;                          _uart_init
   169 ;;                            _uart_tx
   170 ;;                            _uart_rx
   171 ;; ---------------------------------------------------------------------------------
   172 ;; (1) _uart_rx                                              0     0      0       0
   173 ;; ---------------------------------------------------------------------------------
   174 ;; (1) _uart_tx                                              1     1      0      15
   175 ;;                                              0 COMMON     1     1      0
   176 ;; ---------------------------------------------------------------------------------
   177 ;; (1) _uart_init                                            0     0      0       0
   178 ;; ---------------------------------------------------------------------------------
   179 ;; Estimated maximum stack depth 1
   180 ;; ---------------------------------------------------------------------------------
   181                           
   182 ;; Call Graph Graphs:
   183                           
   184 ;; _main (ROOT)
   185 ;;   _uart_init
   186 ;;   _uart_tx
   187 ;;   _uart_rx
   188 ;;
   189                           
   190 ;; Address spaces:
   191                           
   192 ;;Name               Size   Autos  Total    Cost      Usage
   193 ;;BITCOMMON            E      0       0       0        0.0%
   194 ;;EEDATA             100      0       0       0        0.0%
   195 ;;NULL                 0      0       0       0        0.0%
   196 ;;CODE                 0      0       0       0        0.0%
   197 ;;COMMON               E      1       1       1        7.1%
   198 ;;BITSFR0              0      0       0       1        0.0%
   199 ;;SFR0                 0      0       0       1        0.0%
   200 ;;BITSFR1              0      0       0       2        0.0%
   201 ;;SFR1                 0      0       0       2        0.0%
   202 ;;STACK                0      0       1       2        0.0%
   203 ;;ABS                  0      0       0       3        0.0%
   204 ;;BITBANK0            50      0       0       4        0.0%
   205 ;;BITSFR3              0      0       0       4        0.0%
   206 ;;SFR3                 0      0       0       4        0.0%
   207 ;;BANK0               50      0       0       5        0.0%
   208 ;;BITSFR2              0      0       0       5        0.0%
   209 ;;SFR2                 0      0       0       5        0.0%
   210 ;;BITBANK1            50      0       0       6        0.0%
   211 ;;BANK1               50      0       0       7        0.0%
   212 ;;BITBANK3            60      0       0       8        0.0%
   213 ;;BANK3               60      0       0       9        0.0%
   214 ;;BITBANK2            60      0       0      10        0.0%
   215 ;;BANK2               60      0       0      11        0.0%
   216 ;;DATA                 0      0       0      12        0.0%
   217                           
   218                           	global	_main
   219                           psect	maintext,global,class=CODE,delta=2
   220                           global __pmaintext
   221  07E2                     __pmaintext:
   222                           
   223 ;; *************** function _main *****************
   224 ;; Defined at:
   225 ;;		line 6 in file "UART.c"
   226 ;; Parameters:    Size  Location     Type
   227 ;;		None
   228 ;; Auto vars:     Size  Location     Type
   229 ;;		None
   230 ;; Return value:  Size  Location     Type
   231 ;;		None               void
   232 ;; Registers used:
   233 ;;		wreg, status,2, status,0, pclath, cstack
   234 ;; Tracked objects:
   235 ;;		On entry : 17F/0
   236 ;;		On exit  : 0/0
   237 ;;		Unchanged: 0/0
   238 ;; Data sizes:     COMMON   BANK0   BANK1   BANK3   BANK2
   239 ;;      Params:         0       0       0       0       0
   240 ;;      Locals:         0       0       0       0       0
   241 ;;      Temps:          0       0       0       0       0
   242 ;;      Totals:         0       0       0       0       0
   243 ;;Total ram usage:        0 bytes
   244 ;; Hardware stack levels required when called:    1
   245 ;; This function calls:
   246 ;;		_uart_init
   247 ;;		_uart_tx
   248 ;;		_uart_rx
   249 ;; This function is called by:
   250 ;;		Startup code after reset
   251 ;; This function uses a non-reentrant model
   252 ;;
   253                           psect	maintext
   254                           	file	"UART.c"
   255                           	line	6
   256                           	global	__size_of_main
   257  001E                     	__size_of_main	equ	__end_of_main-_main
   258                           	
   259  07E2                     _main:	
   260                           	opt	stack 7
   261                           ; Regs used in _main: [wreg+status,2+status,0+pclath+cstack]
   262                           	line	7
   263                           	
   264  07E2                     l2626:	
   265                           ;UART.c: 7: TRISC6=0;
   266  07E2  1683               	bsf	status, 5	;RP0=1, select bank1
   267  07E3  1303               	bcf	status, 6	;RP1=0, select bank1
   268  07E4  1307               	bcf	(1086/8)^080h,(1086)&7
   269                           	line	8
   270                           ;UART.c: 8: TRISC7=1;
   271  07E5  1787               	bsf	(1087/8)^080h,(1087)&7
   272                           	line	9
   273                           	
   274  07E6                     l2628:	
   275                           ;UART.c: 9: uart_init();
   276  07E6  120A  118A  27D4   	fcall	_uart_init
              120A  118A         
   277                           	line	10
   278                           ;UART.c: 10: uart_tx('h');
   279  07EB  3068               	movlw	(068h)
   280  07EC  120A  118A  27C8   	fcall	_uart_tx
              120A  118A         
   281                           	line	11
   282                           ;UART.c: 11: while(1)
   283                           	
   284  07F1                     l691:	
   285                           	line	13
   286                           ;UART.c: 12: {
   287                           ;UART.c: 13: uart_tx(uart_rx());
   288  07F1  120A  118A  27BD   	fcall	_uart_rx
              120A  118A         
   289  07F6  120A  118A  27C8   	fcall	_uart_tx
              120A  118A         
   290  07FB  2FF1               	goto	l691
   291                           	line	14
   292                           	
   293  07FC                     l692:	
   294                           	line	11
   295  07FC  2FF1               	goto	l691
   296                           	
   297  07FD                     l693:	
   298                           	line	15
   299                           	
   300  07FD                     l694:	
   301                           	global	start
   302  07FD  120A  118A  2800   	ljmp	start
   303                           	opt stack 0
   304                           GLOBAL	__end_of_main
   305  0800                     	__end_of_main:
   306 ;; =============== function _main ends ============
   307                           
   308                           	signat	_main,88
   309                           	global	_uart_rx
   310                           psect	text101,local,class=CODE,delta=2
   311                           global __ptext101
   312  07BD                     __ptext101:
   313                           
   314 ;; *************** function _uart_rx *****************
   315 ;; Defined at:
   316 ;;		line 30 in file "UART.c"
   317 ;; Parameters:    Size  Location     Type
   318 ;;		None
   319 ;; Auto vars:     Size  Location     Type
   320 ;;		None
   321 ;; Return value:  Size  Location     Type
   322 ;;                  1    wreg      unsigned char 
   323 ;; Registers used:
   324 ;;		wreg
   325 ;; Tracked objects:
   326 ;;		On entry : 0/0
   327 ;;		On exit  : 0/0
   328 ;;		Unchanged: 0/0
   329 ;; Data sizes:     COMMON   BANK0   BANK1   BANK3   BANK2
   330 ;;      Params:         0       0       0       0       0
   331 ;;      Locals:         0       0       0       0       0
   332 ;;      Temps:          0       0       0       0       0
   333 ;;      Totals:         0       0       0       0       0
   334 ;;Total ram usage:        0 bytes
   335 ;; Hardware stack levels used:    1
   336 ;; This function calls:
   337 ;;		Nothing
   338 ;; This function is called by:
   339 ;;		_main
   340 ;; This function uses a non-reentrant model
   341 ;;
   342                           psect	text101
   343                           	file	"UART.c"
   344                           	line	30
   345                           	global	__size_of_uart_rx
   346  000B                     	__size_of_uart_rx	equ	__end_of_uart_rx-_uart_rx
   347                           	
   348  07BD                     _uart_rx:	
   349                           	opt	stack 7
   350                           ; Regs used in _uart_rx: [wreg]
   351                           	line	31
   352                           	
   353  07BD                     l1762:	
   354                           ;UART.c: 31: while(RCIF==0);
   355  07BD  2FBE               	goto	l706
   356                           	
   357  07BE                     l707:	
   358                           	
   359  07BE                     l706:	
   360  07BE  1283               	bcf	status, 5	;RP0=0, select bank0
   361  07BF  1303               	bcf	status, 6	;RP1=0, select bank0
   362  07C0  1E8C               	btfss	(101/8),(101)&7
   363  07C1  2FC3               	goto	u21
   364  07C2  2FC4               	goto	u20
   365  07C3                     u21:
   366  07C3  2FBE               	goto	l706
   367  07C4                     u20:
   368                           	
   369  07C4                     l708:	
   370                           	line	32
   371                           ;UART.c: 32: RCIF=0;
   372  07C4  128C               	bcf	(101/8),(101)&7
   373                           	line	33
   374                           	
   375  07C5                     l1764:	
   376                           ;UART.c: 33: return RCREG;
   377  07C5  081A               	movf	(26),w	;volatile
   378  07C6  2FC7               	goto	l709
   379                           	
   380  07C7                     l1766:	
   381                           	line	34
   382                           	
   383  07C7                     l709:	
   384  07C7  0008               	return
   385                           	opt stack 0
   386                           GLOBAL	__end_of_uart_rx
   387  07C8                     	__end_of_uart_rx:
   388 ;; =============== function _uart_rx ends ============
   389                           
   390                           	signat	_uart_rx,89
   391                           	global	_uart_tx
   392                           psect	text102,local,class=CODE,delta=2
   393                           global __ptext102
   394  07C8                     __ptext102:
   395                           
   396 ;; *************** function _uart_tx *****************
   397 ;; Defined at:
   398 ;;		line 24 in file "UART.c"
   399 ;; Parameters:    Size  Location     Type
   400 ;;  ch              1    wreg     unsigned char 
   401 ;; Auto vars:     Size  Location     Type
   402 ;;  ch              1    0[COMMON] unsigned char 
   403 ;; Return value:  Size  Location     Type
   404 ;;		None               void
   405 ;; Registers used:
   406 ;;		wreg
   407 ;; Tracked objects:
   408 ;;		On entry : 0/0
   409 ;;		On exit  : 0/0
   410 ;;		Unchanged: 0/0
   411 ;; Data sizes:     COMMON   BANK0   BANK1   BANK3   BANK2
   412 ;;      Params:         0       0       0       0       0
   413 ;;      Locals:         1       0       0       0       0
   414 ;;      Temps:          0       0       0       0       0
   415 ;;      Totals:         1       0       0       0       0
   416 ;;Total ram usage:        1 bytes
   417 ;; Hardware stack levels used:    1
   418 ;; This function calls:
   419 ;;		Nothing
   420 ;; This function is called by:
   421 ;;		_main
   422 ;; This function uses a non-reentrant model
   423 ;;
   424                           psect	text102
   425                           	file	"UART.c"
   426                           	line	24
   427                           	global	__size_of_uart_tx
   428  000C                     	__size_of_uart_tx	equ	__end_of_uart_tx-_uart_tx
   429                           	
   430  07C8                     _uart_tx:	
   431                           	opt	stack 7
   432                           ; Regs used in _uart_tx: [wreg]
   433                           ;uart_tx@ch stored from wreg
   434  07C8  00F0               	movwf	(uart_tx@ch)
   435                           	line	25
   436                           	
   437  07C9                     l1760:	
   438                           ;UART.c: 25: TXREG=ch;
   439  07C9  0870               	movf	(uart_tx@ch),w
   440  07CA  1283               	bcf	status, 5	;RP0=0, select bank0
   441  07CB  1303               	bcf	status, 6	;RP1=0, select bank0
   442  07CC  0099               	movwf	(25)	;volatile
   443                           	line	26
   444                           ;UART.c: 26: while(TXIF==0);
   445  07CD  2FCE               	goto	l700
   446                           	
   447  07CE                     l701:	
   448                           	
   449  07CE                     l700:	
   450  07CE  1E0C               	btfss	(100/8),(100)&7
   451  07CF  2FD1               	goto	u11
   452  07D0  2FD2               	goto	u10
   453  07D1                     u11:
   454  07D1  2FCE               	goto	l700
   455  07D2                     u10:
   456                           	
   457  07D2                     l702:	
   458                           	line	27
   459                           ;UART.c: 27: TXIF=0;
   460  07D2  120C               	bcf	(100/8),(100)&7
   461                           	line	28
   462                           	
   463  07D3                     l703:	
   464  07D3  0008               	return
   465                           	opt stack 0
   466                           GLOBAL	__end_of_uart_tx
   467  07D4                     	__end_of_uart_tx:
   468 ;; =============== function _uart_tx ends ============
   469                           
   470                           	signat	_uart_tx,4216
   471                           	global	_uart_init
   472                           psect	text103,local,class=CODE,delta=2
   473                           global __ptext103
   474  07D4                     __ptext103:
   475                           
   476 ;; *************** function _uart_init *****************
   477 ;; Defined at:
   478 ;;		line 17 in file "UART.c"
   479 ;; Parameters:    Size  Location     Type
   480 ;;		None
   481 ;; Auto vars:     Size  Location     Type
   482 ;;		None
   483 ;; Return value:  Size  Location     Type
   484 ;;		None               void
   485 ;; Registers used:
   486 ;;		wreg
   487 ;; Tracked objects:
   488 ;;		On entry : 0/0
   489 ;;		On exit  : 0/0
   490 ;;		Unchanged: 0/0
   491 ;; Data sizes:     COMMON   BANK0   BANK1   BANK3   BANK2
   492 ;;      Params:         0       0       0       0       0
   493 ;;      Locals:         0       0       0       0       0
   494 ;;      Temps:          0       0       0       0       0
   495 ;;      Totals:         0       0       0       0       0
   496 ;;Total ram usage:        0 bytes
   497 ;; Hardware stack levels used:    1
   498 ;; This function calls:
   499 ;;		Nothing
   500 ;; This function is called by:
   501 ;;		_main
   502 ;; This function uses a non-reentrant model
   503 ;;
   504                           psect	text103
   505                           	file	"UART.c"
   506                           	line	17
   507                           	global	__size_of_uart_init
   508  000E                     	__size_of_uart_init	equ	__end_of_uart_init-_uart_init
   509                           	
   510  07D4                     _uart_init:	
   511                           	opt	stack 7
   512                           ; Regs used in _uart_init: [wreg]
   513                           	line	18
   514                           	
   515  07D4                     l1756:	
   516                           ;UART.c: 18: TXSTA=0X24;
   517  07D4  3024               	movlw	(024h)
   518  07D5  1683               	bsf	status, 5	;RP0=1, select bank1
   519  07D6  1303               	bcf	status, 6	;RP1=0, select bank1
   520  07D7  0098               	movwf	(152)^080h	;volatile
   521                           	line	19
   522                           ;UART.c: 19: RCSTA=0X90;
   523  07D8  3090               	movlw	(090h)
   524  07D9  1283               	bcf	status, 5	;RP0=0, select bank0
   525  07DA  1303               	bcf	status, 6	;RP1=0, select bank0
   526  07DB  0098               	movwf	(24)	;volatile
   527                           	line	20
   528                           	
   529  07DC                     l1758:	
   530                           ;UART.c: 20: BRGH=1;
   531  07DC  1683               	bsf	status, 5	;RP0=1, select bank1
   532  07DD  1303               	bcf	status, 6	;RP1=0, select bank1
   533  07DE  1518               	bsf	(1218/8)^080h,(1218)&7
   534                           	line	21
   535                           ;UART.c: 21: SPBRG=129;
   536  07DF  3081               	movlw	(081h)
   537  07E0  0099               	movwf	(153)^080h	;volatile
   538                           	line	22
   539                           	
   540  07E1                     l697:	
   541  07E1  0008               	return
   542                           	opt stack 0
   543                           GLOBAL	__end_of_uart_init
   544  07E2                     	__end_of_uart_init:
   545 ;; =============== function _uart_init ends ============
   546                           
   547                           	signat	_uart_init,88
   548                           psect	text104,local,class=CODE,delta=2
   549                           global __ptext104
   550  0000                     __ptext104:
   551                           	global	btemp
   552  007E                     	btemp set 07Eh
   553                           
   554                           	DABS	1,126,2	;btemp
   555                           	global	wtemp0
   556  007E                     	wtemp0 set btemp


HI-TECH Software PICC Macro Assembler V9.83 build 10920 
Symbol Table                                                                                   Thu Sep 24 09:46:33 2020

                  _RD 0C60                    u10 07D2                    u11 07D1                    u20 07C4  
                  u21 07C3                    _WR 0C61                   l700 07CE                   l701 07CE  
                 l702 07D2                   l703 07D3                   l706 07BE                   l707 07BE  
                 l708 07C4                   l709 07C7                   l691 07F1                   l692 07FC  
                 l693 07FD                   l694 07FD                   l697 07E1                   _GIE 005F  
                l1760 07C9                  l1762 07BD                  l2626 07E2                  l1756 07D4  
                l1764 07C5                  l2628 07E6                  l1758 07DC                  l1766 07C7  
                _BRGH 04C2                  _RCIF 0065                  _WREN 0C62                  _TXIF 0064  
                _main 07E2                  btemp 007E                  start 0000                 ?_main 0070  
               _EEADR 010D                 _CARRY 0018                 _RCREG 001A                 _RCSTA 0018  
               _SPBRG 0099                 _TXREG 0019                 _TXSTA 0098       __end_of_uart_rx 07C8  
     __end_of_uart_tx 07D4                 status 0003                 wtemp0 007E          __end_of_main 0800  
              ??_main 0071                _EEDATA 010C                _EECON1 018C                _EECON2 018D  
              _TRISC6 043E                _TRISC7 043F             ??_uart_rx 0070             ??_uart_tx 0070  
      __pcstackCOMMON 0070            __pmaintext 07E2    __size_of_uart_init 000E               _uart_rx 07BD  
             _uart_tx 07C8  end_of_initialization 07B9     __end_of_uart_init 07E2   start_initialization 07B9  
           __ptext100 0000             __ptext101 07BD             __ptext102 07C8             __ptext103 07D4  
           __ptext104 0000              ?_uart_rx 0070              ?_uart_tx 0070             _uart_init 07D4  
          ?_uart_init 0070      __size_of_uart_rx 000B      __size_of_uart_tx 000C         __size_of_main 001E  
           uart_tx@ch 0070           ??_uart_init 0070  
