

HI-TECH Software PIC LITE Macro Assembler V9.82 build 9453 
                                                                                               Tue Dec 31 18:48:18 2019

HI-TECH Software Omniscient Code Generator (Lite mode) build 9453
     1  0000                     opt subtitle "HI-TECH Software Omniscient Code Generator (Lite mode) build 9453"
     2                           
     3                           opt pagewidth 120
     4                           
     5                           	opt lm
     6                           
     7                           	processor	16F877A
     8                           clrc	macro
     9                           	bcf	3,0
    10  0000                     	endm
    11                           clrz	macro
    12                           	bcf	3,2
    13  0000                     	endm
    14                           setc	macro
    15                           	bsf	3,0
    16  0000                     	endm
    17                           setz	macro
    18                           	bsf	3,2
    19  0000                     	endm
    20                           skipc	macro
    21                           	btfss	3,0
    22  0000                     	endm
    23                           skipz	macro
    24                           	btfss	3,2
    25  0000                     	endm
    26                           skipnc	macro
    27                           	btfsc	3,0
    28  0000                     	endm
    29                           skipnz	macro
    30                           	btfsc	3,2
    31  0000                     	endm
    32  0000                     indf	equ	0
    33  0000                     indf0	equ	0
    34  0002                     pc	equ	2
    35  0002                     pcl	equ	2
    36  0003                     status	equ	3
    37  0004                     fsr	equ	4
    38  0004                     fsr0	equ	4
    39  0001                     c	equ	1
    40  0000                     z	equ	0
    41  000A                     pclath	equ	10
    42                           	FNCALL	_main,_I2C_Slave_Init
    43                           	FNROOT	_main
    44                           	FNCALL	intlevel1,_I2C_Slave_Read
    45                           	global	intlevel1
    46                           	FNROOT	intlevel1
    47                           	global	_z
    48                           	global	_PORTB
    49                           psect	text88,local,class=CODE,delta=2
    50                           global __ptext88
    51  0000                     __ptext88:
    52  0006                     _PORTB	set	6
    53                           	global	_PORTD
    54  0008                     _PORTD	set	8
    55                           	global	_SSPBUF
    56  0013                     _SSPBUF	set	19
    57                           	global	_SSPCON
    58  0014                     _SSPCON	set	20
    59                           	global	_SSPCONbits
    60  0014                     _SSPCONbits	set	20
    61                           	global	_CARRY
    62  0018                     _CARRY	set	24
    63                           	global	_GIE
    64  005F                     _GIE	set	95
    65                           	global	_PEIE
    66  005E                     _PEIE	set	94
    67                           	global	_SSPIF
    68  0063                     _SSPIF	set	99
    69                           	global	_SSPADD
    70  0093                     _SSPADD	set	147
    71                           	global	_SSPCON2
    72  0091                     _SSPCON2	set	145
    73                           	global	_SSPSTAT
    74  0094                     _SSPSTAT	set	148
    75                           	global	_SSPSTATbits
    76  0094                     _SSPSTATbits	set	148
    77                           	global	_TRISB
    78  0086                     _TRISB	set	134
    79                           	global	_TRISD
    80  0088                     _TRISD	set	136
    81                           	global	_BF
    82  04A0                     _BF	set	1184
    83                           	global	_SSPIE
    84  0463                     _SSPIE	set	1123
    85                           	global	_TRISC3
    86  043B                     _TRISC3	set	1083
    87                           	global	_TRISC4
    88  043C                     _TRISC4	set	1084
    89                           	global	_nRBPU
    90  040F                     _nRBPU	set	1039
    91                           	global	_EEADR
    92  010D                     _EEADR	set	269
    93                           	global	_EEDATA
    94  010C                     _EEDATA	set	268
    95                           	global	_EECON1
    96  018C                     _EECON1	set	396
    97                           	global	_EECON2
    98  018D                     _EECON2	set	397
    99                           	global	_RD
   100  0C60                     _RD	set	3168
   101                           	global	_WR
   102  0C61                     _WR	set	3169
   103                           	global	_WREN
   104  0C62                     _WREN	set	3170
   105                           	file	"I2C SLAVE.as"
   106                           	line	#
   107                           psect cinit,class=CODE,delta=2
   108                           global start_initialization
   109  00AF                     start_initialization:
   110                           
   111                           psect	bssCOMMON,class=COMMON,space=1
   112                           global __pbssCOMMON
   113  0078                     __pbssCOMMON:
   114  0078                     _z:
   115  0078                            ds      2
   116                           
   117                           ; Clear objects allocated to COMMON
   118                           psect cinit,class=CODE,delta=2
   119  00AF  01F8               	clrf	((__pbssCOMMON)+0)&07Fh
   120  00B0  01F9               	clrf	((__pbssCOMMON)+1)&07Fh
   121                           psect cinit,class=CODE,delta=2
   122                           global end_of_initialization
   123                           
   124                           ;End of C runtime variable initialization code
   125                           
   126  00B1                     end_of_initialization:
   127  00B1  0183               clrf status
   128  00B2  120A  118A  2898   ljmp _main	;jump to C main() function
   129                           psect	cstackCOMMON,class=COMMON,space=1
   130                           global __pcstackCOMMON
   131  0070                     __pcstackCOMMON:
   132                           	global	?_I2C_Slave_Read
   133  0070                     ?_I2C_Slave_Read:	; 0 bytes @ 0x0
   134                           	global	??_I2C_Slave_Read
   135  0070                     ??_I2C_Slave_Read:	; 0 bytes @ 0x0
   136                           	global	?_main
   137  0070                     ?_main:	; 2 bytes @ 0x0
   138  0070                     	ds	6
   139                           	global	?_I2C_Slave_Init
   140  0076                     ?_I2C_Slave_Init:	; 0 bytes @ 0x6
   141                           	global	I2C_Slave_Init@address
   142  0076                     I2C_Slave_Init@address:	; 2 bytes @ 0x6
   143  0076                     	ds	2
   144                           	global	??_I2C_Slave_Init
   145  0078                     ??_I2C_Slave_Init:	; 0 bytes @ 0x8
   146                           	global	??_main
   147  0078                     ??_main:	; 0 bytes @ 0x8
   148 ;;Data sizes: Strings 0, constant 0, data 0, bss 2, persistent 0 stack 0
   149 ;;Auto spaces:   Size  Autos    Used
   150 ;; COMMON          14      8      10
   151 ;; BANK0           80      0       0
   152 ;; BANK1           80      0       0
   153 ;; BANK3           96      0       0
   154 ;; BANK2           96      0       0
   155                           
   156 ;;
   157 ;; Pointer list with targets:
   158                           
   159                           
   160                           
   161 ;;
   162 ;; Critical Paths under _main in COMMON
   163 ;;
   164 ;;   _main->_I2C_Slave_Init
   165 ;;
   166 ;; Critical Paths under _I2C_Slave_Read in COMMON
   167 ;;
   168 ;;   None.
   169 ;;
   170 ;; Critical Paths under _main in BANK0
   171 ;;
   172 ;;   None.
   173 ;;
   174 ;; Critical Paths under _I2C_Slave_Read in BANK0
   175 ;;
   176 ;;   None.
   177 ;;
   178 ;; Critical Paths under _main in BANK1
   179 ;;
   180 ;;   None.
   181 ;;
   182 ;; Critical Paths under _I2C_Slave_Read in BANK1
   183 ;;
   184 ;;   None.
   185 ;;
   186 ;; Critical Paths under _main in BANK3
   187 ;;
   188 ;;   None.
   189 ;;
   190 ;; Critical Paths under _I2C_Slave_Read in BANK3
   191 ;;
   192 ;;   None.
   193 ;;
   194 ;; Critical Paths under _main in BANK2
   195 ;;
   196 ;;   None.
   197 ;;
   198 ;; Critical Paths under _I2C_Slave_Read in BANK2
   199 ;;
   200 ;;   None.
   201                           
   202 ;;
   203 ;;Main: autosize = 0, tempsize = 0, incstack = 0, save=0
   204 ;;
   205                           
   206 ;;
   207 ;;Call Graph Tables:
   208 ;;
   209 ;; ---------------------------------------------------------------------------------
   210 ;; (Depth) Function   	        Calls       Base Space   Used Autos Params    Refs
   211 ;; ---------------------------------------------------------------------------------
   212 ;; (0) _main                                                 0     0      0      15
   213 ;;                     _I2C_Slave_Init
   214 ;; ---------------------------------------------------------------------------------
   215 ;; (1) _I2C_Slave_Init                                       2     0      2      15
   216 ;;                                              6 COMMON     2     0      2
   217 ;; ---------------------------------------------------------------------------------
   218 ;; Estimated maximum stack depth 1
   219 ;; ---------------------------------------------------------------------------------
   220 ;; (Depth) Function   	        Calls       Base Space   Used Autos Params    Refs
   221 ;; ---------------------------------------------------------------------------------
   222 ;; (2) _I2C_Slave_Read                                       6     6      0       0
   223 ;;                                              0 COMMON     6     6      0
   224 ;; ---------------------------------------------------------------------------------
   225 ;; Estimated maximum stack depth 2
   226 ;; ---------------------------------------------------------------------------------
   227                           
   228 ;; Call Graph Graphs:
   229                           
   230 ;; _main (ROOT)
   231 ;;   _I2C_Slave_Init
   232 ;;
   233 ;; _I2C_Slave_Read (ROOT)
   234 ;;
   235                           
   236 ;; Address spaces:
   237                           
   238 ;;Name               Size   Autos  Total    Cost      Usage
   239 ;;BITCOMMON            E      0       0       0        0.0%
   240 ;;EEDATA             100      0       0       0        0.0%
   241 ;;NULL                 0      0       0       0        0.0%
   242 ;;CODE                 0      0       0       0        0.0%
   243 ;;COMMON               E      8       A       1       71.4%
   244 ;;BITSFR0              0      0       0       1        0.0%
   245 ;;SFR0                 0      0       0       1        0.0%
   246 ;;BITSFR1              0      0       0       2        0.0%
   247 ;;SFR1                 0      0       0       2        0.0%
   248 ;;STACK                0      0       1       2        0.0%
   249 ;;ABS                  0      0       A       3        0.0%
   250 ;;BITBANK0            50      0       0       4        0.0%
   251 ;;BITSFR3              0      0       0       4        0.0%
   252 ;;SFR3                 0      0       0       4        0.0%
   253 ;;BANK0               50      0       0       5        0.0%
   254 ;;BITSFR2              0      0       0       5        0.0%
   255 ;;SFR2                 0      0       0       5        0.0%
   256 ;;BITBANK1            50      0       0       6        0.0%
   257 ;;BANK1               50      0       0       7        0.0%
   258 ;;BITBANK3            60      0       0       8        0.0%
   259 ;;BANK3               60      0       0       9        0.0%
   260 ;;BITBANK2            60      0       0      10        0.0%
   261 ;;BANK2               60      0       0      11        0.0%
   262 ;;DATA                 0      0       B      12        0.0%
   263                           
   264                           	global	_main
   265                           psect	maintext,global,class=CODE,delta=2
   266                           global __pmaintext
   267  0098                     __pmaintext:
   268                           
   269 ;; *************** function _main *****************
   270 ;; Defined at:
   271 ;;		line 6 in file "C:\Users\ELCOT\Desktop\pic16f877a I2C\I2C SLAVE\I2C SLAVE.c"
   272 ;; Parameters:    Size  Location     Type
   273 ;;		None
   274 ;; Auto vars:     Size  Location     Type
   275 ;;		None
   276 ;; Return value:  Size  Location     Type
   277 ;;                  2  688[COMMON] int 
   278 ;; Registers used:
   279 ;;		wreg, status,2, status,0, pclath, cstack
   280 ;; Tracked objects:
   281 ;;		On entry : 17F/0
   282 ;;		On exit  : 0/0
   283 ;;		Unchanged: 0/0
   284 ;; Data sizes:     COMMON   BANK0   BANK1   BANK3   BANK2
   285 ;;      Params:         0       0       0       0       0
   286 ;;      Locals:         0       0       0       0       0
   287 ;;      Temps:          0       0       0       0       0
   288 ;;      Totals:         0       0       0       0       0
   289 ;;Total ram usage:        0 bytes
   290 ;; Hardware stack levels required when called:    2
   291 ;; This function calls:
   292 ;;		_I2C_Slave_Init
   293 ;; This function is called by:
   294 ;;		Startup code after reset
   295 ;; This function uses a non-reentrant model
   296 ;;
   297                           psect	maintext
   298                           	file	"C:\Users\ELCOT\Desktop\pic16f877a I2C\I2C SLAVE\I2C SLAVE.c"
   299                           	line	6
   300                           	global	__size_of_main
   301  0017                     	__size_of_main	equ	__end_of_main-_main
   302                           	
   303  0098                     _main:	
   304                           	opt	stack 6
   305                           ; Regs used in _main: [wreg+status,2+status,0+pclath+cstack]
   306                           	line	7
   307                           	
   308  0098                     l2662:	
   309                           ;I2C SLAVE.c: 7: nRBPU = 0;
   310  0098  1683               	bsf	status, 5	;RP0=1, select bank1
   311  0099  1303               	bcf	status, 6	;RP1=0, select bank1
   312  009A  1381               	bcf	(1039/8)^080h,(1039)&7
   313                           	line	8
   314                           	
   315  009B                     l2664:	
   316                           ;I2C SLAVE.c: 8: TRISB = 0xFF;
   317  009B  30FF               	movlw	(0FFh)
   318  009C  0086               	movwf	(134)^080h	;volatile
   319                           	line	9
   320                           	
   321  009D                     l2666:	
   322                           ;I2C SLAVE.c: 9: TRISD = 0x00;
   323  009D  0188               	clrf	(136)^080h	;volatile
   324                           	line	10
   325                           	
   326  009E                     l2668:	
   327                           ;I2C SLAVE.c: 10: PORTD = 0x00;
   328  009E  1283               	bcf	status, 5	;RP0=0, select bank0
   329  009F  1303               	bcf	status, 6	;RP1=0, select bank0
   330  00A0  0188               	clrf	(8)	;volatile
   331                           	line	11
   332                           	
   333  00A1                     l2670:	
   334                           ;I2C SLAVE.c: 11: I2C_Slave_Init(0xD0);
   335  00A1  30D0               	movlw	low(0D0h)
   336  00A2  00F6               	movwf	(?_I2C_Slave_Init)
   337  00A3  3000               	movlw	high(0D0h)
   338  00A4  00F7               	movwf	((?_I2C_Slave_Init))+1
   339  00A5  120A  118A  207F   	fcall	_I2C_Slave_Init
              120A  118A         
   340  00AA  28AB               	goto	l690
   341                           	line	12
   342                           ;I2C SLAVE.c: 12: while(1)
   343                           	
   344  00AB                     l689:	
   345                           	line	14
   346                           ;I2C SLAVE.c: 13: {
   347                           	
   348  00AB                     l690:	
   349                           	line	12
   350  00AB  28AB               	goto	l690
   351                           	
   352  00AC                     l691:	
   353                           	line	15
   354                           	
   355  00AC                     l692:	
   356                           	global	start
   357  00AC  120A  118A  2812   	ljmp	start
   358                           	opt stack 0
   359                           GLOBAL	__end_of_main
   360  00AF                     	__end_of_main:
   361 ;; =============== function _main ends ============
   362                           
   363                           	signat	_main,90
   364                           	global	_I2C_Slave_Init
   365                           psect	text89,local,class=CODE,delta=2
   366                           global __ptext89
   367  007F                     __ptext89:
   368                           
   369 ;; *************** function _I2C_Slave_Init *****************
   370 ;; Defined at:
   371 ;;		line 17 in file "C:\Users\ELCOT\Desktop\pic16f877a I2C\I2C SLAVE\I2C SLAVE.c"
   372 ;; Parameters:    Size  Location     Type
   373 ;;  address         2    6[COMMON] short 
   374 ;; Auto vars:     Size  Location     Type
   375 ;;		None
   376 ;; Return value:  Size  Location     Type
   377 ;;		None               void
   378 ;; Registers used:
   379 ;;		wreg
   380 ;; Tracked objects:
   381 ;;		On entry : 0/0
   382 ;;		On exit  : 0/0
   383 ;;		Unchanged: 0/0
   384 ;; Data sizes:     COMMON   BANK0   BANK1   BANK3   BANK2
   385 ;;      Params:         2       0       0       0       0
   386 ;;      Locals:         0       0       0       0       0
   387 ;;      Temps:          0       0       0       0       0
   388 ;;      Totals:         2       0       0       0       0
   389 ;;Total ram usage:        2 bytes
   390 ;; Hardware stack levels used:    1
   391 ;; Hardware stack levels required when called:    1
   392 ;; This function calls:
   393 ;;		Nothing
   394 ;; This function is called by:
   395 ;;		_main
   396 ;; This function uses a non-reentrant model
   397 ;;
   398                           psect	text89
   399                           	file	"C:\Users\ELCOT\Desktop\pic16f877a I2C\I2C SLAVE\I2C SLAVE.c"
   400                           	line	17
   401                           	global	__size_of_I2C_Slave_Init
   402  0019                     	__size_of_I2C_Slave_Init	equ	__end_of_I2C_Slave_Init-_I2C_Slave_Init
   403                           	
   404  007F                     _I2C_Slave_Init:	
   405                           	opt	stack 6
   406                           ; Regs used in _I2C_Slave_Init: [wreg]
   407                           	line	18
   408                           	
   409  007F                     l1758:	
   410                           ;I2C SLAVE.c: 18: SSPSTAT = 0x80;
   411  007F  3080               	movlw	(080h)
   412  0080  1683               	bsf	status, 5	;RP0=1, select bank1
   413  0081  1303               	bcf	status, 6	;RP1=0, select bank1
   414  0082  0094               	movwf	(148)^080h	;volatile
   415                           	line	19
   416                           ;I2C SLAVE.c: 19: SSPADD = address;
   417  0083  0876               	movf	(I2C_Slave_Init@address),w
   418  0084  0093               	movwf	(147)^080h	;volatile
   419                           	line	20
   420                           ;I2C SLAVE.c: 20: SSPCON = 0x36;
   421  0085  3036               	movlw	(036h)
   422  0086  1283               	bcf	status, 5	;RP0=0, select bank0
   423  0087  1303               	bcf	status, 6	;RP1=0, select bank0
   424  0088  0094               	movwf	(20)	;volatile
   425                           	line	21
   426                           ;I2C SLAVE.c: 21: SSPCON2 = 0x01;
   427  0089  3001               	movlw	(01h)
   428  008A  1683               	bsf	status, 5	;RP0=1, select bank1
   429  008B  1303               	bcf	status, 6	;RP1=0, select bank1
   430  008C  0091               	movwf	(145)^080h	;volatile
   431                           	line	22
   432                           	
   433  008D                     l1760:	
   434                           ;I2C SLAVE.c: 22: TRISC3 = 1;
   435  008D  1587               	bsf	(1083/8)^080h,(1083)&7
   436                           	line	23
   437                           	
   438  008E                     l1762:	
   439                           ;I2C SLAVE.c: 23: TRISC4 = 1;
   440  008E  1607               	bsf	(1084/8)^080h,(1084)&7
   441                           	line	24
   442                           	
   443  008F                     l1764:	
   444                           ;I2C SLAVE.c: 24: GIE = 1;
   445  008F  178B               	bsf	(95/8),(95)&7
   446                           	line	25
   447                           	
   448  0090                     l1766:	
   449                           ;I2C SLAVE.c: 25: PEIE = 1;
   450  0090  170B               	bsf	(94/8),(94)&7
   451                           	line	26
   452                           	
   453  0091                     l1768:	
   454                           ;I2C SLAVE.c: 26: SSPIF = 0;
   455  0091  1283               	bcf	status, 5	;RP0=0, select bank0
   456  0092  1303               	bcf	status, 6	;RP1=0, select bank0
   457  0093  118C               	bcf	(99/8),(99)&7
   458                           	line	27
   459                           	
   460  0094                     l1770:	
   461                           ;I2C SLAVE.c: 27: SSPIE = 1;
   462  0094  1683               	bsf	status, 5	;RP0=1, select bank1
   463  0095  1303               	bcf	status, 6	;RP1=0, select bank1
   464  0096  158C               	bsf	(1123/8)^080h,(1123)&7
   465                           	line	28
   466                           	
   467  0097                     l695:	
   468  0097  0008               	return
   469                           	opt stack 0
   470                           GLOBAL	__end_of_I2C_Slave_Init
   471  0098                     	__end_of_I2C_Slave_Init:
   472 ;; =============== function _I2C_Slave_Init ends ============
   473                           
   474                           	signat	_I2C_Slave_Init,4216
   475                           	global	_I2C_Slave_Read
   476                           psect	text90,local,class=CODE,delta=2
   477                           global __ptext90
   478  0015                     __ptext90:
   479                           
   480 ;; *************** function _I2C_Slave_Read *****************
   481 ;; Defined at:
   482 ;;		line 30 in file "C:\Users\ELCOT\Desktop\pic16f877a I2C\I2C SLAVE\I2C SLAVE.c"
   483 ;; Parameters:    Size  Location     Type
   484 ;;		None
   485 ;; Auto vars:     Size  Location     Type
   486 ;;		None
   487 ;; Return value:  Size  Location     Type
   488 ;;		None               void
   489 ;; Registers used:
   490 ;;		wreg
   491 ;; Tracked objects:
   492 ;;		On entry : 0/0
   493 ;;		On exit  : 0/0
   494 ;;		Unchanged: 0/0
   495 ;; Data sizes:     COMMON   BANK0   BANK1   BANK3   BANK2
   496 ;;      Params:         0       0       0       0       0
   497 ;;      Locals:         0       0       0       0       0
   498 ;;      Temps:          6       0       0       0       0
   499 ;;      Totals:         6       0       0       0       0
   500 ;;Total ram usage:        6 bytes
   501 ;; Hardware stack levels used:    1
   502 ;; This function calls:
   503 ;;		Nothing
   504 ;; This function is called by:
   505 ;;		Interrupt level 1
   506 ;; This function uses a non-reentrant model
   507 ;;
   508                           psect	text90
   509                           	file	"C:\Users\ELCOT\Desktop\pic16f877a I2C\I2C SLAVE\I2C SLAVE.c"
   510                           	line	30
   511                           	global	__size_of_I2C_Slave_Read
   512  006A                     	__size_of_I2C_Slave_Read	equ	__end_of_I2C_Slave_Read-_I2C_Slave_Read
   513                           	
   514  0015                     _I2C_Slave_Read:	
   515                           	opt	stack 6
   516                           ; Regs used in _I2C_Slave_Read: [wreg]
   517                           psect	intentry,class=CODE,delta=2
   518                           global __pintentry
   519  0004                     __pintentry:
   520                           global interrupt_function
   521  0004                     interrupt_function:
   522                           	global saved_w
   523  007E                     	saved_w	set	btemp+0
   524  0004  00FE               	movwf	saved_w
   525  0005  0E03               	swapf	status,w
   526  0006  00F2               	movwf	(??_I2C_Slave_Read+2)
   527  0007  0804               	movf	fsr0,w
   528  0008  00F3               	movwf	(??_I2C_Slave_Read+3)
   529  0009  080A               	movf	pclath,w
   530  000A  00F4               	movwf	(??_I2C_Slave_Read+4)
   531  000B  1283               	bcf	status, 5	;RP0=0, select bank0
   532  000C  1303               	bcf	status, 6	;RP1=0, select bank0
   533  000D  087F               	movf	btemp+1,w
   534  000E  00F5               	movwf	(??_I2C_Slave_Read+5)
   535  000F  120A  118A  2815   	ljmp	_I2C_Slave_Read
   536                           psect	text90
   537                           	line	31
   538                           	
   539  0015                     i1l1772:	
   540                           ;I2C SLAVE.c: 31: if(SSPIF == 1)
   541  0015  1D8C               	btfss	(99/8),(99)&7
   542  0016  2818               	goto	u1_21
   543  0017  2819               	goto	u1_20
   544  0018                     u1_21:
   545  0018  2874               	goto	i1l711
   546  0019                     u1_20:
   547                           	line	33
   548                           	
   549  0019                     i1l1774:	
   550                           ;I2C SLAVE.c: 32: {
   551                           ;I2C SLAVE.c: 33: SSPCONbits.CKP = 0;
   552  0019  1214               	bcf	(20),4	;volatile
   553                           	line	35
   554                           ;I2C SLAVE.c: 35: if ((SSPCONbits.SSPOV) || (SSPCONbits.WCOL))
   555  001A  1B14               	btfsc	(20),6	;volatile
   556  001B  281D               	goto	u2_21
   557  001C  281E               	goto	u2_20
   558  001D                     u2_21:
   559  001D  2823               	goto	i1l1778
   560  001E                     u2_20:
   561                           	
   562  001E                     i1l1776:	
   563  001E  1F94               	btfss	(20),7	;volatile
   564  001F  2821               	goto	u3_21
   565  0020  2822               	goto	u3_20
   566  0021                     u3_21:
   567  0021  282E               	goto	i1l1786
   568  0022                     u3_20:
   569  0022  2823               	goto	i1l1778
   570                           	
   571  0023                     i1l701:	
   572                           	line	37
   573                           	
   574  0023                     i1l1778:	
   575                           ;I2C SLAVE.c: 36: {
   576                           ;I2C SLAVE.c: 37: z = SSPBUF;
   577  0023  0813               	movf	(19),w	;volatile
   578  0024  00F0               	movwf	(??_I2C_Slave_Read+0)+0
   579  0025  01F1               	clrf	(??_I2C_Slave_Read+0)+0+1
   580  0026  0870               	movf	0+(??_I2C_Slave_Read+0)+0,w
   581  0027  00F8               	movwf	(_z)
   582  0028  0871               	movf	1+(??_I2C_Slave_Read+0)+0,w
   583  0029  00F9               	movwf	(_z+1)
   584                           	line	38
   585                           	
   586  002A                     i1l1780:	
   587                           ;I2C SLAVE.c: 38: SSPCONbits.SSPOV = 0;
   588  002A  1314               	bcf	(20),6	;volatile
   589                           	line	39
   590                           	
   591  002B                     i1l1782:	
   592                           ;I2C SLAVE.c: 39: SSPCONbits.WCOL = 0;
   593  002B  1394               	bcf	(20),7	;volatile
   594                           	line	40
   595                           	
   596  002C                     i1l1784:	
   597                           ;I2C SLAVE.c: 40: SSPCONbits.CKP = 1;
   598  002C  1614               	bsf	(20),4	;volatile
   599  002D  282E               	goto	i1l1786
   600                           	line	41
   601                           	
   602  002E                     i1l699:	
   603                           	line	43
   604                           	
   605  002E                     i1l1786:	
   606                           ;I2C SLAVE.c: 41: }
   607                           ;I2C SLAVE.c: 43: if(!SSPSTATbits.D_nA && !SSPSTATbits.R_nW)
   608  002E  1683               	bsf	status, 5	;RP0=1, select bank1
   609  002F  1303               	bcf	status, 6	;RP1=0, select bank1
   610  0030  1A94               	btfsc	(148)^080h,5	;volatile
   611  0031  2833               	goto	u4_21
   612  0032  2834               	goto	u4_20
   613  0033                     u4_21:
   614  0033  284F               	goto	i1l702
   615  0034                     u4_20:
   616                           	
   617  0034                     i1l1788:	
   618  0034  1914               	btfsc	(148)^080h,2	;volatile
   619  0035  2837               	goto	u5_21
   620  0036  2838               	goto	u5_20
   621  0037                     u5_21:
   622  0037  284F               	goto	i1l702
   623  0038                     u5_20:
   624                           	line	45
   625                           	
   626  0038                     i1l1790:	
   627                           ;I2C SLAVE.c: 44: {
   628                           ;I2C SLAVE.c: 45: z = SSPBUF;
   629  0038  1283               	bcf	status, 5	;RP0=0, select bank0
   630  0039  1303               	bcf	status, 6	;RP1=0, select bank0
   631  003A  0813               	movf	(19),w	;volatile
   632  003B  00F0               	movwf	(??_I2C_Slave_Read+0)+0
   633  003C  01F1               	clrf	(??_I2C_Slave_Read+0)+0+1
   634  003D  0870               	movf	0+(??_I2C_Slave_Read+0)+0,w
   635  003E  00F8               	movwf	(_z)
   636  003F  0871               	movf	1+(??_I2C_Slave_Read+0)+0,w
   637  0040  00F9               	movwf	(_z+1)
   638                           	line	46
   639                           ;I2C SLAVE.c: 46: while(!BF);
   640  0041  2842               	goto	i1l703
   641                           	
   642  0042                     i1l704:	
   643                           	
   644  0042                     i1l703:	
   645  0042  1683               	bsf	status, 5	;RP0=1, select bank1
   646  0043  1303               	bcf	status, 6	;RP1=0, select bank1
   647  0044  1C14               	btfss	(1184/8)^080h,(1184)&7
   648  0045  2847               	goto	u6_21
   649  0046  2848               	goto	u6_20
   650  0047                     u6_21:
   651  0047  2842               	goto	i1l703
   652  0048                     u6_20:
   653  0048  2849               	goto	i1l1792
   654                           	
   655  0049                     i1l705:	
   656                           	line	47
   657                           	
   658  0049                     i1l1792:	
   659                           ;I2C SLAVE.c: 47: PORTD = SSPBUF;
   660  0049  1283               	bcf	status, 5	;RP0=0, select bank0
   661  004A  1303               	bcf	status, 6	;RP1=0, select bank0
   662  004B  0813               	movf	(19),w	;volatile
   663  004C  0088               	movwf	(8)	;volatile
   664                           	line	48
   665                           	
   666  004D                     i1l1794:	
   667                           ;I2C SLAVE.c: 48: SSPCONbits.CKP = 1;
   668  004D  1614               	bsf	(20),4	;volatile
   669                           	line	49
   670                           ;I2C SLAVE.c: 49: }
   671  004E  2871               	goto	i1l706
   672                           	line	50
   673                           	
   674  004F                     i1l702:	
   675                           ;I2C SLAVE.c: 50: else if(!SSPSTATbits.D_nA && SSPSTATbits.R_nW)
   676  004F  1A94               	btfsc	(148)^080h,5	;volatile
   677  0050  2852               	goto	u7_21
   678  0051  2853               	goto	u7_20
   679  0052                     u7_21:
   680  0052  2871               	goto	i1l706
   681  0053                     u7_20:
   682                           	
   683  0053                     i1l1796:	
   684  0053  1D14               	btfss	(148)^080h,2	;volatile
   685  0054  2856               	goto	u8_21
   686  0055  2857               	goto	u8_20
   687  0056                     u8_21:
   688  0056  2871               	goto	i1l706
   689  0057                     u8_20:
   690                           	line	52
   691                           	
   692  0057                     i1l1798:	
   693                           ;I2C SLAVE.c: 51: {
   694                           ;I2C SLAVE.c: 52: z = SSPBUF;
   695  0057  1283               	bcf	status, 5	;RP0=0, select bank0
   696  0058  1303               	bcf	status, 6	;RP1=0, select bank0
   697  0059  0813               	movf	(19),w	;volatile
   698  005A  00F0               	movwf	(??_I2C_Slave_Read+0)+0
   699  005B  01F1               	clrf	(??_I2C_Slave_Read+0)+0+1
   700  005C  0870               	movf	0+(??_I2C_Slave_Read+0)+0,w
   701  005D  00F8               	movwf	(_z)
   702  005E  0871               	movf	1+(??_I2C_Slave_Read+0)+0,w
   703  005F  00F9               	movwf	(_z+1)
   704                           	line	53
   705                           	
   706  0060                     i1l1800:	
   707                           ;I2C SLAVE.c: 53: BF = 0;
   708  0060  1683               	bsf	status, 5	;RP0=1, select bank1
   709  0061  1303               	bcf	status, 6	;RP1=0, select bank1
   710  0062  1014               	bcf	(1184/8)^080h,(1184)&7
   711                           	line	54
   712                           ;I2C SLAVE.c: 54: SSPBUF = PORTB ;
   713  0063  1283               	bcf	status, 5	;RP0=0, select bank0
   714  0064  1303               	bcf	status, 6	;RP1=0, select bank0
   715  0065  0806               	movf	(6),w	;volatile
   716  0066  0093               	movwf	(19)	;volatile
   717                           	line	55
   718                           	
   719  0067                     i1l1802:	
   720                           ;I2C SLAVE.c: 55: SSPCONbits.CKP = 1;
   721  0067  1614               	bsf	(20),4	;volatile
   722                           	line	56
   723                           ;I2C SLAVE.c: 56: while(SSPSTATbits.BF);
   724  0068  2869               	goto	i1l708
   725                           	
   726  0069                     i1l709:	
   727                           	
   728  0069                     i1l708:	
   729  0069  1683               	bsf	status, 5	;RP0=1, select bank1
   730  006A  1303               	bcf	status, 6	;RP1=0, select bank1
   731  006B  1814               	btfsc	(148)^080h,0	;volatile
   732  006C  286E               	goto	u9_21
   733  006D  286F               	goto	u9_20
   734  006E                     u9_21:
   735  006E  2869               	goto	i1l708
   736  006F                     u9_20:
   737  006F  2871               	goto	i1l706
   738                           	
   739  0070                     i1l710:	
   740  0070  2871               	goto	i1l706
   741                           	line	57
   742                           	
   743  0071                     i1l707:	
   744                           	line	58
   745                           	
   746  0071                     i1l706:	
   747                           ;I2C SLAVE.c: 57: }
   748                           ;I2C SLAVE.c: 58: SSPIF = 0;
   749  0071  1283               	bcf	status, 5	;RP0=0, select bank0
   750  0072  118C               	bcf	(99/8),(99)&7
   751  0073  2874               	goto	i1l711
   752                           	line	59
   753                           	
   754  0074                     i1l698:	
   755                           	line	60
   756                           	
   757  0074                     i1l711:	
   758  0074  0875               	movf	(??_I2C_Slave_Read+5),w
   759  0075  00FF               	movwf	btemp+1
   760  0076  0874               	movf	(??_I2C_Slave_Read+4),w
   761  0077  008A               	movwf	pclath
   762  0078  0873               	movf	(??_I2C_Slave_Read+3),w
   763  0079  0084               	movwf	fsr0
   764  007A  0E72               	swapf	(??_I2C_Slave_Read+2)^0FFFFFF80h,w
   765  007B  0083               	movwf	status
   766  007C  0EFE               	swapf	saved_w,f
   767  007D  0E7E               	swapf	saved_w,w
   768  007E  0009               	retfie
   769                           	opt stack 0
   770                           GLOBAL	__end_of_I2C_Slave_Read
   771  007F                     	__end_of_I2C_Slave_Read:
   772 ;; =============== function _I2C_Slave_Read ends ============
   773                           
   774                           	signat	_I2C_Slave_Read,88
   775                           psect	text91,local,class=CODE,delta=2
   776                           global __ptext91
   777  0000                     __ptext91:
   778                           	global	btemp
   779  007E                     	btemp set 07Eh
   780                           
   781                           	DABS	1,126,2	;btemp
   782                           	global	wtemp0
   783  007E                     	wtemp0 set btemp


HI-TECH Software PICC Macro Assembler V9.82 build 9453 
Symbol Table                                                                                   Tue Dec 31 18:48:18 2019

                      _z 0078              _SSPSTATbits 0094                       _BF 04A0  
                     _RD 0C60                       _WR 0C61                      l690 00AB  
                    l691 00AC                      l692 00AC                      l695 0097  
                    l689 00AB                      _GIE 005F                      fsr0 0004  
                   l1760 008D                     l1770 0094                     l1762 008E  
                   l1764 008F                     l1766 0090                     l1758 007F  
                   l2670 00A1                     l2662 0098                     l1768 0091  
                   l2664 009B                     l2666 009D                     l2668 009E  
                   _PEIE 005E                     _WREN 0C62                     u1_20 0019  
                   u1_21 0018                     u2_20 001E                     u2_21 001D  
                   u3_20 0022                     u3_21 0021                     u4_20 0034  
                   u4_21 0033                     u5_20 0038                     u5_21 0037  
                   u6_20 0048                     u6_21 0047                     u7_20 0053  
                   u7_21 0052                     u8_20 0057                     u8_21 0056  
                   u9_20 006F                     u9_21 006E                     _main 0098  
                   btemp 007E                     start 0012                    ?_main 0070  
                  _EEADR 010D                    _CARRY 0018                    i1l701 0023  
                  i1l710 0070                    i1l702 004F                    i1l703 0042  
                  i1l711 0074                    i1l704 0042                    i1l705 0049  
                  i1l706 0071                    i1l707 0071                    i1l708 0069  
                  i1l709 0069                    i1l698 0074                    i1l699 002E  
                  _PORTB 0006                    _PORTD 0008                    _TRISB 0086  
                  _TRISD 0088                    _SSPIE 0463                    _SSPIF 0063  
                  _nRBPU 040F                    pclath 000A                    status 0003  
                  wtemp0 007E             __end_of_main 00AF                   ??_main 0078  
                 _EEDATA 010C                   _EECON1 018C                   _EECON2 018D  
                 i1l1800 0060                   i1l1802 0067                   i1l1780 002A  
                 i1l1772 0015                   i1l1790 0038                   i1l1782 002B  
                 i1l1774 0019                   i1l1792 0049                   i1l1784 002C  
                 i1l1776 001E                   i1l1794 004D                   i1l1786 002E  
                 i1l1778 0023                   i1l1796 0053                   i1l1788 0034  
                 i1l1798 0057                   _SSPADD 0093                   _TRISC3 043B  
                 _TRISC4 043C                   _SSPCON 0014                   _SSPBUF 0013  
                 saved_w 007E           __pcstackCOMMON 0070  __size_of_I2C_Slave_Init 0019  
__size_of_I2C_Slave_Read 006A    I2C_Slave_Init@address 0076               __pmaintext 0098  
             __pintentry 0004                  _SSPCON2 0091                  _SSPSTAT 0094  
   end_of_initialization 00B1           _I2C_Slave_Init 007F           _I2C_Slave_Read 0015  
 __end_of_I2C_Slave_Init 0098   __end_of_I2C_Slave_Read 007F      start_initialization 00AF  
        ?_I2C_Slave_Init 0076          ?_I2C_Slave_Read 0070              __pbssCOMMON 0078  
      interrupt_function 0004                 __ptext90 0015                 __ptext91 0000  
               __ptext88 0000                 __ptext89 007F         ??_I2C_Slave_Init 0078  
       ??_I2C_Slave_Read 0070            __size_of_main 0017                 intlevel1 0000  
             _SSPCONbits 0014  
