

HI-TECH Software PIC LITE Macro Assembler V9.83 build 10920 
                                                                                               Sat Sep 26 08:37:10 2020

HI-TECH Software Omniscient Code Generator (Lite mode) build 10920
     1  0000                     opt subtitle "HI-TECH Software Omniscient Code Generator (Lite mode) build 10920"
     2                           
     3                           opt pagewidth 120
     4                           
     5                           	opt lm
     6                           
     7                           	processor	16F877A
     8                           clrc	macro
     9                           	bcf	3,0
    10  0000                     	endm
    11                           clrz	macro
    12                           	bcf	3,2
    13  0000                     	endm
    14                           setc	macro
    15                           	bsf	3,0
    16  0000                     	endm
    17                           setz	macro
    18                           	bsf	3,2
    19  0000                     	endm
    20                           skipc	macro
    21                           	btfss	3,0
    22  0000                     	endm
    23                           skipz	macro
    24                           	btfss	3,2
    25  0000                     	endm
    26                           skipnc	macro
    27                           	btfsc	3,0
    28  0000                     	endm
    29                           skipnz	macro
    30                           	btfsc	3,2
    31  0000                     	endm
    32  0000                     indf	equ	0
    33  0000                     indf0	equ	0
    34  0002                     pc	equ	2
    35  0002                     pcl	equ	2
    36  0003                     status	equ	3
    37  0004                     fsr	equ	4
    38  0004                     fsr0	equ	4
    39  0001                     c	equ	1
    40  0000                     z	equ	0
    41  000A                     pclath	equ	10
    42                           	FNCALL	_main,_SPI_Initialize_Master
    43                           	FNCALL	_main,_SPI_Write
    44                           	FNROOT	_main
    45                           	global	_arr
    46                           	global	_ar2
    47                           psect	idataBANK0,class=CODE,space=0,delta=2
    48                           global __pidataBANK0
    49  077C                     __pidataBANK0:
    50                           	file	"SPI 7 SEG manual.c"
    51                           	line	10
    52                           
    53                           ;initializer for _arr
    54  077C  343F               	retlw	03Fh
    55  077D  3400               	retlw	0
    56                           
    57  077E  3406               	retlw	06h
    58  077F  3400               	retlw	0
    59                           
    60  0780  345B               	retlw	05Bh
    61  0781  3400               	retlw	0
    62                           
    63  0782  344F               	retlw	04Fh
    64  0783  3400               	retlw	0
    65                           
    66  0784  3466               	retlw	066h
    67  0785  3400               	retlw	0
    68                           
    69  0786  346D               	retlw	06Dh
    70  0787  3400               	retlw	0
    71                           
    72  0788  347C               	retlw	07Ch
    73  0789  3400               	retlw	0
    74                           
    75  078A  3407               	retlw	07h
    76  078B  3400               	retlw	0
    77                           
    78  078C  347F               	retlw	07Fh
    79  078D  3400               	retlw	0
    80                           
    81  078E  346F               	retlw	06Fh
    82  078F  3400               	retlw	0
    83                           
    84                           	line	11
    85                           
    86                           ;initializer for _ar2
    87  0790  3401               	retlw	01h
    88  0791  3400               	retlw	0
    89                           
    90  0792  3402               	retlw	02h
    91  0793  3400               	retlw	0
    92                           
    93  0794  3403               	retlw	03h
    94  0795  3400               	retlw	0
    95                           
    96  0796  3404               	retlw	04h
    97  0797  3400               	retlw	0
    98                           
    99  0798  3405               	retlw	05h
   100  0799  3400               	retlw	0
   101                           
   102  079A  3406               	retlw	06h
   103  079B  3400               	retlw	0
   104                           
   105  079C  3407               	retlw	07h
   106  079D  3400               	retlw	0
   107                           
   108  079E  3408               	retlw	08h
   109  079F  3400               	retlw	0
   110                           
   111                           	global	_SSPBUF
   112  0013                     _SSPBUF	set	19
   113                           	global	_SSPCON
   114  0014                     _SSPCON	set	20
   115                           	global	_CARRY
   116  0018                     _CARRY	set	24
   117                           	global	_GIE
   118  005F                     _GIE	set	95
   119                           	global	_RC2
   120  003A                     _RC2	set	58
   121                           	global	_SSPSTAT
   122  0094                     _SSPSTAT	set	148
   123                           	global	_SSPSTATbits
   124  0094                     _SSPSTATbits	set	148
   125                           	global	_TRISC2
   126  043A                     _TRISC2	set	1082
   127                           	global	_TRISC3
   128  043B                     _TRISC3	set	1083
   129                           	global	_TRISC5
   130  043D                     _TRISC5	set	1085
   131                           	global	_EEADR
   132  010D                     _EEADR	set	269
   133                           	global	_EEDATA
   134  010C                     _EEDATA	set	268
   135                           	global	_EECON1
   136  018C                     _EECON1	set	396
   137                           	global	_EECON2
   138  018D                     _EECON2	set	397
   139                           	global	_RD
   140  0C60                     _RD	set	3168
   141                           	global	_WR
   142  0C61                     _WR	set	3169
   143                           	global	_WREN
   144  0C62                     _WREN	set	3170
   145                           	file	"C:\Users\Aravinth\AppData\Local\Temp\sb7c."
   146                           	line	#
   147                           psect cinit,class=CODE,delta=2
   148                           global start_initialization
   149  073A                     start_initialization:
   150                           
   151                           psect	dataBANK0,class=BANK0,space=1
   152                           global __pdataBANK0
   153  0020                     __pdataBANK0:
   154                           	file	"SPI 7 SEG manual.c"
   155                           	line	10
   156  0020                     _arr:
   157  0020                            ds      20
   158                           
   159                           psect	dataBANK0
   160                           	file	"SPI 7 SEG manual.c"
   161                           	line	11
   162  0034                     _ar2:
   163  0034                            ds      16
   164                           
   165                           global btemp
   166                           psect inittext,class=CODE,delta=2
   167                           global init_fetch,btemp
   168                           ;	Called with low address in FSR and high address in W
   169  074C                     init_fetch:
   170  074C  087E               	movf btemp,w
   171  074D  008A               	movwf pclath
   172  074E  087F               	movf btemp+1,w
   173  074F  0082               	movwf pc
   174                           global init_ram
   175                           ;Called with:
   176                           ;	high address of idata address in btemp 
   177                           ;	low address of idata address in btemp+1 
   178                           ;	low address of data in FSR
   179                           ;	high address + 1 of data in btemp-1
   180  0750                     init_ram:
   181  0750  120A  118A  274C   	fcall init_fetch
              120A  118A         
   182  0755  0080               	movwf indf,f
   183  0756  0A84               	incf fsr,f
   184  0757  0804               	movf fsr,w
   185  0758  067D               	xorwf btemp-1,w
   186  0759  1903               	btfsc status,2
   187  075A  3400               	retlw 0
   188  075B  0AFF               	incf btemp+1,f
   189  075C  1903               	btfsc status,2
   190  075D  0AFE               	incf btemp,f
   191  075E  2F50               	goto init_ram
   192                           ; Initialize objects allocated to BANK0
   193                           psect cinit,class=CODE,delta=2
   194                           global init_ram, __pidataBANK0
   195  073A  1383               	bcf	status, 7	;select IRP bank0
   196  073B  3044               	movlw low(__pdataBANK0+36)
   197  073C  00FD               	movwf btemp-1,f
   198  073D  3007               	movlw high(__pidataBANK0)
   199  073E  00FE               	movwf btemp,f
   200  073F  307C               	movlw low(__pidataBANK0)
   201  0740  00FF               	movwf btemp+1,f
   202  0741  3020               	movlw low(__pdataBANK0)
   203  0742  0084               	movwf fsr,f
   204  0743  120A  118A  2750   	fcall init_ram
              120A  118A         
   205                           psect cinit,class=CODE,delta=2
   206                           global end_of_initialization
   207                           
   208                           ;End of C runtime variable initialization code
   209                           
   210  0748                     end_of_initialization:
   211  0748  0183               clrf status
   212  0749  120A  118A  2FA0   ljmp _main	;jump to C main() function
   213                           psect	cstackCOMMON,class=COMMON,space=1
   214                           global __pcstackCOMMON
   215  0070                     __pcstackCOMMON:
   216                           	global	?_SPI_Initialize_Master
   217  0070                     ?_SPI_Initialize_Master:	; 0 bytes @ 0x0
   218                           	global	??_SPI_Initialize_Master
   219  0070                     ??_SPI_Initialize_Master:	; 0 bytes @ 0x0
   220                           	global	?_SPI_Write
   221  0070                     ?_SPI_Write:	; 0 bytes @ 0x0
   222                           	global	?_main
   223  0070                     ?_main:	; 0 bytes @ 0x0
   224                           	global	SPI_Write@data
   225  0070                     SPI_Write@data:	; 1 bytes @ 0x0
   226  0070                     	ds	1
   227                           	global	??_SPI_Write
   228  0071                     ??_SPI_Write:	; 0 bytes @ 0x1
   229                           	global	SPI_Write@cmd
   230  0071                     SPI_Write@cmd:	; 1 bytes @ 0x1
   231  0071                     	ds	1
   232                           	global	??_main
   233  0072                     ??_main:	; 0 bytes @ 0x2
   234  0072                     	ds	1
   235                           psect	cstackBANK0,class=BANK0,space=1
   236                           global __pcstackBANK0
   237  0044                     __pcstackBANK0:
   238                           	global	main@a
   239  0044                     main@a:	; 2 bytes @ 0x0
   240  0044                     	ds	2
   241                           	global	main@b
   242  0046                     main@b:	; 2 bytes @ 0x2
   243  0046                     	ds	2
   244                           	global	main@c
   245  0048                     main@c:	; 2 bytes @ 0x4
   246  0048                     	ds	2
   247                           	global	main@d
   248  004A                     main@d:	; 2 bytes @ 0x6
   249  004A                     	ds	2
   250                           	global	main@e
   251  004C                     main@e:	; 2 bytes @ 0x8
   252  004C                     	ds	2
   253                           	global	main@f
   254  004E                     main@f:	; 2 bytes @ 0xA
   255  004E                     	ds	2
   256                           	global	main@g
   257  0050                     main@g:	; 2 bytes @ 0xC
   258  0050                     	ds	2
   259                           	global	main@h
   260  0052                     main@h:	; 2 bytes @ 0xE
   261  0052                     	ds	2
   262 ;;Data sizes: Strings 0, constant 0, data 36, bss 0, persistent 0 stack 0
   263 ;;Auto spaces:   Size  Autos    Used
   264 ;; COMMON          14      3       3
   265 ;; BANK0           80     16      52
   266 ;; BANK1           80      0       0
   267 ;; BANK3           96      0       0
   268 ;; BANK2           96      0       0
   269                           
   270 ;;
   271 ;; Pointer list with targets:
   272                           
   273                           
   274                           
   275 ;;
   276 ;; Critical Paths under _main in COMMON
   277 ;;
   278 ;;   _main->_SPI_Write
   279 ;;
   280 ;; Critical Paths under _main in BANK0
   281 ;;
   282 ;;   None.
   283 ;;
   284 ;; Critical Paths under _main in BANK1
   285 ;;
   286 ;;   None.
   287 ;;
   288 ;; Critical Paths under _main in BANK3
   289 ;;
   290 ;;   None.
   291 ;;
   292 ;; Critical Paths under _main in BANK2
   293 ;;
   294 ;;   None.
   295                           
   296 ;;
   297 ;;Main: autosize = 0, tempsize = 1, incstack = 0, save=0
   298 ;;
   299                           
   300 ;;
   301 ;;Call Graph Tables:
   302 ;;
   303 ;; ---------------------------------------------------------------------------------
   304 ;; (Depth) Function   	        Calls       Base Space   Used Autos Params    Refs
   305 ;; ---------------------------------------------------------------------------------
   306 ;; (0) _main                                                19    19      0      52
   307 ;;                                              2 COMMON     1     1      0
   308 ;;                                              0 BANK0     16    16      0
   309 ;;              _SPI_Initialize_Master
   310 ;;                          _SPI_Write
   311 ;; ---------------------------------------------------------------------------------
   312 ;; (1) _SPI_Write                                            2     1      1      44
   313 ;;                                              0 COMMON     2     1      1
   314 ;; ---------------------------------------------------------------------------------
   315 ;; (1) _SPI_Initialize_Master                                0     0      0       0
   316 ;; ---------------------------------------------------------------------------------
   317 ;; Estimated maximum stack depth 1
   318 ;; ---------------------------------------------------------------------------------
   319                           
   320 ;; Call Graph Graphs:
   321                           
   322 ;; _main (ROOT)
   323 ;;   _SPI_Initialize_Master
   324 ;;   _SPI_Write
   325 ;;
   326                           
   327 ;; Address spaces:
   328                           
   329 ;;Name               Size   Autos  Total    Cost      Usage
   330 ;;BANK3               60      0       0       9        0.0%
   331 ;;BITBANK3            60      0       0       8        0.0%
   332 ;;SFR3                 0      0       0       4        0.0%
   333 ;;BITSFR3              0      0       0       4        0.0%
   334 ;;BANK2               60      0       0      11        0.0%
   335 ;;BITBANK2            60      0       0      10        0.0%
   336 ;;SFR2                 0      0       0       5        0.0%
   337 ;;BITSFR2              0      0       0       5        0.0%
   338 ;;SFR1                 0      0       0       2        0.0%
   339 ;;BITSFR1              0      0       0       2        0.0%
   340 ;;BANK1               50      0       0       7        0.0%
   341 ;;BITBANK1            50      0       0       6        0.0%
   342 ;;CODE                 0      0       0       0        0.0%
   343 ;;DATA                 0      0      38      12        0.0%
   344 ;;ABS                  0      0      37       3        0.0%
   345 ;;NULL                 0      0       0       0        0.0%
   346 ;;STACK                0      0       1       2        0.0%
   347 ;;BANK0               50     10      34       5       65.0%
   348 ;;BITBANK0            50      0       0       4        0.0%
   349 ;;SFR0                 0      0       0       1        0.0%
   350 ;;BITSFR0              0      0       0       1        0.0%
   351 ;;COMMON               E      3       3       1       21.4%
   352 ;;BITCOMMON            E      0       0       0        0.0%
   353 ;;EEDATA             100      0       0       0        0.0%
   354                           
   355                           	global	_main
   356                           psect	maintext,global,class=CODE,delta=2
   357                           global __pmaintext
   358  07A0                     __pmaintext:
   359                           
   360 ;; *************** function _main *****************
   361 ;; Defined at:
   362 ;;		line 18 in file "SPI 7 SEG manual.c"
   363 ;; Parameters:    Size  Location     Type
   364 ;;		None
   365 ;; Auto vars:     Size  Location     Type
   366 ;;  h               2   14[BANK0 ] int 
   367 ;;  g               2   12[BANK0 ] int 
   368 ;;  f               2   10[BANK0 ] int 
   369 ;;  e               2    8[BANK0 ] int 
   370 ;;  d               2    6[BANK0 ] int 
   371 ;;  c               2    4[BANK0 ] int 
   372 ;;  b               2    2[BANK0 ] int 
   373 ;;  a               2    0[BANK0 ] int 
   374 ;;  i               2    0        int 
   375 ;; Return value:  Size  Location     Type
   376 ;;		None               void
   377 ;; Registers used:
   378 ;;		wreg, status,2, status,0, pclath, cstack
   379 ;; Tracked objects:
   380 ;;		On entry : 17F/0
   381 ;;		On exit  : 0/0
   382 ;;		Unchanged: 0/0
   383 ;; Data sizes:     COMMON   BANK0   BANK1   BANK3   BANK2
   384 ;;      Params:         0       0       0       0       0
   385 ;;      Locals:         0      16       0       0       0
   386 ;;      Temps:          1       0       0       0       0
   387 ;;      Totals:         1      16       0       0       0
   388 ;;Total ram usage:       17 bytes
   389 ;; Hardware stack levels required when called:    1
   390 ;; This function calls:
   391 ;;		_SPI_Initialize_Master
   392 ;;		_SPI_Write
   393 ;; This function is called by:
   394 ;;		Startup code after reset
   395 ;; This function uses a non-reentrant model
   396 ;;
   397                           psect	maintext
   398                           	file	"SPI 7 SEG manual.c"
   399                           	line	18
   400                           	global	__size_of_main
   401  0060                     	__size_of_main	equ	__end_of_main-_main
   402                           	
   403  07A0                     _main:	
   404                           	opt	stack 7
   405                           ; Regs used in _main: [wreg+status,2+status,0+pclath+cstack]
   406                           	line	19
   407                           	
   408  07A0                     l2704:	
   409                           ;SPI 7 SEG manual.c: 19: RC2=1;
   410  07A0  1283               	bcf	status, 5	;RP0=0, select bank0
   411  07A1  1303               	bcf	status, 6	;RP1=0, select bank0
   412  07A2  1507               	bsf	(58/8),(58)&7
   413                           	line	21
   414                           	
   415  07A3                     l2706:	
   416                           ;SPI 7 SEG manual.c: 20: int a,b,c,d,e,f,g,h,i;
   417                           ;SPI 7 SEG manual.c: 21: SPI_Initialize_Master();
   418  07A3  120A  118A  272D   	fcall	_SPI_Initialize_Master
              120A  118A         
   419                           	line	22
   420                           	
   421  07A8                     l2708:	
   422                           ;SPI 7 SEG manual.c: 22: a=b=c=d=e=f=g=h=0;
   423  07A8  1283               	bcf	status, 5	;RP0=0, select bank0
   424  07A9  1303               	bcf	status, 6	;RP1=0, select bank0
   425  07AA  01D2               	clrf	(main@h)
   426  07AB  01D3               	clrf	(main@h+1)
   427  07AC  01D0               	clrf	(main@g)
   428  07AD  01D1               	clrf	(main@g+1)
   429  07AE  01CE               	clrf	(main@f)
   430  07AF  01CF               	clrf	(main@f+1)
   431  07B0  01CC               	clrf	(main@e)
   432  07B1  01CD               	clrf	(main@e+1)
   433  07B2  01CA               	clrf	(main@d)
   434  07B3  01CB               	clrf	(main@d+1)
   435  07B4  01C8               	clrf	(main@c)
   436  07B5  01C9               	clrf	(main@c+1)
   437  07B6  01C6               	clrf	(main@b)
   438  07B7  01C7               	clrf	(main@b+1)
   439  07B8  01C4               	clrf	(main@a)
   440  07B9  01C5               	clrf	(main@a+1)
   441                           	line	23
   442                           	
   443  07BA                     l2710:	
   444                           ;SPI 7 SEG manual.c: 23: SPI_Write(0x0a,0xf);
   445  07BA  300F               	movlw	(0Fh)
   446  07BB  00F2               	movwf	(??_main+0)+0
   447  07BC  0872               	movf	(??_main+0)+0,w
   448  07BD  00F0               	movwf	(?_SPI_Write)
   449  07BE  300A               	movlw	(0Ah)
   450  07BF  120A  118A  275F   	fcall	_SPI_Write
              120A  118A         
   451                           	line	24
   452                           	
   453  07C4                     l2712:	
   454                           ;SPI 7 SEG manual.c: 24: SPI_Write(0x0b,0x07);
   455  07C4  3007               	movlw	(07h)
   456  07C5  00F2               	movwf	(??_main+0)+0
   457  07C6  0872               	movf	(??_main+0)+0,w
   458  07C7  00F0               	movwf	(?_SPI_Write)
   459  07C8  300B               	movlw	(0Bh)
   460  07C9  120A  118A  275F   	fcall	_SPI_Write
              120A  118A         
   461                           	line	25
   462                           	
   463  07CE                     l2714:	
   464                           ;SPI 7 SEG manual.c: 25: SPI_Write(0x0c,0x01);
   465  07CE  01F0               	clrf	(?_SPI_Write)
   466  07CF  1403               	bsf	status,0
   467  07D0  0DF0               	rlf	(?_SPI_Write),f
   468  07D1  300C               	movlw	(0Ch)
   469  07D2  120A  118A  275F   	fcall	_SPI_Write
              120A  118A         
   470                           	line	26
   471                           	
   472  07D7                     l2716:	
   473                           ;SPI 7 SEG manual.c: 26: SPI_Write(ar2[7],arr[0]);
   474  07D7  1283               	bcf	status, 5	;RP0=0, select bank0
   475  07D8  1303               	bcf	status, 6	;RP1=0, select bank0
   476  07D9  0820               	movf	(_arr),w
   477  07DA  00F2               	movwf	(??_main+0)+0
   478  07DB  0872               	movf	(??_main+0)+0,w
   479  07DC  00F0               	movwf	(?_SPI_Write)
   480  07DD  0842               	movf	0+(_ar2)+0Eh,w
   481  07DE  120A  118A  275F   	fcall	_SPI_Write
              120A  118A         
   482                           	line	27
   483                           	
   484  07E3                     l2718:	
   485                           ;SPI 7 SEG manual.c: 27: SPI_Write(ar2[6],arr[5]);
   486  07E3  1283               	bcf	status, 5	;RP0=0, select bank0
   487  07E4  1303               	bcf	status, 6	;RP1=0, select bank0
   488  07E5  082A               	movf	0+(_arr)+0Ah,w
   489  07E6  00F2               	movwf	(??_main+0)+0
   490  07E7  0872               	movf	(??_main+0)+0,w
   491  07E8  00F0               	movwf	(?_SPI_Write)
   492  07E9  0840               	movf	0+(_ar2)+0Ch,w
   493  07EA  120A  118A  275F   	fcall	_SPI_Write
              120A  118A         
   494                           	line	28
   495                           	
   496  07EF                     l2720:	
   497                           ;SPI 7 SEG manual.c: 28: SPI_Write(ar2[5],arr[1]);
   498  07EF  1283               	bcf	status, 5	;RP0=0, select bank0
   499  07F0  1303               	bcf	status, 6	;RP1=0, select bank0
   500  07F1  0822               	movf	0+(_arr)+02h,w
   501  07F2  00F2               	movwf	(??_main+0)+0
   502  07F3  0872               	movf	(??_main+0)+0,w
   503  07F4  00F0               	movwf	(?_SPI_Write)
   504  07F5  083E               	movf	0+(_ar2)+0Ah,w
   505  07F6  120A  118A  275F   	fcall	_SPI_Write
              120A  118A         
   506  07FB  2FFC               	goto	l694
   507                           	line	29
   508                           ;SPI 7 SEG manual.c: 29: while(1)
   509                           	
   510  07FC                     l693:	
   511                           	line	32
   512                           ;SPI 7 SEG manual.c: 30: {
   513                           	
   514  07FC                     l694:	
   515                           	line	29
   516  07FC  2FFC               	goto	l694
   517                           	
   518  07FD                     l695:	
   519                           	line	33
   520                           	
   521  07FD                     l696:	
   522                           	global	start
   523  07FD  120A  118A  2800   	ljmp	start
   524                           	opt stack 0
   525                           GLOBAL	__end_of_main
   526  0800                     	__end_of_main:
   527 ;; =============== function _main ends ============
   528                           
   529                           	signat	_main,88
   530                           	global	_SPI_Write
   531                           psect	text130,local,class=CODE,delta=2
   532                           global __ptext130
   533  075F                     __ptext130:
   534                           
   535 ;; *************** function _SPI_Write *****************
   536 ;; Defined at:
   537 ;;		line 81 in file "SPI 7 SEG manual.c"
   538 ;; Parameters:    Size  Location     Type
   539 ;;  cmd             1    wreg     unsigned char 
   540 ;;  data            1    0[COMMON] unsigned char 
   541 ;; Auto vars:     Size  Location     Type
   542 ;;  cmd             1    1[COMMON] unsigned char 
   543 ;; Return value:  Size  Location     Type
   544 ;;		None               void
   545 ;; Registers used:
   546 ;;		wreg
   547 ;; Tracked objects:
   548 ;;		On entry : 0/0
   549 ;;		On exit  : 0/0
   550 ;;		Unchanged: 0/0
   551 ;; Data sizes:     COMMON   BANK0   BANK1   BANK3   BANK2
   552 ;;      Params:         1       0       0       0       0
   553 ;;      Locals:         1       0       0       0       0
   554 ;;      Temps:          0       0       0       0       0
   555 ;;      Totals:         2       0       0       0       0
   556 ;;Total ram usage:        2 bytes
   557 ;; Hardware stack levels used:    1
   558 ;; This function calls:
   559 ;;		Nothing
   560 ;; This function is called by:
   561 ;;		_main
   562 ;; This function uses a non-reentrant model
   563 ;;
   564                           psect	text130
   565                           	file	"SPI 7 SEG manual.c"
   566                           	line	81
   567                           	global	__size_of_SPI_Write
   568  001D                     	__size_of_SPI_Write	equ	__end_of_SPI_Write-_SPI_Write
   569                           	
   570  075F                     _SPI_Write:	
   571                           	opt	stack 7
   572                           ; Regs used in _SPI_Write: [wreg]
   573                           ;SPI_Write@cmd stored from wreg
   574  075F  00F1               	movwf	(SPI_Write@cmd)
   575                           	line	82
   576                           	
   577  0760                     l2698:	
   578                           ;SPI 7 SEG manual.c: 82: RC2=0;
   579  0760  1283               	bcf	status, 5	;RP0=0, select bank0
   580  0761  1303               	bcf	status, 6	;RP1=0, select bank0
   581  0762  1107               	bcf	(58/8),(58)&7
   582                           	line	83
   583                           	
   584  0763                     l2700:	
   585                           ;SPI 7 SEG manual.c: 83: SSPBUF = cmd;
   586  0763  0871               	movf	(SPI_Write@cmd),w
   587  0764  0093               	movwf	(19)	;volatile
   588                           	line	84
   589                           ;SPI 7 SEG manual.c: 84: while ( !SSPSTATbits.BF );
   590  0765  2F66               	goto	l721
   591                           	
   592  0766                     l722:	
   593                           	
   594  0766                     l721:	
   595  0766  1683               	bsf	status, 5	;RP0=1, select bank1
   596  0767  1303               	bcf	status, 6	;RP1=0, select bank1
   597  0768  1C14               	btfss	(148)^080h,0	;volatile
   598  0769  2F6B               	goto	u2281
   599  076A  2F6C               	goto	u2280
   600  076B                     u2281:
   601  076B  2F66               	goto	l721
   602  076C                     u2280:
   603  076C  2F6D               	goto	l2702
   604                           	
   605  076D                     l723:	
   606                           	line	85
   607                           	
   608  076D                     l2702:	
   609                           ;SPI 7 SEG manual.c: 85: SSPBUF = data;
   610  076D  0870               	movf	(SPI_Write@data),w
   611  076E  1283               	bcf	status, 5	;RP0=0, select bank0
   612  076F  1303               	bcf	status, 6	;RP1=0, select bank0
   613  0770  0093               	movwf	(19)	;volatile
   614                           	line	86
   615                           ;SPI 7 SEG manual.c: 86: while ( !SSPSTATbits.BF );
   616  0771  2F72               	goto	l724
   617                           	
   618  0772                     l725:	
   619                           	
   620  0772                     l724:	
   621  0772  1683               	bsf	status, 5	;RP0=1, select bank1
   622  0773  1303               	bcf	status, 6	;RP1=0, select bank1
   623  0774  1C14               	btfss	(148)^080h,0	;volatile
   624  0775  2F77               	goto	u2291
   625  0776  2F78               	goto	u2290
   626  0777                     u2291:
   627  0777  2F72               	goto	l724
   628  0778                     u2290:
   629                           	
   630  0778                     l726:	
   631                           	line	87
   632                           ;SPI 7 SEG manual.c: 87: RC2=1;
   633  0778  1283               	bcf	status, 5	;RP0=0, select bank0
   634  0779  1303               	bcf	status, 6	;RP1=0, select bank0
   635  077A  1507               	bsf	(58/8),(58)&7
   636                           	line	88
   637                           	
   638  077B                     l727:	
   639  077B  0008               	return
   640                           	opt stack 0
   641                           GLOBAL	__end_of_SPI_Write
   642  077C                     	__end_of_SPI_Write:
   643 ;; =============== function _SPI_Write ends ============
   644                           
   645                           	signat	_SPI_Write,8312
   646                           	global	_SPI_Initialize_Master
   647                           psect	text131,local,class=CODE,delta=2
   648                           global __ptext131
   649  072D                     __ptext131:
   650                           
   651 ;; *************** function _SPI_Initialize_Master *****************
   652 ;; Defined at:
   653 ;;		line 36 in file "SPI 7 SEG manual.c"
   654 ;; Parameters:    Size  Location     Type
   655 ;;		None
   656 ;; Auto vars:     Size  Location     Type
   657 ;;		None
   658 ;; Return value:  Size  Location     Type
   659 ;;		None               void
   660 ;; Registers used:
   661 ;;		wreg, status,2
   662 ;; Tracked objects:
   663 ;;		On entry : 0/0
   664 ;;		On exit  : 0/0
   665 ;;		Unchanged: 0/0
   666 ;; Data sizes:     COMMON   BANK0   BANK1   BANK3   BANK2
   667 ;;      Params:         0       0       0       0       0
   668 ;;      Locals:         0       0       0       0       0
   669 ;;      Temps:          0       0       0       0       0
   670 ;;      Totals:         0       0       0       0       0
   671 ;;Total ram usage:        0 bytes
   672 ;; Hardware stack levels used:    1
   673 ;; This function calls:
   674 ;;		Nothing
   675 ;; This function is called by:
   676 ;;		_main
   677 ;; This function uses a non-reentrant model
   678 ;;
   679                           psect	text131
   680                           	file	"SPI 7 SEG manual.c"
   681                           	line	36
   682                           	global	__size_of_SPI_Initialize_Master
   683  000D                     	__size_of_SPI_Initialize_Master	equ	__end_of_SPI_Initialize_Master-_SPI_Initialize_Mast
                                 er
   684                           	
   685  072D                     _SPI_Initialize_Master:	
   686                           	opt	stack 7
   687                           ; Regs used in _SPI_Initialize_Master: [wreg+status,2]
   688                           	line	37
   689                           	
   690  072D                     l2690:	
   691                           ;SPI 7 SEG manual.c: 37: TRISC5 = 0;
   692  072D  1683               	bsf	status, 5	;RP0=1, select bank1
   693  072E  1303               	bcf	status, 6	;RP1=0, select bank1
   694  072F  1287               	bcf	(1085/8)^080h,(1085)&7
   695                           	line	38
   696                           ;SPI 7 SEG manual.c: 38: TRISC2=0;
   697  0730  1107               	bcf	(1082/8)^080h,(1082)&7
   698                           	line	39
   699                           	
   700  0731                     l2692:	
   701                           ;SPI 7 SEG manual.c: 39: SSPSTAT = 0b00000000;
   702  0731  0194               	clrf	(148)^080h	;volatile
   703                           	line	40
   704                           	
   705  0732                     l2694:	
   706                           ;SPI 7 SEG manual.c: 40: SSPCON = 0b00100000;
   707  0732  3020               	movlw	(020h)
   708  0733  1283               	bcf	status, 5	;RP0=0, select bank0
   709  0734  1303               	bcf	status, 6	;RP1=0, select bank0
   710  0735  0094               	movwf	(20)	;volatile
   711                           	line	41
   712                           	
   713  0736                     l2696:	
   714                           ;SPI 7 SEG manual.c: 41: TRISC3 = 0;
   715  0736  1683               	bsf	status, 5	;RP0=1, select bank1
   716  0737  1303               	bcf	status, 6	;RP1=0, select bank1
   717  0738  1187               	bcf	(1083/8)^080h,(1083)&7
   718                           	line	42
   719                           	
   720  0739                     l699:	
   721  0739  0008               	return
   722                           	opt stack 0
   723                           GLOBAL	__end_of_SPI_Initialize_Master
   724  073A                     	__end_of_SPI_Initialize_Master:
   725 ;; =============== function _SPI_Initialize_Master ends ============
   726                           
   727                           	signat	_SPI_Initialize_Master,88
   728                           psect	text132,local,class=CODE,delta=2
   729                           global __ptext132
   730  0000                     __ptext132:
   731                           	global	btemp
   732  007E                     	btemp set 07Eh
   733                           
   734                           	DABS	1,126,2	;btemp
   735                           	global	wtemp0
   736  007E                     	wtemp0 set btemp


HI-TECH Software PICC Macro Assembler V9.83 build 10920 
Symbol Table                                                                                   Sat Sep 26 08:37:10 2020

                             pc 0002                     _SSPSTATbits 0094                              _RD 0C60  
                            _WR 0C61                              fsr 0004                             l721 0766  
                           l722 0766                             l723 076D                             l724 0772  
                           l725 0772                             l726 0778                             l727 077B  
                           l693 07FC                             l694 07FC                             l695 07FD  
                           l696 07FD                             l699 0739                             _GIE 005F  
                           _RC2 003A                             _ar2 0034                             _arr 0020  
                           indf 0000                            l2700 0763                            l2702 076D  
                          l2710 07BA                            l2720 07EF                            l2712 07C4  
                          l2704 07A0                            l2714 07CE                            l2706 07A3  
                          l2716 07D7                            l2708 07A8                            l2718 07E3  
                          l2690 072D                            l2692 0731                            l2694 0732  
                          l2696 0736                            l2698 0760                            u2280 076C  
                          u2281 076B                            u2290 0778                            u2291 0777  
                          _WREN 0C62                            _main 07A0                            btemp 007E  
                          start 0000                           ?_main 0070                           _EEADR 010D  
                         _CARRY 0018                           main@a 0044                           main@b 0046  
                         main@c 0048                           main@d 004A                           main@e 004C  
                         main@f 004E                           main@g 0050                           main@h 0052  
                         pclath 000A                           status 0003                           wtemp0 007E  
            __size_of_SPI_Write 001D                    __end_of_main 0800                          ??_main 0072  
                        _EEDATA 010C                          _EECON1 018C                          _EECON2 018D  
__size_of_SPI_Initialize_Master 000D                          _TRISC2 043A                          _TRISC3 043B  
                        _TRISC5 043D   __end_of_SPI_Initialize_Master 073A                          _SSPCON 0014  
                        _SSPBUF 0013                    SPI_Write@cmd 0071               __end_of_SPI_Write 077C  
                __pcstackCOMMON 0070                    __pidataBANK0 077C                      __pmaintext 07A0  
                       _SSPSTAT 0094                   SPI_Write@data 0070            end_of_initialization 0748  
                       init_ram 0750                       _SPI_Write 075F           _SPI_Initialize_Master 072D  
           start_initialization 073A                      ?_SPI_Write 0070                     __pdataBANK0 0020  
                 __pcstackBANK0 0044          ?_SPI_Initialize_Master 0070                       __ptext130 075F  
                     __ptext131 072D                       __ptext132 0000                     ??_SPI_Write 0071  
                     init_fetch 074C                   __size_of_main 0060         ??_SPI_Initialize_Master 0070  
