

HI-TECH Software PIC LITE Macro Assembler V9.82 build 9453 
                                                                                               Mon Dec 09 17:27:26 2019

HI-TECH Software Omniscient Code Generator (Lite mode) build 9453
     1  0000                     opt subtitle "HI-TECH Software Omniscient Code Generator (Lite mode) build 9453"
     2                           
     3                           opt pagewidth 120
     4                           
     5                           	opt lm
     6                           
     7                           	processor	16F877A
     8                           clrc	macro
     9                           	bcf	3,0
    10  0000                     	endm
    11                           clrz	macro
    12                           	bcf	3,2
    13  0000                     	endm
    14                           setc	macro
    15                           	bsf	3,0
    16  0000                     	endm
    17                           setz	macro
    18                           	bsf	3,2
    19  0000                     	endm
    20                           skipc	macro
    21                           	btfss	3,0
    22  0000                     	endm
    23                           skipz	macro
    24                           	btfss	3,2
    25  0000                     	endm
    26                           skipnc	macro
    27                           	btfsc	3,0
    28  0000                     	endm
    29                           skipnz	macro
    30                           	btfsc	3,2
    31  0000                     	endm
    32  0000                     indf	equ	0
    33  0000                     indf0	equ	0
    34  0002                     pc	equ	2
    35  0002                     pcl	equ	2
    36  0003                     status	equ	3
    37  0004                     fsr	equ	4
    38  0004                     fsr0	equ	4
    39  0001                     c	equ	1
    40  0000                     z	equ	0
    41  000A                     pclath	equ	10
    42                           	FNROOT	_main
    43                           	global	_PORTD
    44                           psect	maintext,global,class=CODE,delta=2
    45                           global __pmaintext
    46  07EA                     __pmaintext:
    47  0008                     _PORTD	set	8
    48                           	global	_CARRY
    49  0018                     _CARRY	set	24
    50                           	global	_GIE
    51  005F                     _GIE	set	95
    52                           	global	_RC0
    53  0038                     _RC0	set	56
    54                           	global	_RD0
    55  0040                     _RD0	set	64
    56                           	global	_TRISC
    57  0087                     _TRISC	set	135
    58                           	global	_TRISD
    59  0088                     _TRISD	set	136
    60                           	global	_EEADR
    61  010D                     _EEADR	set	269
    62                           	global	_EEDATA
    63  010C                     _EEDATA	set	268
    64                           	global	_EECON1
    65  018C                     _EECON1	set	396
    66                           	global	_EECON2
    67  018D                     _EECON2	set	397
    68                           	global	_RD
    69  0C60                     _RD	set	3168
    70                           	global	_WR
    71  0C61                     _WR	set	3169
    72                           	global	_WREN
    73  0C62                     _WREN	set	3170
    74                           	file	"switch.as"
    75                           	line	#
    76                           psect cinit,class=CODE,delta=2
    77                           global start_initialization
    78  07E6                     start_initialization:
    79                           
    80                           psect cinit,class=CODE,delta=2
    81                           global end_of_initialization
    82                           
    83                           ;End of C runtime variable initialization code
    84                           
    85  07E6                     end_of_initialization:
    86  07E6  0183               clrf status
    87  07E7  120A  118A  2FEA   ljmp _main	;jump to C main() function
    88                           psect	cstackCOMMON,class=COMMON,space=1
    89                           global __pcstackCOMMON
    90  0000                     __pcstackCOMMON:
    91                           	global	?_main
    92  0000                     ?_main:	; 0 bytes @ 0x0
    93                           	global	??_main
    94  0000                     ??_main:	; 0 bytes @ 0x0
    95 ;;Data sizes: Strings 0, constant 0, data 0, bss 0, persistent 0 stack 0
    96 ;;Auto spaces:   Size  Autos    Used
    97 ;; COMMON          14      0       0
    98 ;; BANK0           80      0       0
    99 ;; BANK1           80      0       0
   100 ;; BANK3           96      0       0
   101 ;; BANK2           96      0       0
   102                           
   103 ;;
   104 ;; Pointer list with targets:
   105                           
   106                           
   107                           
   108 ;;
   109 ;; Critical Paths under _main in COMMON
   110 ;;
   111 ;;   None.
   112 ;;
   113 ;; Critical Paths under _main in BANK0
   114 ;;
   115 ;;   None.
   116 ;;
   117 ;; Critical Paths under _main in BANK1
   118 ;;
   119 ;;   None.
   120 ;;
   121 ;; Critical Paths under _main in BANK3
   122 ;;
   123 ;;   None.
   124 ;;
   125 ;; Critical Paths under _main in BANK2
   126 ;;
   127 ;;   None.
   128                           
   129 ;;
   130 ;;Main: autosize = 0, tempsize = 0, incstack = 0, save=0
   131 ;;
   132                           
   133 ;;
   134 ;;Call Graph Tables:
   135 ;;
   136 ;; ---------------------------------------------------------------------------------
   137 ;; (Depth) Function   	        Calls       Base Space   Used Autos Params    Refs
   138 ;; ---------------------------------------------------------------------------------
   139 ;; (0) _main                                                 0     0      0       0
   140 ;; ---------------------------------------------------------------------------------
   141 ;; Estimated maximum stack depth 0
   142 ;; ---------------------------------------------------------------------------------
   143                           
   144 ;; Call Graph Graphs:
   145                           
   146 ;; _main (ROOT)
   147 ;;
   148                           
   149 ;; Address spaces:
   150                           
   151 ;;Name               Size   Autos  Total    Cost      Usage
   152 ;;BITCOMMON            E      0       0       0        0.0%
   153 ;;EEDATA             100      0       0       0        0.0%
   154 ;;NULL                 0      0       0       0        0.0%
   155 ;;CODE                 0      0       0       0        0.0%
   156 ;;COMMON               E      0       0       1        0.0%
   157 ;;BITSFR0              0      0       0       1        0.0%
   158 ;;SFR0                 0      0       0       1        0.0%
   159 ;;BITSFR1              0      0       0       2        0.0%
   160 ;;SFR1                 0      0       0       2        0.0%
   161 ;;STACK                0      0       0       2        0.0%
   162 ;;ABS                  0      0       0       3        0.0%
   163 ;;BITBANK0            50      0       0       4        0.0%
   164 ;;BITSFR3              0      0       0       4        0.0%
   165 ;;SFR3                 0      0       0       4        0.0%
   166 ;;BANK0               50      0       0       5        0.0%
   167 ;;BITSFR2              0      0       0       5        0.0%
   168 ;;SFR2                 0      0       0       5        0.0%
   169 ;;BITBANK1            50      0       0       6        0.0%
   170 ;;BANK1               50      0       0       7        0.0%
   171 ;;BITBANK3            60      0       0       8        0.0%
   172 ;;BANK3               60      0       0       9        0.0%
   173 ;;BITBANK2            60      0       0      10        0.0%
   174 ;;BANK2               60      0       0      11        0.0%
   175 ;;DATA                 0      0       0      12        0.0%
   176                           
   177                           	global	_main
   178                           psect	maintext
   179                           
   180 ;; *************** function _main *****************
   181 ;; Defined at:
   182 ;;		line 5 in file "F:\Basic Microcontroller\PIC16F877A\GPIO\LED WITH SWITCH\switch.c"
   183 ;; Parameters:    Size  Location     Type
   184 ;;		None
   185 ;; Auto vars:     Size  Location     Type
   186 ;;		None
   187 ;; Return value:  Size  Location     Type
   188 ;;		None               void
   189 ;; Registers used:
   190 ;;		wreg, status,2
   191 ;; Tracked objects:
   192 ;;		On entry : 17F/0
   193 ;;		On exit  : 0/0
   194 ;;		Unchanged: 0/0
   195 ;; Data sizes:     COMMON   BANK0   BANK1   BANK3   BANK2
   196 ;;      Params:         0       0       0       0       0
   197 ;;      Locals:         0       0       0       0       0
   198 ;;      Temps:          0       0       0       0       0
   199 ;;      Totals:         0       0       0       0       0
   200 ;;Total ram usage:        0 bytes
   201 ;; This function calls:
   202 ;;		Nothing
   203 ;; This function is called by:
   204 ;;		Startup code after reset
   205 ;; This function uses a non-reentrant model
   206 ;;
   207                           psect	maintext
   208                           	file	"F:\Basic Microcontroller\PIC16F877A\GPIO\LED WITH SWITCH\switch.c"
   209                           	line	5
   210                           	global	__size_of_main
   211  0016                     	__size_of_main	equ	__end_of_main-_main
   212                           	
   213  07EA                     _main:	
   214                           	opt	stack 8
   215                           ; Regs used in _main: [wreg+status,2]
   216                           	line	6
   217                           	
   218  07EA                     l1737:	
   219                           ;switch.c: 6: TRISD=0X00;
   220  07EA  1683               	bsf	status, 5	;RP0=1, select bank1
   221  07EB  1303               	bcf	status, 6	;RP1=0, select bank1
   222  07EC  0188               	clrf	(136)^080h	;volatile
   223                           	line	7
   224                           	
   225  07ED                     l1739:	
   226                           ;switch.c: 7: TRISC=0XFF;
   227  07ED  30FF               	movlw	(0FFh)
   228  07EE  0087               	movwf	(135)^080h	;volatile
   229                           	line	8
   230                           	
   231  07EF                     l1741:	
   232                           ;switch.c: 8: PORTD=0X00;
   233  07EF  1283               	bcf	status, 5	;RP0=0, select bank0
   234  07F0  1303               	bcf	status, 6	;RP1=0, select bank0
   235  07F1  0188               	clrf	(8)	;volatile
   236  07F2  2FF3               	goto	l1743
   237                           	line	9
   238                           ;switch.c: 9: while(1)
   239                           	
   240  07F3                     l685:	
   241                           	line	11
   242                           	
   243  07F3                     l1743:	
   244                           ;switch.c: 10: {
   245                           ;switch.c: 11: if(RC0==1)
   246  07F3  1C07               	btfss	(56/8),(56)&7
   247  07F4  2FF6               	goto	u11
   248  07F5  2FF7               	goto	u10
   249  07F6                     u11:
   250  07F6  2FF9               	goto	l686
   251  07F7                     u10:
   252                           	line	13
   253                           	
   254  07F7                     l1745:	
   255                           ;switch.c: 12: {
   256                           ;switch.c: 13: RD0=0;
   257  07F7  1008               	bcf	(64/8),(64)&7
   258                           	line	14
   259                           ;switch.c: 14: }
   260  07F8  2FF3               	goto	l1743
   261                           	line	15
   262                           	
   263  07F9                     l686:	
   264                           	line	17
   265                           ;switch.c: 15: else
   266                           ;switch.c: 16: {
   267                           ;switch.c: 17: RD0=1;
   268  07F9  1408               	bsf	(64/8),(64)&7
   269  07FA  2FF3               	goto	l1743
   270                           	line	18
   271                           	
   272  07FB                     l687:	
   273  07FB  2FF3               	goto	l1743
   274                           	line	19
   275                           	
   276  07FC                     l688:	
   277                           	line	9
   278  07FC  2FF3               	goto	l1743
   279                           	
   280  07FD                     l689:	
   281                           	line	20
   282                           	
   283  07FD                     l690:	
   284                           	global	start
   285  07FD  120A  118A  2800   	ljmp	start
   286                           	opt stack 0
   287                           GLOBAL	__end_of_main
   288  0800                     	__end_of_main:
   289 ;; =============== function _main ends ============
   290                           
   291                           	signat	_main,88
   292                           psect	maintext
   293                           	global	btemp
   294  007E                     	btemp set 07Eh
   295                           
   296                           	DABS	1,126,2	;btemp
   297                           	global	wtemp0
   298  007E                     	wtemp0 set btemp


HI-TECH Software PICC Macro Assembler V9.82 build 9453 
Symbol Table                                                                                   Mon Dec 09 17:27:26 2019

                  _RD 0C60                    u10 07F7                    u11 07F6                    _WR 0C61  
                 l690 07FD                   l685 07F3                   l686 07F9                   l687 07FB  
                 l688 07FC                   l689 07FD                   _GIE 005F                   _RC0 0038  
                 _RD0 0040                  l1741 07EF                  l1743 07F3                  l1745 07F7  
                l1737 07EA                  l1739 07ED                  _WREN 0C62                  _main 07EA  
                btemp 007E                  start 0000                 ?_main 0000                 _EEADR 010D  
               _CARRY 0018                 _PORTD 0008                 _TRISC 0087                 _TRISD 0088  
               status 0003                 wtemp0 007E          __end_of_main 0800                ??_main 0000  
              _EEDATA 010C                _EECON1 018C                _EECON2 018D        __pcstackCOMMON 0000  
          __pmaintext 07EA  end_of_initialization 07E6   start_initialization 07E6         __size_of_main 0016  
