

HI-TECH Software PIC LITE Macro Assembler V9.82 build 9453 
                                                                                               Tue Dec 31 18:45:14 2019

HI-TECH Software Omniscient Code Generator (Lite mode) build 9453
     1  0000                     opt subtitle "HI-TECH Software Omniscient Code Generator (Lite mode) build 9453"
     2                           
     3                           opt pagewidth 120
     4                           
     5                           	opt lm
     6                           
     7                           	processor	16F877A
     8                           clrc	macro
     9                           	bcf	3,0
    10  0000                     	endm
    11                           clrz	macro
    12                           	bcf	3,2
    13  0000                     	endm
    14                           setc	macro
    15                           	bsf	3,0
    16  0000                     	endm
    17                           setz	macro
    18                           	bsf	3,2
    19  0000                     	endm
    20                           skipc	macro
    21                           	btfss	3,0
    22  0000                     	endm
    23                           skipz	macro
    24                           	btfss	3,2
    25  0000                     	endm
    26                           skipnc	macro
    27                           	btfsc	3,0
    28  0000                     	endm
    29                           skipnz	macro
    30                           	btfsc	3,2
    31  0000                     	endm
    32  0000                     indf	equ	0
    33  0000                     indf0	equ	0
    34  0002                     pc	equ	2
    35  0002                     pcl	equ	2
    36  0003                     status	equ	3
    37  0004                     fsr	equ	4
    38  0004                     fsr0	equ	4
    39  0001                     c	equ	1
    40  0000                     z	equ	0
    41  000A                     pclath	equ	10
    42                           	FNCALL	_main,_I2C_Initialize
    43                           	FNCALL	_main,_I2C_Begin
    44                           	FNCALL	_main,_I2C_Write
    45                           	FNCALL	_main,_I2C_End
    46                           	FNCALL	_I2C_End,_I2C_Hold
    47                           	FNCALL	_I2C_Write,_I2C_Hold
    48                           	FNCALL	_I2C_Begin,_I2C_Hold
    49                           	FNCALL	_I2C_Initialize,___lmul
    50                           	FNCALL	_I2C_Initialize,___lldiv
    51                           	FNROOT	_main
    52                           	global	_SSPBUF
    53                           psect	text211,local,class=CODE,delta=2
    54                           global __ptext211
    55  0000                     __ptext211:
    56  0013                     _SSPBUF	set	19
    57                           	global	_SSPCON
    58  0014                     _SSPCON	set	20
    59                           	global	_CARRY
    60  0018                     _CARRY	set	24
    61                           	global	_GIE
    62  005F                     _GIE	set	95
    63                           	global	_SSPADD
    64  0093                     _SSPADD	set	147
    65                           	global	_SSPCON2
    66  0091                     _SSPCON2	set	145
    67                           	global	_SSPSTAT
    68  0094                     _SSPSTAT	set	148
    69                           	global	_ACKDT
    70  048D                     _ACKDT	set	1165
    71                           	global	_ACKEN
    72  048C                     _ACKEN	set	1164
    73                           	global	_PEN
    74  048A                     _PEN	set	1162
    75                           	global	_RCEN
    76  048B                     _RCEN	set	1163
    77                           	global	_SEN
    78  0488                     _SEN	set	1160
    79                           	global	_TRISC3
    80  043B                     _TRISC3	set	1083
    81                           	global	_TRISC4
    82  043C                     _TRISC4	set	1084
    83                           	global	_EEADR
    84  010D                     _EEADR	set	269
    85                           	global	_EEDATA
    86  010C                     _EEDATA	set	268
    87                           	global	_EECON1
    88  018C                     _EECON1	set	396
    89                           	global	_EECON2
    90  018D                     _EECON2	set	397
    91                           	global	_RD
    92  0C60                     _RD	set	3168
    93                           	global	_WR
    94  0C61                     _WR	set	3169
    95                           	global	_WREN
    96  0C62                     _WREN	set	3170
    97                           	file	"I2C Master.as"
    98                           	line	#
    99                           psect cinit,class=CODE,delta=2
   100                           global start_initialization
   101  0659                     start_initialization:
   102                           
   103                           psect cinit,class=CODE,delta=2
   104                           global end_of_initialization
   105                           
   106                           ;End of C runtime variable initialization code
   107                           
   108  0659                     end_of_initialization:
   109  0659  0183               clrf status
   110  065A  120A  118A  2F26   ljmp _main	;jump to C main() function
   111                           psect	cstackCOMMON,class=COMMON,space=1
   112                           global __pcstackCOMMON
   113  0070                     __pcstackCOMMON:
   114                           	global	?_I2C_Begin
   115  0070                     ?_I2C_Begin:	; 0 bytes @ 0x0
   116                           	global	??_I2C_Begin
   117  0070                     ??_I2C_Begin:	; 0 bytes @ 0x0
   118                           	global	?_I2C_Write
   119  0070                     ?_I2C_Write:	; 0 bytes @ 0x0
   120                           	global	?_I2C_End
   121  0070                     ?_I2C_End:	; 0 bytes @ 0x0
   122                           	global	??_I2C_End
   123  0070                     ??_I2C_End:	; 0 bytes @ 0x0
   124                           	global	?_I2C_Hold
   125  0070                     ?_I2C_Hold:	; 0 bytes @ 0x0
   126                           	global	??_I2C_Hold
   127  0070                     ??_I2C_Hold:	; 0 bytes @ 0x0
   128                           	global	?_main
   129  0070                     ?_main:	; 2 bytes @ 0x0
   130                           	global	?___lmul
   131  0070                     ?___lmul:	; 4 bytes @ 0x0
   132                           	global	I2C_Write@data
   133  0070                     I2C_Write@data:	; 2 bytes @ 0x0
   134                           	global	___lmul@multiplier
   135  0070                     ___lmul@multiplier:	; 4 bytes @ 0x0
   136  0070                     	ds	2
   137                           	global	??_I2C_Write
   138  0072                     ??_I2C_Write:	; 0 bytes @ 0x2
   139  0072                     	ds	2
   140                           	global	___lmul@multiplicand
   141  0074                     ___lmul@multiplicand:	; 4 bytes @ 0x4
   142  0074                     	ds	4
   143                           	global	??___lmul
   144  0078                     ??___lmul:	; 0 bytes @ 0x8
   145  0078                     	ds	1
   146                           	global	___lmul@product
   147  0079                     ___lmul@product:	; 4 bytes @ 0x9
   148  0079                     	ds	4
   149                           	global	??___lldiv
   150  007D                     ??___lldiv:	; 0 bytes @ 0xD
   151  007D                     	ds	1
   152                           psect	cstackBANK0,class=BANK0,space=1
   153                           global __pcstackBANK0
   154  0020                     __pcstackBANK0:
   155                           	global	?___lldiv
   156  0020                     ?___lldiv:	; 4 bytes @ 0x0
   157                           	global	___lldiv@divisor
   158  0020                     ___lldiv@divisor:	; 4 bytes @ 0x0
   159  0020                     	ds	4
   160                           	global	___lldiv@dividend
   161  0024                     ___lldiv@dividend:	; 4 bytes @ 0x4
   162  0024                     	ds	4
   163                           	global	___lldiv@quotient
   164  0028                     ___lldiv@quotient:	; 4 bytes @ 0x8
   165  0028                     	ds	4
   166                           	global	___lldiv@counter
   167  002C                     ___lldiv@counter:	; 1 bytes @ 0xC
   168  002C                     	ds	1
   169                           	global	?_I2C_Initialize
   170  002D                     ?_I2C_Initialize:	; 0 bytes @ 0xD
   171                           	global	I2C_Initialize@feq_K
   172  002D                     I2C_Initialize@feq_K:	; 4 bytes @ 0xD
   173  002D                     	ds	4
   174                           	global	??_I2C_Initialize
   175  0031                     ??_I2C_Initialize:	; 0 bytes @ 0x11
   176  0031                     	ds	4
   177                           	global	??_main
   178  0035                     ??_main:	; 0 bytes @ 0x15
   179  0035                     	ds	3
   180 ;;Data sizes: Strings 0, constant 0, data 0, bss 0, persistent 0 stack 0
   181 ;;Auto spaces:   Size  Autos    Used
   182 ;; COMMON          14     14      14
   183 ;; BANK0           80     24      24
   184 ;; BANK1           80      0       0
   185 ;; BANK3           96      0       0
   186 ;; BANK2           96      0       0
   187                           
   188 ;;
   189 ;; Pointer list with targets:
   190                           
   191 ;; ?___lmul	unsigned long  size(1) Largest target is 0
   192 ;;
   193 ;; ?___lldiv	unsigned long  size(1) Largest target is 0
   194 ;;
   195                           
   196                           
   197 ;;
   198 ;; Critical Paths under _main in COMMON
   199 ;;
   200 ;;   _I2C_Initialize->___lldiv
   201 ;;   ___lldiv->___lmul
   202 ;;
   203 ;; Critical Paths under _main in BANK0
   204 ;;
   205 ;;   _main->_I2C_Initialize
   206 ;;   _I2C_Initialize->___lldiv
   207 ;;
   208 ;; Critical Paths under _main in BANK1
   209 ;;
   210 ;;   None.
   211 ;;
   212 ;; Critical Paths under _main in BANK3
   213 ;;
   214 ;;   None.
   215 ;;
   216 ;; Critical Paths under _main in BANK2
   217 ;;
   218 ;;   None.
   219                           
   220 ;;
   221 ;;Main: autosize = 0, tempsize = 3, incstack = 0, save=0
   222 ;;
   223                           
   224 ;;
   225 ;;Call Graph Tables:
   226 ;;
   227 ;; ---------------------------------------------------------------------------------
   228 ;; (Depth) Function   	        Calls       Base Space   Used Autos Params    Refs
   229 ;; ---------------------------------------------------------------------------------
   230 ;; (0) _main                                                 3     3      0     259
   231 ;;                                             21 BANK0      3     3      0
   232 ;;                     _I2C_Initialize
   233 ;;                          _I2C_Begin
   234 ;;                          _I2C_Write
   235 ;;                            _I2C_End
   236 ;; ---------------------------------------------------------------------------------
   237 ;; (1) _I2C_End                                              0     0      0       0
   238 ;;                           _I2C_Hold
   239 ;; ---------------------------------------------------------------------------------
   240 ;; (1) _I2C_Write                                            2     0      2      15
   241 ;;                                              0 COMMON     2     0      2
   242 ;;                           _I2C_Hold
   243 ;; ---------------------------------------------------------------------------------
   244 ;; (1) _I2C_Begin                                            0     0      0       0
   245 ;;                           _I2C_Hold
   246 ;; ---------------------------------------------------------------------------------
   247 ;; (1) _I2C_Initialize                                       8     4      4     244
   248 ;;                                             13 BANK0      8     4      4
   249 ;;                             ___lmul
   250 ;;                            ___lldiv
   251 ;; ---------------------------------------------------------------------------------
   252 ;; (2) ___lldiv                                             14     6      8     162
   253 ;;                                             13 COMMON     1     1      0
   254 ;;                                              0 BANK0     13     5      8
   255 ;;                             ___lmul (ARG)
   256 ;; ---------------------------------------------------------------------------------
   257 ;; (2) ___lmul                                              13     5      8      60
   258 ;;                                              0 COMMON    13     5      8
   259 ;; ---------------------------------------------------------------------------------
   260 ;; (2) _I2C_Hold                                             0     0      0       0
   261 ;; ---------------------------------------------------------------------------------
   262 ;; Estimated maximum stack depth 2
   263 ;; ---------------------------------------------------------------------------------
   264                           
   265 ;; Call Graph Graphs:
   266                           
   267 ;; _main (ROOT)
   268 ;;   _I2C_Initialize
   269 ;;     ___lmul
   270 ;;     ___lldiv
   271 ;;       ___lmul (ARG)
   272 ;;   _I2C_Begin
   273 ;;     _I2C_Hold
   274 ;;   _I2C_Write
   275 ;;     _I2C_Hold
   276 ;;   _I2C_End
   277 ;;     _I2C_Hold
   278 ;;
   279                           
   280 ;; Address spaces:
   281                           
   282 ;;Name               Size   Autos  Total    Cost      Usage
   283 ;;BITCOMMON            E      0       0       0        0.0%
   284 ;;EEDATA             100      0       0       0        0.0%
   285 ;;NULL                 0      0       0       0        0.0%
   286 ;;CODE                 0      0       0       0        0.0%
   287 ;;COMMON               E      E       E       1      100.0%
   288 ;;BITSFR0              0      0       0       1        0.0%
   289 ;;SFR0                 0      0       0       1        0.0%
   290 ;;BITSFR1              0      0       0       2        0.0%
   291 ;;SFR1                 0      0       0       2        0.0%
   292 ;;STACK                0      0       2       2        0.0%
   293 ;;ABS                  0      0       0       3        0.0%
   294 ;;BITBANK0            50      0       0       4        0.0%
   295 ;;BITSFR3              0      0       0       4        0.0%
   296 ;;SFR3                 0      0       0       4        0.0%
   297 ;;BANK0               50     18      18       5       30.0%
   298 ;;BITSFR2              0      0       0       5        0.0%
   299 ;;SFR2                 0      0       0       5        0.0%
   300 ;;BITBANK1            50      0       0       6        0.0%
   301 ;;BANK1               50      0       0       7        0.0%
   302 ;;BITBANK3            60      0       0       8        0.0%
   303 ;;BANK3               60      0       0       9        0.0%
   304 ;;BITBANK2            60      0       0      10        0.0%
   305 ;;BANK2               60      0       0      11        0.0%
   306 ;;DATA                 0      0       0      12        0.0%
   307                           
   308                           	global	_main
   309                           psect	maintext,global,class=CODE,delta=2
   310                           global __pmaintext
   311  0726                     __pmaintext:
   312                           
   313 ;; *************** function _main *****************
   314 ;; Defined at:
   315 ;;		line 10 in file "C:\Users\ELCOT\Desktop\pic16f877a I2C\I2C M.c"
   316 ;; Parameters:    Size  Location     Type
   317 ;;		None
   318 ;; Auto vars:     Size  Location     Type
   319 ;;		None
   320 ;; Return value:  Size  Location     Type
   321 ;;                  2  696[COMMON] int 
   322 ;; Registers used:
   323 ;;		wreg, status,2, status,0, pclath, cstack
   324 ;; Tracked objects:
   325 ;;		On entry : 17F/0
   326 ;;		On exit  : 0/0
   327 ;;		Unchanged: 0/0
   328 ;; Data sizes:     COMMON   BANK0   BANK1   BANK3   BANK2
   329 ;;      Params:         0       0       0       0       0
   330 ;;      Locals:         0       0       0       0       0
   331 ;;      Temps:          0       3       0       0       0
   332 ;;      Totals:         0       3       0       0       0
   333 ;;Total ram usage:        3 bytes
   334 ;; Hardware stack levels required when called:    2
   335 ;; This function calls:
   336 ;;		_I2C_Initialize
   337 ;;		_I2C_Begin
   338 ;;		_I2C_Write
   339 ;;		_I2C_End
   340 ;; This function is called by:
   341 ;;		Startup code after reset
   342 ;; This function uses a non-reentrant model
   343 ;;
   344                           psect	maintext
   345                           	file	"C:\Users\ELCOT\Desktop\pic16f877a I2C\I2C M.c"
   346                           	line	10
   347                           	global	__size_of_main
   348  006A                     	__size_of_main	equ	__end_of_main-_main
   349                           	
   350  0726                     _main:	
   351                           	opt	stack 6
   352                           ; Regs used in _main: [wreg+status,2+status,0+pclath+cstack]
   353                           	line	11
   354                           	
   355  0726                     l2754:	
   356                           ;I2C M.c: 11: I2C_Initialize(100);
   357  0726  3000               	movlw	0
   358  0727  1283               	bcf	status, 5	;RP0=0, select bank0
   359  0728  1303               	bcf	status, 6	;RP1=0, select bank0
   360  0729  00B0               	movwf	(?_I2C_Initialize+3)
   361  072A  3000               	movlw	0
   362  072B  00AF               	movwf	(?_I2C_Initialize+2)
   363  072C  3000               	movlw	0
   364  072D  00AE               	movwf	(?_I2C_Initialize+1)
   365  072E  3064               	movlw	064h
   366  072F  00AD               	movwf	(?_I2C_Initialize)
   367                           
   368  0730  120A  118A  26D3   	fcall	_I2C_Initialize
              120A  118A         
   369                           	line	12
   370                           ;I2C M.c: 12: while(1)
   371                           	
   372  0735                     l697:	
   373                           	line	14
   374                           ;I2C M.c: 13: {
   375                           ;I2C M.c: 14: I2C_Begin();
   376  0735  120A  118A  265D   	fcall	_I2C_Begin
              120A  118A         
   377                           	line	15
   378                           ;I2C M.c: 15: I2C_Write(0xD0);
   379  073A  30D0               	movlw	low(0D0h)
   380  073B  00F0               	movwf	(?_I2C_Write)
   381  073C  3000               	movlw	high(0D0h)
   382  073D  00F1               	movwf	((?_I2C_Write))+1
   383  073E  120A  118A  266F   	fcall	_I2C_Write
              120A  118A         
   384                           	line	16
   385                           ;I2C M.c: 16: I2C_Write(0x55);
   386  0743  3055               	movlw	low(055h)
   387  0744  00F0               	movwf	(?_I2C_Write)
   388  0745  3000               	movlw	high(055h)
   389  0746  00F1               	movwf	((?_I2C_Write))+1
   390  0747  120A  118A  266F   	fcall	_I2C_Write
              120A  118A         
   391                           	line	17
   392                           ;I2C M.c: 17: I2C_End();
   393  074C  120A  118A  2666   	fcall	_I2C_End
              120A  118A         
   394                           	line	18
   395                           	
   396  0751                     l2756:	
   397                           ;I2C M.c: 18: _delay((unsigned long)((1000)*(20000000/4000.0)));
   398                           	opt asmopt_off
   399  0751  301A               movlw  26
   400  0752  1283               	bcf	status, 5	;RP0=0, select bank0
   401  0753  1303               	bcf	status, 6	;RP1=0, select bank0
   402  0754  00B7               movwf	((??_main+0)+0+2),f
   403  0755  305E               movlw	94
   404  0756  00B6               movwf	((??_main+0)+0+1),f
   405  0757  3086               	movlw	134
   406  0758  00B5               movwf	((??_main+0)+0),f
   407  0759                     u2357:
   408  0759  0BB5               	decfsz	((??_main+0)+0),f
   409  075A  2F59               	goto	u2357
   410  075B  0BB6               	decfsz	((??_main+0)+0+1),f
   411  075C  2F59               	goto	u2357
   412  075D  0BB7               	decfsz	((??_main+0)+0+2),f
   413  075E  2F59               	goto	u2357
   414  075F  0064               	clrwdt
   415                           opt asmopt_on
   416                           
   417                           	line	19
   418                           	
   419  0760                     l2758:	
   420                           ;I2C M.c: 19: I2C_Begin();
   421  0760  120A  118A  265D   	fcall	_I2C_Begin
              120A  118A         
   422                           	line	20
   423                           	
   424  0765                     l2760:	
   425                           ;I2C M.c: 20: I2C_Write(0xD0);
   426  0765  30D0               	movlw	low(0D0h)
   427  0766  00F0               	movwf	(?_I2C_Write)
   428  0767  3000               	movlw	high(0D0h)
   429  0768  00F1               	movwf	((?_I2C_Write))+1
   430  0769  120A  118A  266F   	fcall	_I2C_Write
              120A  118A         
   431                           	line	21
   432                           	
   433  076E                     l2762:	
   434                           ;I2C M.c: 21: I2C_Write(0x88);
   435  076E  3088               	movlw	low(088h)
   436  076F  00F0               	movwf	(?_I2C_Write)
   437  0770  3000               	movlw	high(088h)
   438  0771  00F1               	movwf	((?_I2C_Write))+1
   439  0772  120A  118A  266F   	fcall	_I2C_Write
              120A  118A         
   440                           	line	22
   441                           	
   442  0777                     l2764:	
   443                           ;I2C M.c: 22: I2C_End();
   444  0777  120A  118A  2666   	fcall	_I2C_End
              120A  118A         
   445                           	line	23
   446                           	
   447  077C                     l2766:	
   448                           ;I2C M.c: 23: _delay((unsigned long)((1000)*(20000000/4000.0)));
   449                           	opt asmopt_off
   450  077C  301A               movlw  26
   451  077D  1283               	bcf	status, 5	;RP0=0, select bank0
   452  077E  1303               	bcf	status, 6	;RP1=0, select bank0
   453  077F  00B7               movwf	((??_main+0)+0+2),f
   454  0780  305E               movlw	94
   455  0781  00B6               movwf	((??_main+0)+0+1),f
   456  0782  3086               	movlw	134
   457  0783  00B5               movwf	((??_main+0)+0),f
   458  0784                     u2367:
   459  0784  0BB5               	decfsz	((??_main+0)+0),f
   460  0785  2F84               	goto	u2367
   461  0786  0BB6               	decfsz	((??_main+0)+0+1),f
   462  0787  2F84               	goto	u2367
   463  0788  0BB7               	decfsz	((??_main+0)+0+2),f
   464  0789  2F84               	goto	u2367
   465  078A  0064               	clrwdt
   466                           opt asmopt_on
   467                           
   468  078B  2F35               	goto	l697
   469                           	line	31
   470                           	
   471  078C                     l698:	
   472                           	line	12
   473  078C  2F35               	goto	l697
   474                           	
   475  078D                     l699:	
   476                           	line	32
   477                           	
   478  078D                     l700:	
   479                           	global	start
   480  078D  120A  118A  2800   	ljmp	start
   481                           	opt stack 0
   482                           GLOBAL	__end_of_main
   483  0790                     	__end_of_main:
   484 ;; =============== function _main ends ============
   485                           
   486                           	signat	_main,90
   487                           	global	_I2C_End
   488                           psect	text212,local,class=CODE,delta=2
   489                           global __ptext212
   490  0666                     __ptext212:
   491                           
   492 ;; *************** function _I2C_End *****************
   493 ;; Defined at:
   494 ;;		line 59 in file "C:\Users\ELCOT\Desktop\pic16f877a I2C\I2C M.c"
   495 ;; Parameters:    Size  Location     Type
   496 ;;		None
   497 ;; Auto vars:     Size  Location     Type
   498 ;;		None
   499 ;; Return value:  Size  Location     Type
   500 ;;		None               void
   501 ;; Registers used:
   502 ;;		wreg, status,2, status,0, pclath, cstack
   503 ;; Tracked objects:
   504 ;;		On entry : 0/0
   505 ;;		On exit  : 0/0
   506 ;;		Unchanged: 0/0
   507 ;; Data sizes:     COMMON   BANK0   BANK1   BANK3   BANK2
   508 ;;      Params:         0       0       0       0       0
   509 ;;      Locals:         0       0       0       0       0
   510 ;;      Temps:          0       0       0       0       0
   511 ;;      Totals:         0       0       0       0       0
   512 ;;Total ram usage:        0 bytes
   513 ;; Hardware stack levels used:    1
   514 ;; Hardware stack levels required when called:    1
   515 ;; This function calls:
   516 ;;		_I2C_Hold
   517 ;; This function is called by:
   518 ;;		_main
   519 ;; This function uses a non-reentrant model
   520 ;;
   521                           psect	text212
   522                           	file	"C:\Users\ELCOT\Desktop\pic16f877a I2C\I2C M.c"
   523                           	line	59
   524                           	global	__size_of_I2C_End
   525  0009                     	__size_of_I2C_End	equ	__end_of_I2C_End-_I2C_End
   526                           	
   527  0666                     _I2C_End:	
   528                           	opt	stack 6
   529                           ; Regs used in _I2C_End: [wreg+status,2+status,0+pclath+cstack]
   530                           	line	60
   531                           	
   532  0666                     l2698:	
   533                           ;I2C M.c: 60: I2C_Hold();
   534  0666  120A  118A  2679   	fcall	_I2C_Hold
              120A  118A         
   535                           	line	61
   536                           	
   537  066B                     l2700:	
   538                           ;I2C M.c: 61: PEN = 1;
   539  066B  1683               	bsf	status, 5	;RP0=1, select bank1
   540  066C  1303               	bcf	status, 6	;RP1=0, select bank1
   541  066D  1511               	bsf	(1162/8)^080h,(1162)&7
   542                           	line	62
   543                           	
   544  066E                     l712:	
   545  066E  0008               	return
   546                           	opt stack 0
   547                           GLOBAL	__end_of_I2C_End
   548  066F                     	__end_of_I2C_End:
   549 ;; =============== function _I2C_End ends ============
   550                           
   551                           	signat	_I2C_End,88
   552                           	global	_I2C_Write
   553                           psect	text213,local,class=CODE,delta=2
   554                           global __ptext213
   555  066F                     __ptext213:
   556                           
   557 ;; *************** function _I2C_Write *****************
   558 ;; Defined at:
   559 ;;		line 49 in file "C:\Users\ELCOT\Desktop\pic16f877a I2C\I2C M.c"
   560 ;; Parameters:    Size  Location     Type
   561 ;;  data            2    0[COMMON] unsigned int 
   562 ;; Auto vars:     Size  Location     Type
   563 ;;		None
   564 ;; Return value:  Size  Location     Type
   565 ;;		None               void
   566 ;; Registers used:
   567 ;;		wreg, status,2, status,0, pclath, cstack
   568 ;; Tracked objects:
   569 ;;		On entry : 0/0
   570 ;;		On exit  : 0/0
   571 ;;		Unchanged: 0/0
   572 ;; Data sizes:     COMMON   BANK0   BANK1   BANK3   BANK2
   573 ;;      Params:         2       0       0       0       0
   574 ;;      Locals:         0       0       0       0       0
   575 ;;      Temps:          0       0       0       0       0
   576 ;;      Totals:         2       0       0       0       0
   577 ;;Total ram usage:        2 bytes
   578 ;; Hardware stack levels used:    1
   579 ;; Hardware stack levels required when called:    1
   580 ;; This function calls:
   581 ;;		_I2C_Hold
   582 ;; This function is called by:
   583 ;;		_main
   584 ;; This function uses a non-reentrant model
   585 ;;
   586                           psect	text213
   587                           	file	"C:\Users\ELCOT\Desktop\pic16f877a I2C\I2C M.c"
   588                           	line	49
   589                           	global	__size_of_I2C_Write
   590  000A                     	__size_of_I2C_Write	equ	__end_of_I2C_Write-_I2C_Write
   591                           	
   592  066F                     _I2C_Write:	
   593                           	opt	stack 6
   594                           ; Regs used in _I2C_Write: [wreg+status,2+status,0+pclath+cstack]
   595                           	line	50
   596                           	
   597  066F                     l2694:	
   598                           ;I2C M.c: 50: I2C_Hold();
   599  066F  120A  118A  2679   	fcall	_I2C_Hold
              120A  118A         
   600                           	line	51
   601                           	
   602  0674                     l2696:	
   603                           ;I2C M.c: 51: SSPBUF = data;
   604  0674  0870               	movf	(I2C_Write@data),w
   605  0675  1283               	bcf	status, 5	;RP0=0, select bank0
   606  0676  1303               	bcf	status, 6	;RP1=0, select bank0
   607  0677  0093               	movwf	(19)	;volatile
   608                           	line	52
   609                           	
   610  0678                     l706:	
   611  0678  0008               	return
   612                           	opt stack 0
   613                           GLOBAL	__end_of_I2C_Write
   614  0679                     	__end_of_I2C_Write:
   615 ;; =============== function _I2C_Write ends ============
   616                           
   617                           	signat	_I2C_Write,4216
   618                           	global	_I2C_Begin
   619                           psect	text214,local,class=CODE,delta=2
   620                           global __ptext214
   621  065D                     __ptext214:
   622                           
   623 ;; *************** function _I2C_Begin *****************
   624 ;; Defined at:
   625 ;;		line 54 in file "C:\Users\ELCOT\Desktop\pic16f877a I2C\I2C M.c"
   626 ;; Parameters:    Size  Location     Type
   627 ;;		None
   628 ;; Auto vars:     Size  Location     Type
   629 ;;		None
   630 ;; Return value:  Size  Location     Type
   631 ;;		None               void
   632 ;; Registers used:
   633 ;;		wreg, status,2, status,0, pclath, cstack
   634 ;; Tracked objects:
   635 ;;		On entry : 0/0
   636 ;;		On exit  : 0/0
   637 ;;		Unchanged: 0/0
   638 ;; Data sizes:     COMMON   BANK0   BANK1   BANK3   BANK2
   639 ;;      Params:         0       0       0       0       0
   640 ;;      Locals:         0       0       0       0       0
   641 ;;      Temps:          0       0       0       0       0
   642 ;;      Totals:         0       0       0       0       0
   643 ;;Total ram usage:        0 bytes
   644 ;; Hardware stack levels used:    1
   645 ;; Hardware stack levels required when called:    1
   646 ;; This function calls:
   647 ;;		_I2C_Hold
   648 ;; This function is called by:
   649 ;;		_main
   650 ;; This function uses a non-reentrant model
   651 ;;
   652                           psect	text214
   653                           	file	"C:\Users\ELCOT\Desktop\pic16f877a I2C\I2C M.c"
   654                           	line	54
   655                           	global	__size_of_I2C_Begin
   656  0009                     	__size_of_I2C_Begin	equ	__end_of_I2C_Begin-_I2C_Begin
   657                           	
   658  065D                     _I2C_Begin:	
   659                           	opt	stack 6
   660                           ; Regs used in _I2C_Begin: [wreg+status,2+status,0+pclath+cstack]
   661                           	line	55
   662                           	
   663  065D                     l2690:	
   664                           ;I2C M.c: 55: I2C_Hold();
   665  065D  120A  118A  2679   	fcall	_I2C_Hold
              120A  118A         
   666                           	line	56
   667                           	
   668  0662                     l2692:	
   669                           ;I2C M.c: 56: SEN = 1;
   670  0662  1683               	bsf	status, 5	;RP0=1, select bank1
   671  0663  1303               	bcf	status, 6	;RP1=0, select bank1
   672  0664  1411               	bsf	(1160/8)^080h,(1160)&7
   673                           	line	57
   674                           	
   675  0665                     l709:	
   676  0665  0008               	return
   677                           	opt stack 0
   678                           GLOBAL	__end_of_I2C_Begin
   679  0666                     	__end_of_I2C_Begin:
   680 ;; =============== function _I2C_Begin ends ============
   681                           
   682                           	signat	_I2C_Begin,88
   683                           	global	_I2C_Initialize
   684                           psect	text215,local,class=CODE,delta=2
   685                           global __ptext215
   686  06D3                     __ptext215:
   687                           
   688 ;; *************** function _I2C_Initialize *****************
   689 ;; Defined at:
   690 ;;		line 68 in file "C:\Users\ELCOT\Desktop\pic16f877a I2C\I2C M.c"
   691 ;; Parameters:    Size  Location     Type
   692 ;;  feq_K           4   13[BANK0 ] const unsigned long 
   693 ;; Auto vars:     Size  Location     Type
   694 ;;		None
   695 ;; Return value:  Size  Location     Type
   696 ;;		None               void
   697 ;; Registers used:
   698 ;;		wreg, status,2, status,0, pclath, cstack
   699 ;; Tracked objects:
   700 ;;		On entry : 0/0
   701 ;;		On exit  : 0/0
   702 ;;		Unchanged: 0/0
   703 ;; Data sizes:     COMMON   BANK0   BANK1   BANK3   BANK2
   704 ;;      Params:         0       4       0       0       0
   705 ;;      Locals:         0       0       0       0       0
   706 ;;      Temps:          0       4       0       0       0
   707 ;;      Totals:         0       8       0       0       0
   708 ;;Total ram usage:        8 bytes
   709 ;; Hardware stack levels used:    1
   710 ;; Hardware stack levels required when called:    1
   711 ;; This function calls:
   712 ;;		___lmul
   713 ;;		___lldiv
   714 ;; This function is called by:
   715 ;;		_main
   716 ;; This function uses a non-reentrant model
   717 ;;
   718                           psect	text215
   719                           	file	"C:\Users\ELCOT\Desktop\pic16f877a I2C\I2C M.c"
   720                           	line	68
   721                           	global	__size_of_I2C_Initialize
   722  0053                     	__size_of_I2C_Initialize	equ	__end_of_I2C_Initialize-_I2C_Initialize
   723                           	
   724  06D3                     _I2C_Initialize:	
   725                           	opt	stack 6
   726                           ; Regs used in _I2C_Initialize: [wreg+status,2+status,0+pclath+cstack]
   727                           	line	69
   728                           	
   729  06D3                     l2744:	
   730                           ;I2C M.c: 69: TRISC3 = 1;
   731  06D3  1683               	bsf	status, 5	;RP0=1, select bank1
   732  06D4  1303               	bcf	status, 6	;RP1=0, select bank1
   733  06D5  1587               	bsf	(1083/8)^080h,(1083)&7
   734                           	line	70
   735                           ;I2C M.c: 70: TRISC4 = 1;
   736  06D6  1607               	bsf	(1084/8)^080h,(1084)&7
   737                           	line	72
   738                           	
   739  06D7                     l2746:	
   740                           ;I2C M.c: 72: SSPCON = 0b00101000;
   741  06D7  3028               	movlw	(028h)
   742  06D8  1283               	bcf	status, 5	;RP0=0, select bank0
   743  06D9  1303               	bcf	status, 6	;RP1=0, select bank0
   744  06DA  0094               	movwf	(20)	;volatile
   745                           	line	73
   746                           	
   747  06DB                     l2748:	
   748                           ;I2C M.c: 73: SSPCON2 = 0b00000000;
   749  06DB  1683               	bsf	status, 5	;RP0=1, select bank1
   750  06DC  1303               	bcf	status, 6	;RP1=0, select bank1
   751  06DD  0191               	clrf	(145)^080h	;volatile
   752                           	line	75
   753                           	
   754  06DE                     l2750:	
   755                           ;I2C M.c: 75: SSPADD = (20000000/(4*feq_K*100))-1;
   756  06DE  1283               	bcf	status, 5	;RP0=0, select bank0
   757  06DF  1303               	bcf	status, 6	;RP1=0, select bank0
   758  06E0  082D               	movf	(I2C_Initialize@feq_K),w
   759  06E1  00B1               	movwf	(??_I2C_Initialize+0)+0
   760  06E2  082E               	movf	(I2C_Initialize@feq_K+1),w
   761  06E3  00B2               	movwf	((??_I2C_Initialize+0)+0+1)
   762  06E4  082F               	movf	(I2C_Initialize@feq_K+2),w
   763  06E5  00B3               	movwf	((??_I2C_Initialize+0)+0+2)
   764  06E6  0830               	movf	(I2C_Initialize@feq_K+3),w
   765  06E7  00B4               	movwf	((??_I2C_Initialize+0)+0+3)
   766  06E8  3002               	movlw	02h
   767  06E9                     u2345:
   768  06E9  1003               	clrc
   769  06EA  0DB1               	rlf	(??_I2C_Initialize+0)+0,f
   770  06EB  0DB2               	rlf	(??_I2C_Initialize+0)+1,f
   771  06EC  0DB3               	rlf	(??_I2C_Initialize+0)+2,f
   772  06ED  0DB4               	rlf	(??_I2C_Initialize+0)+3,f
   773  06EE                     u2340:
   774  06EE  3EFF               	addlw	-1
   775  06EF  1D03               	skipz
   776  06F0  2EE9               	goto	u2345
   777  06F1  0834               	movf	3+(??_I2C_Initialize+0)+0,w
   778  06F2  00F3               	movwf	(?___lmul+3)
   779  06F3  0833               	movf	2+(??_I2C_Initialize+0)+0,w
   780  06F4  00F2               	movwf	(?___lmul+2)
   781  06F5  0832               	movf	1+(??_I2C_Initialize+0)+0,w
   782  06F6  00F1               	movwf	(?___lmul+1)
   783  06F7  0831               	movf	0+(??_I2C_Initialize+0)+0,w
   784  06F8  00F0               	movwf	(?___lmul)
   785                           
   786  06F9  3000               	movlw	0
   787  06FA  00F7               	movwf	3+(?___lmul)+04h
   788  06FB  3000               	movlw	0
   789  06FC  00F6               	movwf	2+(?___lmul)+04h
   790  06FD  3000               	movlw	0
   791  06FE  00F5               	movwf	1+(?___lmul)+04h
   792  06FF  3064               	movlw	064h
   793  0700  00F4               	movwf	0+(?___lmul)+04h
   794                           
   795  0701  120A  118A  2689   	fcall	___lmul
              120A  118A         
   796  0706  0873               	movf	(3+(?___lmul)),w
   797  0707  1283               	bcf	status, 5	;RP0=0, select bank0
   798  0708  1303               	bcf	status, 6	;RP1=0, select bank0
   799  0709  00A3               	movwf	(?___lldiv+3)
   800  070A  0872               	movf	(2+(?___lmul)),w
   801  070B  00A2               	movwf	(?___lldiv+2)
   802  070C  0871               	movf	(1+(?___lmul)),w
   803  070D  00A1               	movwf	(?___lldiv+1)
   804  070E  0870               	movf	(0+(?___lmul)),w
   805  070F  00A0               	movwf	(?___lldiv)
   806                           
   807  0710  3001               	movlw	01h
   808  0711  00A7               	movwf	3+(?___lldiv)+04h
   809  0712  3031               	movlw	031h
   810  0713  00A6               	movwf	2+(?___lldiv)+04h
   811  0714  302D               	movlw	02Dh
   812  0715  00A5               	movwf	1+(?___lldiv)+04h
   813  0716  3000               	movlw	0
   814  0717  00A4               	movwf	0+(?___lldiv)+04h
   815                           
   816  0718  120A  118A  2790   	fcall	___lldiv
              120A  118A         
   817  071D  1283               	bcf	status, 5	;RP0=0, select bank0
   818  071E  1303               	bcf	status, 6	;RP1=0, select bank0
   819  071F  0820               	movf	0+(((0+(?___lldiv)))),w
   820  0720  3EFF               	addlw	0FFh
   821  0721  1683               	bsf	status, 5	;RP0=1, select bank1
   822  0722  1303               	bcf	status, 6	;RP1=0, select bank1
   823  0723  0093               	movwf	(147)^080h	;volatile
   824                           	line	76
   825                           	
   826  0724                     l2752:	
   827                           ;I2C M.c: 76: SSPSTAT = 0b00000000;
   828  0724  0194               	clrf	(148)^080h	;volatile
   829                           	line	77
   830                           	
   831  0725                     l721:	
   832  0725  0008               	return
   833                           	opt stack 0
   834                           GLOBAL	__end_of_I2C_Initialize
   835  0726                     	__end_of_I2C_Initialize:
   836 ;; =============== function _I2C_Initialize ends ============
   837                           
   838                           	signat	_I2C_Initialize,4216
   839                           	global	___lldiv
   840                           psect	text216,local,class=CODE,delta=2
   841                           global __ptext216
   842  0790                     __ptext216:
   843                           
   844 ;; *************** function ___lldiv *****************
   845 ;; Defined at:
   846 ;;		line 5 in file "C:\Program Files (x86)\HI-TECH Software\PICC\9.82\sources\lldiv.c"
   847 ;; Parameters:    Size  Location     Type
   848 ;;  divisor         4    0[BANK0 ] unsigned long 
   849 ;;  dividend        4    4[BANK0 ] unsigned long 
   850 ;; Auto vars:     Size  Location     Type
   851 ;;  quotient        4    8[BANK0 ] unsigned long 
   852 ;;  counter         1   12[BANK0 ] unsigned char 
   853 ;; Return value:  Size  Location     Type
   854 ;;                  4    0[BANK0 ] unsigned long 
   855 ;; Registers used:
   856 ;;		wreg, status,2, status,0
   857 ;; Tracked objects:
   858 ;;		On entry : 0/0
   859 ;;		On exit  : 0/0
   860 ;;		Unchanged: 0/0
   861 ;; Data sizes:     COMMON   BANK0   BANK1   BANK3   BANK2
   862 ;;      Params:         0       8       0       0       0
   863 ;;      Locals:         0       5       0       0       0
   864 ;;      Temps:          1       0       0       0       0
   865 ;;      Totals:         1      13       0       0       0
   866 ;;Total ram usage:       14 bytes
   867 ;; Hardware stack levels used:    1
   868 ;; This function calls:
   869 ;;		Nothing
   870 ;; This function is called by:
   871 ;;		_I2C_Initialize
   872 ;; This function uses a non-reentrant model
   873 ;;
   874                           psect	text216
   875                           	file	"C:\Program Files (x86)\HI-TECH Software\PICC\9.82\sources\lldiv.c"
   876                           	line	5
   877                           	global	__size_of___lldiv
   878  0070                     	__size_of___lldiv	equ	__end_of___lldiv-___lldiv
   879                           	
   880  0790                     ___lldiv:	
   881                           	opt	stack 6
   882                           ; Regs used in ___lldiv: [wreg+status,2+status,0]
   883                           	line	9
   884                           	
   885  0790                     l2720:	
   886  0790  3000               	movlw	0
   887  0791  1283               	bcf	status, 5	;RP0=0, select bank0
   888  0792  1303               	bcf	status, 6	;RP1=0, select bank0
   889  0793  00AB               	movwf	(___lldiv@quotient+3)
   890  0794  3000               	movlw	0
   891  0795  00AA               	movwf	(___lldiv@quotient+2)
   892  0796  3000               	movlw	0
   893  0797  00A9               	movwf	(___lldiv@quotient+1)
   894  0798  3000               	movlw	0
   895  0799  00A8               	movwf	(___lldiv@quotient)
   896                           
   897                           	line	10
   898  079A  0823               	movf	(___lldiv@divisor+3),w
   899  079B  0422               	iorwf	(___lldiv@divisor+2),w
   900  079C  0421               	iorwf	(___lldiv@divisor+1),w
   901  079D  0420               	iorwf	(___lldiv@divisor),w
   902  079E  1903               	skipnz
   903  079F  2FA1               	goto	u2271
   904  07A0  2FA2               	goto	u2270
   905  07A1                     u2271:
   906  07A1  2FF6               	goto	l2740
   907  07A2                     u2270:
   908                           	line	11
   909                           	
   910  07A2                     l2722:	
   911  07A2  01AC               	clrf	(___lldiv@counter)
   912  07A3  1403               	bsf	status,0
   913  07A4  0DAC               	rlf	(___lldiv@counter),f
   914                           	line	12
   915  07A5  2FB4               	goto	l2726
   916                           	
   917  07A6                     l1578:	
   918                           	line	13
   919                           	
   920  07A6                     l2724:	
   921  07A6  3001               	movlw	01h
   922  07A7  00FD               	movwf	(??___lldiv+0)+0
   923  07A8                     u2285:
   924  07A8  1003               	clrc
   925  07A9  0DA0               	rlf	(___lldiv@divisor),f
   926  07AA  0DA1               	rlf	(___lldiv@divisor+1),f
   927  07AB  0DA2               	rlf	(___lldiv@divisor+2),f
   928  07AC  0DA3               	rlf	(___lldiv@divisor+3),f
   929  07AD  0BFD               	decfsz	(??___lldiv+0)+0
   930  07AE  2FA8               	goto	u2285
   931                           	line	14
   932  07AF  3001               	movlw	(01h)
   933  07B0  00FD               	movwf	(??___lldiv+0)+0
   934  07B1  087D               	movf	(??___lldiv+0)+0,w
   935  07B2  07AC               	addwf	(___lldiv@counter),f
   936  07B3  2FB4               	goto	l2726
   937                           	line	15
   938                           	
   939  07B4                     l1577:	
   940                           	line	12
   941                           	
   942  07B4                     l2726:	
   943  07B4  1FA3               	btfss	(___lldiv@divisor+3),(31)&7
   944  07B5  2FB7               	goto	u2291
   945  07B6  2FB8               	goto	u2290
   946  07B7                     u2291:
   947  07B7  2FA6               	goto	l2724
   948  07B8                     u2290:
   949  07B8  2FBA               	goto	l2728
   950                           	
   951  07B9                     l1579:	
   952  07B9  2FBA               	goto	l2728
   953                           	line	16
   954                           	
   955  07BA                     l1580:	
   956                           	line	17
   957                           	
   958  07BA                     l2728:	
   959  07BA  3001               	movlw	01h
   960  07BB  00FD               	movwf	(??___lldiv+0)+0
   961  07BC                     u2305:
   962  07BC  1003               	clrc
   963  07BD  0DA8               	rlf	(___lldiv@quotient),f
   964  07BE  0DA9               	rlf	(___lldiv@quotient+1),f
   965  07BF  0DAA               	rlf	(___lldiv@quotient+2),f
   966  07C0  0DAB               	rlf	(___lldiv@quotient+3),f
   967  07C1  0BFD               	decfsz	(??___lldiv+0)+0
   968  07C2  2FBC               	goto	u2305
   969                           	line	18
   970                           	
   971  07C3                     l2730:	
   972  07C3  0823               	movf	(___lldiv@divisor+3),w
   973  07C4  0227               	subwf	(___lldiv@dividend+3),w
   974  07C5  1D03               	skipz
   975  07C6  2FD1               	goto	u2315
   976  07C7  0822               	movf	(___lldiv@divisor+2),w
   977  07C8  0226               	subwf	(___lldiv@dividend+2),w
   978  07C9  1D03               	skipz
   979  07CA  2FD1               	goto	u2315
   980  07CB  0821               	movf	(___lldiv@divisor+1),w
   981  07CC  0225               	subwf	(___lldiv@dividend+1),w
   982  07CD  1D03               	skipz
   983  07CE  2FD1               	goto	u2315
   984  07CF  0820               	movf	(___lldiv@divisor),w
   985  07D0  0224               	subwf	(___lldiv@dividend),w
   986  07D1                     u2315:
   987  07D1  1C03               	skipc
   988  07D2  2FD4               	goto	u2311
   989  07D3  2FD5               	goto	u2310
   990  07D4                     u2311:
   991  07D4  2FE5               	goto	l2736
   992  07D5                     u2310:
   993                           	line	19
   994                           	
   995  07D5                     l2732:	
   996  07D5  0820               	movf	(___lldiv@divisor),w
   997  07D6  02A4               	subwf	(___lldiv@dividend),f
   998  07D7  0821               	movf	(___lldiv@divisor+1),w
   999  07D8  1C03               	skipc
  1000  07D9  0F21               	incfsz	(___lldiv@divisor+1),w
  1001  07DA  02A5               	subwf	(___lldiv@dividend+1),f
  1002  07DB  0822               	movf	(___lldiv@divisor+2),w
  1003  07DC  1C03               	skipc
  1004  07DD  0F22               	incfsz	(___lldiv@divisor+2),w
  1005  07DE  02A6               	subwf	(___lldiv@dividend+2),f
  1006  07DF  0823               	movf	(___lldiv@divisor+3),w
  1007  07E0  1C03               	skipc
  1008  07E1  0F23               	incfsz	(___lldiv@divisor+3),w
  1009  07E2  02A7               	subwf	(___lldiv@dividend+3),f
  1010                           	line	20
  1011                           	
  1012  07E3                     l2734:	
  1013  07E3  1428               	bsf	(___lldiv@quotient)+(0/8),(0)&7
  1014  07E4  2FE5               	goto	l2736
  1015                           	line	21
  1016                           	
  1017  07E5                     l1581:	
  1018                           	line	22
  1019                           	
  1020  07E5                     l2736:	
  1021  07E5  3001               	movlw	01h
  1022  07E6                     u2325:
  1023  07E6  1003               	clrc
  1024  07E7  0CA3               	rrf	(___lldiv@divisor+3),f
  1025  07E8  0CA2               	rrf	(___lldiv@divisor+2),f
  1026  07E9  0CA1               	rrf	(___lldiv@divisor+1),f
  1027  07EA  0CA0               	rrf	(___lldiv@divisor),f
  1028  07EB  3EFF               	addlw	-1
  1029  07EC  1D03               	skipz
  1030  07ED  2FE6               	goto	u2325
  1031                           
  1032                           	line	23
  1033                           	
  1034  07EE                     l2738:	
  1035  07EE  3001               	movlw	low(01h)
  1036  07EF  02AC               	subwf	(___lldiv@counter),f
  1037  07F0  1D03               	btfss	status,2
  1038  07F1  2FF3               	goto	u2331
  1039  07F2  2FF4               	goto	u2330
  1040  07F3                     u2331:
  1041  07F3  2FBA               	goto	l2728
  1042  07F4                     u2330:
  1043  07F4  2FF6               	goto	l2740
  1044                           	
  1045  07F5                     l1582:	
  1046  07F5  2FF6               	goto	l2740
  1047                           	line	24
  1048                           	
  1049  07F6                     l1576:	
  1050                           	line	25
  1051                           	
  1052  07F6                     l2740:	
  1053  07F6  082B               	movf	(___lldiv@quotient+3),w
  1054  07F7  00A3               	movwf	(?___lldiv+3)
  1055  07F8  082A               	movf	(___lldiv@quotient+2),w
  1056  07F9  00A2               	movwf	(?___lldiv+2)
  1057  07FA  0829               	movf	(___lldiv@quotient+1),w
  1058  07FB  00A1               	movwf	(?___lldiv+1)
  1059  07FC  0828               	movf	(___lldiv@quotient),w
  1060  07FD  00A0               	movwf	(?___lldiv)
  1061                           
  1062  07FE  2FFF               	goto	l1583
  1063                           	
  1064  07FF                     l2742:	
  1065                           	line	26
  1066                           	
  1067  07FF                     l1583:	
  1068  07FF  0008               	return
  1069                           	opt stack 0
  1070                           GLOBAL	__end_of___lldiv
  1071  0800                     	__end_of___lldiv:
  1072 ;; =============== function ___lldiv ends ============
  1073                           
  1074                           	signat	___lldiv,8316
  1075                           	global	___lmul
  1076                           psect	text217,local,class=CODE,delta=2
  1077                           global __ptext217
  1078  0689                     __ptext217:
  1079                           
  1080 ;; *************** function ___lmul *****************
  1081 ;; Defined at:
  1082 ;;		line 3 in file "C:\Program Files (x86)\HI-TECH Software\PICC\9.82\sources\lmul.c"
  1083 ;; Parameters:    Size  Location     Type
  1084 ;;  multiplier      4    0[COMMON] unsigned long 
  1085 ;;  multiplicand    4    4[COMMON] unsigned long 
  1086 ;; Auto vars:     Size  Location     Type
  1087 ;;  product         4    9[COMMON] unsigned long 
  1088 ;; Return value:  Size  Location     Type
  1089 ;;                  4    0[COMMON] unsigned long 
  1090 ;; Registers used:
  1091 ;;		wreg, status,2, status,0
  1092 ;; Tracked objects:
  1093 ;;		On entry : 0/0
  1094 ;;		On exit  : 0/0
  1095 ;;		Unchanged: 0/0
  1096 ;; Data sizes:     COMMON   BANK0   BANK1   BANK3   BANK2
  1097 ;;      Params:         8       0       0       0       0
  1098 ;;      Locals:         4       0       0       0       0
  1099 ;;      Temps:          1       0       0       0       0
  1100 ;;      Totals:        13       0       0       0       0
  1101 ;;Total ram usage:       13 bytes
  1102 ;; Hardware stack levels used:    1
  1103 ;; This function calls:
  1104 ;;		Nothing
  1105 ;; This function is called by:
  1106 ;;		_I2C_Initialize
  1107 ;; This function uses a non-reentrant model
  1108 ;;
  1109                           psect	text217
  1110                           	file	"C:\Program Files (x86)\HI-TECH Software\PICC\9.82\sources\lmul.c"
  1111                           	line	3
  1112                           	global	__size_of___lmul
  1113  004A                     	__size_of___lmul	equ	__end_of___lmul-___lmul
  1114                           	
  1115  0689                     ___lmul:	
  1116                           	opt	stack 6
  1117                           ; Regs used in ___lmul: [wreg+status,2+status,0]
  1118                           	line	4
  1119                           	
  1120  0689                     l2096:	
  1121  0689  3000               	movlw	0
  1122  068A  00FC               	movwf	(___lmul@product+3)
  1123  068B  3000               	movlw	0
  1124  068C  00FB               	movwf	(___lmul@product+2)
  1125  068D  3000               	movlw	0
  1126  068E  00FA               	movwf	(___lmul@product+1)
  1127  068F  3000               	movlw	0
  1128  0690  00F9               	movwf	(___lmul@product)
  1129                           
  1130  0691  2E92               	goto	l2098
  1131                           	line	6
  1132                           	
  1133  0692                     l1479:	
  1134                           	line	7
  1135                           	
  1136  0692                     l2098:	
  1137  0692  1C70               	btfss	(___lmul@multiplier),(0)&7
  1138  0693  2E95               	goto	u741
  1139  0694  2E96               	goto	u740
  1140  0695                     u741:
  1141  0695  2EAE               	goto	l2102
  1142  0696                     u740:
  1143                           	line	8
  1144                           	
  1145  0696                     l2100:	
  1146  0696  0874               	movf	(___lmul@multiplicand),w
  1147  0697  07F9               	addwf	(___lmul@product),f
  1148  0698  0875               	movf	(___lmul@multiplicand+1),w
  1149  0699  1103               	clrz
  1150  069A  1803               	skipnc
  1151  069B  3E01               	addlw	1
  1152  069C  1903               	skipnz
  1153  069D  2E9F               	goto	u751
  1154  069E  07FA               	addwf	(___lmul@product+1),f
  1155  069F                     u751:
  1156  069F  0876               	movf	(___lmul@multiplicand+2),w
  1157  06A0  1103               	clrz
  1158  06A1  1803               	skipnc
  1159  06A2  3E01               	addlw	1
  1160  06A3  1903               	skipnz
  1161  06A4  2EA6               	goto	u752
  1162  06A5  07FB               	addwf	(___lmul@product+2),f
  1163  06A6                     u752:
  1164  06A6  0877               	movf	(___lmul@multiplicand+3),w
  1165  06A7  1103               	clrz
  1166  06A8  1803               	skipnc
  1167  06A9  3E01               	addlw	1
  1168  06AA  1903               	skipnz
  1169  06AB  2EAD               	goto	u753
  1170  06AC  07FC               	addwf	(___lmul@product+3),f
  1171  06AD                     u753:
  1172                           
  1173  06AD  2EAE               	goto	l2102
  1174                           	
  1175  06AE                     l1480:	
  1176                           	line	9
  1177                           	
  1178  06AE                     l2102:	
  1179  06AE  3001               	movlw	01h
  1180  06AF  00F8               	movwf	(??___lmul+0)+0
  1181  06B0                     u765:
  1182  06B0  1003               	clrc
  1183  06B1  0DF4               	rlf	(___lmul@multiplicand),f
  1184  06B2  0DF5               	rlf	(___lmul@multiplicand+1),f
  1185  06B3  0DF6               	rlf	(___lmul@multiplicand+2),f
  1186  06B4  0DF7               	rlf	(___lmul@multiplicand+3),f
  1187  06B5  0BF8               	decfsz	(??___lmul+0)+0
  1188  06B6  2EB0               	goto	u765
  1189                           	line	10
  1190                           	
  1191  06B7                     l2104:	
  1192  06B7  3001               	movlw	01h
  1193  06B8                     u775:
  1194  06B8  1003               	clrc
  1195  06B9  0CF3               	rrf	(___lmul@multiplier+3),f
  1196  06BA  0CF2               	rrf	(___lmul@multiplier+2),f
  1197  06BB  0CF1               	rrf	(___lmul@multiplier+1),f
  1198  06BC  0CF0               	rrf	(___lmul@multiplier),f
  1199  06BD  3EFF               	addlw	-1
  1200  06BE  1D03               	skipz
  1201  06BF  2EB8               	goto	u775
  1202                           
  1203                           	line	11
  1204  06C0  0873               	movf	(___lmul@multiplier+3),w
  1205  06C1  0472               	iorwf	(___lmul@multiplier+2),w
  1206  06C2  0471               	iorwf	(___lmul@multiplier+1),w
  1207  06C3  0470               	iorwf	(___lmul@multiplier),w
  1208  06C4  1D03               	skipz
  1209  06C5  2EC7               	goto	u781
  1210  06C6  2EC8               	goto	u780
  1211  06C7                     u781:
  1212  06C7  2E92               	goto	l2098
  1213  06C8                     u780:
  1214  06C8  2EC9               	goto	l2106
  1215                           	
  1216  06C9                     l1481:	
  1217                           	line	12
  1218                           	
  1219  06C9                     l2106:	
  1220  06C9  087C               	movf	(___lmul@product+3),w
  1221  06CA  00F3               	movwf	(?___lmul+3)
  1222  06CB  087B               	movf	(___lmul@product+2),w
  1223  06CC  00F2               	movwf	(?___lmul+2)
  1224  06CD  087A               	movf	(___lmul@product+1),w
  1225  06CE  00F1               	movwf	(?___lmul+1)
  1226  06CF  0879               	movf	(___lmul@product),w
  1227  06D0  00F0               	movwf	(?___lmul)
  1228                           
  1229  06D1  2ED2               	goto	l1482
  1230                           	
  1231  06D2                     l2108:	
  1232                           	line	13
  1233                           	
  1234  06D2                     l1482:	
  1235  06D2  0008               	return
  1236                           	opt stack 0
  1237                           GLOBAL	__end_of___lmul
  1238  06D3                     	__end_of___lmul:
  1239 ;; =============== function ___lmul ends ============
  1240                           
  1241                           	signat	___lmul,8316
  1242                           	global	_I2C_Hold
  1243                           psect	text218,local,class=CODE,delta=2
  1244                           global __ptext218
  1245  0679                     __ptext218:
  1246                           
  1247 ;; *************** function _I2C_Hold *****************
  1248 ;; Defined at:
  1249 ;;		line 64 in file "C:\Users\ELCOT\Desktop\pic16f877a I2C\I2C M.c"
  1250 ;; Parameters:    Size  Location     Type
  1251 ;;		None
  1252 ;; Auto vars:     Size  Location     Type
  1253 ;;		None
  1254 ;; Return value:  Size  Location     Type
  1255 ;;		None               void
  1256 ;; Registers used:
  1257 ;;		wreg, status,2
  1258 ;; Tracked objects:
  1259 ;;		On entry : 0/0
  1260 ;;		On exit  : 0/0
  1261 ;;		Unchanged: 0/0
  1262 ;; Data sizes:     COMMON   BANK0   BANK1   BANK3   BANK2
  1263 ;;      Params:         0       0       0       0       0
  1264 ;;      Locals:         0       0       0       0       0
  1265 ;;      Temps:          0       0       0       0       0
  1266 ;;      Totals:         0       0       0       0       0
  1267 ;;Total ram usage:        0 bytes
  1268 ;; Hardware stack levels used:    1
  1269 ;; This function calls:
  1270 ;;		Nothing
  1271 ;; This function is called by:
  1272 ;;		_I2C_Write
  1273 ;;		_I2C_Begin
  1274 ;;		_I2C_End
  1275 ;;		_I2C_Read
  1276 ;; This function uses a non-reentrant model
  1277 ;;
  1278                           psect	text218
  1279                           	file	"C:\Users\ELCOT\Desktop\pic16f877a I2C\I2C M.c"
  1280                           	line	64
  1281                           	global	__size_of_I2C_Hold
  1282  0010                     	__size_of_I2C_Hold	equ	__end_of_I2C_Hold-_I2C_Hold
  1283                           	
  1284  0679                     _I2C_Hold:	
  1285                           	opt	stack 6
  1286                           ; Regs used in _I2C_Hold: [wreg+status,2]
  1287                           	line	65
  1288                           	
  1289  0679                     l1808:	
  1290                           ;I2C M.c: 65: while ( (SSPCON2 & 0b00011111) || (SSPSTAT & 0b00000100) ) ;
  1291  0679  2E7B               	goto	l1810
  1292                           	
  1293  067A                     l716:	
  1294  067A  2E7B               	goto	l1810
  1295                           	
  1296  067B                     l715:	
  1297                           	
  1298  067B                     l1810:	
  1299  067B  1683               	bsf	status, 5	;RP0=1, select bank1
  1300  067C  1303               	bcf	status, 6	;RP1=0, select bank1
  1301  067D  0811               	movf	(145)^080h,w
  1302  067E  391F               	andlw	01Fh
  1303  067F  1D03               	btfss	status,2
  1304  0680  2E82               	goto	u31
  1305  0681  2E83               	goto	u30
  1306  0682                     u31:
  1307  0682  2E7B               	goto	l1810
  1308  0683                     u30:
  1309                           	
  1310  0683                     l1812:	
  1311  0683  1914               	btfsc	(148)^080h,(2)&7
  1312  0684  2E86               	goto	u41
  1313  0685  2E87               	goto	u40
  1314  0686                     u41:
  1315  0686  2E7B               	goto	l1810
  1316  0687                     u40:
  1317  0687  2E88               	goto	l718
  1318                           	
  1319  0688                     l717:	
  1320                           	line	66
  1321                           	
  1322  0688                     l718:	
  1323  0688  0008               	return
  1324                           	opt stack 0
  1325                           GLOBAL	__end_of_I2C_Hold
  1326  0689                     	__end_of_I2C_Hold:
  1327 ;; =============== function _I2C_Hold ends ============
  1328                           
  1329                           	signat	_I2C_Hold,88
  1330                           psect	text219,local,class=CODE,delta=2
  1331                           global __ptext219
  1332  0000                     __ptext219:
  1333                           	global	btemp
  1334  007E                     	btemp set 07Eh
  1335                           
  1336                           	DABS	1,126,2	;btemp
  1337                           	global	wtemp0
  1338  007E                     	wtemp0 set btemp


HI-TECH Software PICC Macro Assembler V9.82 build 9453 
Symbol Table                                                                                   Tue Dec 31 18:45:14 2019

     __size_of_I2C_Begin 0009       __size_of_I2C_Write 000A                       _RD 0C60  
                     u30 0683                       u31 0682                       u40 0687  
                     u41 0686                       _WR 0C61                      l700 078D  
                    l712 066E                      l721 0725                      l706 0678  
                    l715 067B                      l716 067A                      l717 0688  
                    l709 0665                      l718 0688                      l697 0735  
                    l698 078C                      l699 078D                      _GIE 005F  
                    _PEN 048A                      u740 0696                      _SEN 0488  
                    u741 0695                      u751 069F                      u752 06A6  
                    u753 06AD                      u780 06C8                      u781 06C7  
                    u765 06B0                      u775 06B8          __end_of_I2C_End 066F  
                   l2100 0696                     l2102 06AE                     l2104 06B7  
                   l2106 06C9                     l2108 06D2                     l1480 06AE  
                   l2096 0689                     l1481 06C9                     l1810 067B  
                   l1482 06D2                     l2098 0692                     l1812 0683  
                   l1580 07BA                     l2700 066B                     l1581 07E5  
                   l1582 07F5                     l1479 0692                     l1583 07FF  
                   l1808 0679                     l1576 07F6                     l2720 0790  
                   l1577 07B4                     l2730 07C3                     l1578 07A6  
                   l2722 07A2                     l1579 07B9                     l2732 07D5  
                   l2724 07A6                     l2740 07F6                     l2742 07FF  
                   l2734 07E3                     l2726 07B4                     l2750 06DE  
                   l2736 07E5                     l2728 07BA                     l2752 0724  
                   l2744 06D3                     l2760 0765                     l2738 07EE  
                   l2746 06D7                     l2690 065D                     l2762 076E  
                   l2754 0726                     l2748 06DB                     l2692 0662  
                   l2764 0777                     l2756 0751                     l2694 066F  
                   l2766 077C                     l2758 0760                     l2696 0674  
                   l2698 0666                     u2310 07D5                     u2311 07D4  
                   u2305 07BC                     u2330 07F4                     u2331 07F3  
                   u2315 07D1                     u2340 06EE                     u2325 07E6  
                   u2270 07A2                     u2271 07A1                     u2345 06E9  
                   u2290 07B8                     u2291 07B7                     u2285 07A8  
                   u2357 0759                     u2367 0784                     _RCEN 048B  
                   _WREN 0C62                     _main 0726         __end_of_I2C_Hold 0689  
                   btemp 007E                     start 0000                    ?_main 0070  
                  _ACKEN 048C                    _ACKDT 048D                    _EEADR 010D  
                  _CARRY 0018          __end_of___lldiv 0800      ___lmul@multiplicand 0074  
      __end_of_I2C_Begin 0666        __end_of_I2C_Write 0679                    status 0003  
                  wtemp0 007E             __end_of_main 0790                ??_I2C_End 0070  
                 ??_main 0035                   _EEDATA 010C                   _EECON1 018C  
                 _EECON2 018D                   _SSPADD 0093                   _TRISC3 043B  
                 _TRISC4 043C                   _SSPCON 0014                   _SSPBUF 0013  
                 ___lmul 0689                ??___lldiv 007D  __size_of_I2C_Initialize 0053  
              ?_I2C_Hold 0070           __pcstackCOMMON 0070               ??_I2C_Hold 0070  
             __pmaintext 0726                  ?___lmul 0070                  _I2C_End 0666  
         ___lmul@product 0079                  _SSPCON2 0091                  _SSPSTAT 0094  
              _I2C_Begin 065D                _I2C_Write 066F          __size_of___lmul 004A  
                ___lldiv 0790           _I2C_Initialize 06D3     end_of_initialization 0659  
             ?_I2C_Begin 0070               ?_I2C_Write 0070          ___lldiv@divisor 0020  
        ___lldiv@counter 002C   __end_of_I2C_Initialize 0726        __size_of_I2C_Hold 0010  
        ?_I2C_Initialize 002D           __end_of___lmul 06D3      start_initialization 0659  
            ??_I2C_Begin 0070              ??_I2C_Write 0072                 ??___lmul 0078  
               ?_I2C_End 0070            __pcstackBANK0 0020                __ptext211 0000  
              __ptext212 0666                __ptext213 066F                __ptext214 065D  
              __ptext215 06D3                __ptext216 0790                __ptext217 0689  
              __ptext218 0679                __ptext219 0000                 ?___lldiv 0020  
               _I2C_Hold 0679         __size_of_I2C_End 0009        ___lmul@multiplier 0070  
       ??_I2C_Initialize 0031            I2C_Write@data 0070         __size_of___lldiv 0070  
          __size_of_main 006A      I2C_Initialize@feq_K 002D         ___lldiv@dividend 0024  
       ___lldiv@quotient 0028  
