

HI-TECH Software PIC LITE Macro Assembler V9.82 build 9453 
                                                                                               Thu Oct 10 16:48:34 2019

HI-TECH Software Omniscient Code Generator (Lite mode) build 9453
     1  0000                     opt subtitle "HI-TECH Software Omniscient Code Generator (Lite mode) build 9453"
     2                           
     3                           opt pagewidth 120
     4                           
     5                           	opt lm
     6                           
     7                           	processor	16F877A
     8                           clrc	macro
     9                           	bcf	3,0
    10  0000                     	endm
    11                           clrz	macro
    12                           	bcf	3,2
    13  0000                     	endm
    14                           setc	macro
    15                           	bsf	3,0
    16  0000                     	endm
    17                           setz	macro
    18                           	bsf	3,2
    19  0000                     	endm
    20                           skipc	macro
    21                           	btfss	3,0
    22  0000                     	endm
    23                           skipz	macro
    24                           	btfss	3,2
    25  0000                     	endm
    26                           skipnc	macro
    27                           	btfsc	3,0
    28  0000                     	endm
    29                           skipnz	macro
    30                           	btfsc	3,2
    31  0000                     	endm
    32  0000                     indf	equ	0
    33  0000                     indf0	equ	0
    34  0002                     pc	equ	2
    35  0002                     pcl	equ	2
    36  0003                     status	equ	3
    37  0004                     fsr	equ	4
    38  0004                     fsr0	equ	4
    39  0001                     c	equ	1
    40  0000                     z	equ	0
    41  000A                     pclath	equ	10
    42                           	FNROOT	_main
    43                           	global	_CCP1CON
    44                           psect	maintext,global,class=CODE,delta=2
    45                           global __pmaintext
    46  07B0                     __pmaintext:
    47  0017                     _CCP1CON	set	23
    48                           	global	_CCPR1L
    49  0015                     _CCPR1L	set	21
    50                           	global	_T2CON
    51  0012                     _T2CON	set	18
    52                           	global	_TMR2
    53  0011                     _TMR2	set	17
    54                           	global	_CARRY
    55  0018                     _CARRY	set	24
    56                           	global	_GIE
    57  005F                     _GIE	set	95
    58                           	global	_PR2
    59  0092                     _PR2	set	146
    60                           	global	_TRISC2
    61  043A                     _TRISC2	set	1082
    62                           	global	_EEADR
    63  010D                     _EEADR	set	269
    64                           	global	_EEDATA
    65  010C                     _EEDATA	set	268
    66                           	global	_EECON1
    67  018C                     _EECON1	set	396
    68                           	global	_EECON2
    69  018D                     _EECON2	set	397
    70                           	global	_RD
    71  0C60                     _RD	set	3168
    72                           	global	_WR
    73  0C61                     _WR	set	3169
    74                           	global	_WREN
    75  0C62                     _WREN	set	3170
    76                           	file	"pwm.as"
    77                           	line	#
    78                           psect cinit,class=CODE,delta=2
    79                           global start_initialization
    80  07AC                     start_initialization:
    81                           
    82                           psect cinit,class=CODE,delta=2
    83                           global end_of_initialization
    84                           
    85                           ;End of C runtime variable initialization code
    86                           
    87  07AC                     end_of_initialization:
    88  07AC  0183               clrf status
    89  07AD  120A  118A  2FB0   ljmp _main	;jump to C main() function
    90                           psect	cstackCOMMON,class=COMMON,space=1
    91                           global __pcstackCOMMON
    92  0070                     __pcstackCOMMON:
    93                           	global	?_main
    94  0070                     ?_main:	; 0 bytes @ 0x0
    95                           	global	??_main
    96  0070                     ??_main:	; 0 bytes @ 0x0
    97  0070                     	ds	3
    98                           	global	main@a
    99  0073                     main@a:	; 2 bytes @ 0x3
   100  0073                     	ds	2
   101 ;;Data sizes: Strings 0, constant 0, data 0, bss 0, persistent 0 stack 0
   102 ;;Auto spaces:   Size  Autos    Used
   103 ;; COMMON          14      5       5
   104 ;; BANK0           80      0       0
   105 ;; BANK1           80      0       0
   106 ;; BANK3           96      0       0
   107 ;; BANK2           96      0       0
   108                           
   109 ;;
   110 ;; Pointer list with targets:
   111                           
   112                           
   113                           
   114 ;;
   115 ;; Critical Paths under _main in COMMON
   116 ;;
   117 ;;   None.
   118 ;;
   119 ;; Critical Paths under _main in BANK0
   120 ;;
   121 ;;   None.
   122 ;;
   123 ;; Critical Paths under _main in BANK1
   124 ;;
   125 ;;   None.
   126 ;;
   127 ;; Critical Paths under _main in BANK3
   128 ;;
   129 ;;   None.
   130 ;;
   131 ;; Critical Paths under _main in BANK2
   132 ;;
   133 ;;   None.
   134                           
   135 ;;
   136 ;;Main: autosize = 0, tempsize = 3, incstack = 0, save=0
   137 ;;
   138                           
   139 ;;
   140 ;;Call Graph Tables:
   141 ;;
   142 ;; ---------------------------------------------------------------------------------
   143 ;; (Depth) Function   	        Calls       Base Space   Used Autos Params    Refs
   144 ;; ---------------------------------------------------------------------------------
   145 ;; (0) _main                                                 5     5      0      45
   146 ;;                                              0 COMMON     5     5      0
   147 ;; ---------------------------------------------------------------------------------
   148 ;; Estimated maximum stack depth 0
   149 ;; ---------------------------------------------------------------------------------
   150                           
   151 ;; Call Graph Graphs:
   152                           
   153 ;; _main (ROOT)
   154 ;;
   155                           
   156 ;; Address spaces:
   157                           
   158 ;;Name               Size   Autos  Total    Cost      Usage
   159 ;;BITCOMMON            E      0       0       0        0.0%
   160 ;;EEDATA             100      0       0       0        0.0%
   161 ;;NULL                 0      0       0       0        0.0%
   162 ;;CODE                 0      0       0       0        0.0%
   163 ;;COMMON               E      5       5       1       35.7%
   164 ;;BITSFR0              0      0       0       1        0.0%
   165 ;;SFR0                 0      0       0       1        0.0%
   166 ;;BITSFR1              0      0       0       2        0.0%
   167 ;;SFR1                 0      0       0       2        0.0%
   168 ;;STACK                0      0       0       2        0.0%
   169 ;;ABS                  0      0       0       3        0.0%
   170 ;;BITBANK0            50      0       0       4        0.0%
   171 ;;BITSFR3              0      0       0       4        0.0%
   172 ;;SFR3                 0      0       0       4        0.0%
   173 ;;BANK0               50      0       0       5        0.0%
   174 ;;BITSFR2              0      0       0       5        0.0%
   175 ;;SFR2                 0      0       0       5        0.0%
   176 ;;BITBANK1            50      0       0       6        0.0%
   177 ;;BANK1               50      0       0       7        0.0%
   178 ;;BITBANK3            60      0       0       8        0.0%
   179 ;;BANK3               60      0       0       9        0.0%
   180 ;;BITBANK2            60      0       0      10        0.0%
   181 ;;BANK2               60      0       0      11        0.0%
   182 ;;DATA                 0      0       0      12        0.0%
   183                           
   184                           	global	_main
   185                           psect	maintext
   186                           
   187 ;; *************** function _main *****************
   188 ;; Defined at:
   189 ;;		line 4 in file "F:\Basic Microcontroller\PIC16F877A\ccp\pwm\pwm.c"
   190 ;; Parameters:    Size  Location     Type
   191 ;;		None
   192 ;; Auto vars:     Size  Location     Type
   193 ;;  a               2    3[COMMON] int 
   194 ;; Return value:  Size  Location     Type
   195 ;;		None               void
   196 ;; Registers used:
   197 ;;		wreg, status,2, btemp+1
   198 ;; Tracked objects:
   199 ;;		On entry : 17F/0
   200 ;;		On exit  : 0/0
   201 ;;		Unchanged: 0/0
   202 ;; Data sizes:     COMMON   BANK0   BANK1   BANK3   BANK2
   203 ;;      Params:         0       0       0       0       0
   204 ;;      Locals:         2       0       0       0       0
   205 ;;      Temps:          3       0       0       0       0
   206 ;;      Totals:         5       0       0       0       0
   207 ;;Total ram usage:        5 bytes
   208 ;; This function calls:
   209 ;;		Nothing
   210 ;; This function is called by:
   211 ;;		Startup code after reset
   212 ;; This function uses a non-reentrant model
   213 ;;
   214                           psect	maintext
   215                           	file	"F:\Basic Microcontroller\PIC16F877A\ccp\pwm\pwm.c"
   216                           	line	4
   217                           	global	__size_of_main
   218  0050                     	__size_of_main	equ	__end_of_main-_main
   219                           	
   220  07B0                     _main:	
   221                           	opt	stack 8
   222                           ; Regs used in _main: [wreg+status,2+btemp+1]
   223                           	line	5
   224                           	
   225  07B0                     l2597:	
   226                           ;pwm.c: 5: int a=0;
   227  07B0  01F3               	clrf	(main@a)
   228  07B1  01F4               	clrf	(main@a+1)
   229                           	line	6
   230                           	
   231  07B2                     l2599:	
   232                           ;pwm.c: 6: TRISC2=0;
   233  07B2  1683               	bsf	status, 5	;RP0=1, select bank1
   234  07B3  1303               	bcf	status, 6	;RP1=0, select bank1
   235  07B4  1107               	bcf	(1082/8)^080h,(1082)&7
   236                           	line	7
   237                           	
   238  07B5                     l2601:	
   239                           ;pwm.c: 7: T2CON = 0b00000111;
   240  07B5  3007               	movlw	(07h)
   241  07B6  1283               	bcf	status, 5	;RP0=0, select bank0
   242  07B7  1303               	bcf	status, 6	;RP1=0, select bank0
   243  07B8  0092               	movwf	(18)	;volatile
   244                           	line	8
   245                           	
   246  07B9                     l2603:	
   247                           ;pwm.c: 8: TMR2=0X00;
   248  07B9  0191               	clrf	(17)	;volatile
   249                           	line	9
   250                           ;pwm.c: 9: PR2 = 0b00011110;
   251  07BA  301E               	movlw	(01Eh)
   252  07BB  1683               	bsf	status, 5	;RP0=1, select bank1
   253  07BC  1303               	bcf	status, 6	;RP1=0, select bank1
   254  07BD  0092               	movwf	(146)^080h	;volatile
   255                           	line	10
   256                           ;pwm.c: 10: CCPR1L = 0b01001110;
   257  07BE  304E               	movlw	(04Eh)
   258  07BF  1283               	bcf	status, 5	;RP0=0, select bank0
   259  07C0  1303               	bcf	status, 6	;RP1=0, select bank0
   260  07C1  0095               	movwf	(21)	;volatile
   261                           	line	11
   262                           ;pwm.c: 11: CCP1CON = 0b00011100;
   263  07C2  301C               	movlw	(01Ch)
   264  07C3  0097               	movwf	(23)	;volatile
   265  07C4  2FC5               	goto	l2605
   266                           	line	12
   267                           ;pwm.c: 12: while(1)
   268                           	
   269  07C5                     l687:	
   270                           	line	14
   271                           	
   272  07C5                     l2605:	
   273                           ;pwm.c: 13: {
   274                           ;pwm.c: 14: for(a=0;a<255;a++)
   275  07C5  01F3               	clrf	(main@a)
   276  07C6  01F4               	clrf	(main@a+1)
   277                           	
   278  07C7                     l2607:	
   279  07C7  0874               	movf	(main@a+1),w
   280  07C8  3A80               	xorlw	80h
   281  07C9  00FF               	movwf	btemp+1
   282  07CA  3080               	movlw	(high(0FFh))^80h
   283  07CB  027F               	subwf	btemp+1,w
   284  07CC  1D03               	skipz
   285  07CD  2FD0               	goto	u2225
   286  07CE  30FF               	movlw	low(0FFh)
   287  07CF  0273               	subwf	(main@a),w
   288  07D0                     u2225:
   289                           
   290  07D0  1C03               	skipc
   291  07D1  2FD3               	goto	u2221
   292  07D2  2FD4               	goto	u2220
   293  07D3                     u2221:
   294  07D3  2FD6               	goto	l2611
   295  07D4                     u2220:
   296  07D4  2FC5               	goto	l2605
   297                           	
   298  07D5                     l2609:	
   299  07D5  2FC5               	goto	l2605
   300                           	line	15
   301                           	
   302  07D6                     l688:	
   303                           	line	16
   304                           	
   305  07D6                     l2611:	
   306                           ;pwm.c: 15: {
   307                           ;pwm.c: 16: CCPR1L=a;
   308  07D6  0873               	movf	(main@a),w
   309  07D7  1283               	bcf	status, 5	;RP0=0, select bank0
   310  07D8  1303               	bcf	status, 6	;RP1=0, select bank0
   311  07D9  0095               	movwf	(21)	;volatile
   312                           	line	17
   313                           ;pwm.c: 17: _delay((unsigned long)((100)*(20000000/4000.0)));
   314                           	opt asmopt_off
   315  07DA  3003               movlw  3
   316  07DB  00F2               movwf	((??_main+0)+0+2),f
   317  07DC  308A               movlw	138
   318  07DD  00F1               movwf	((??_main+0)+0+1),f
   319  07DE  3056               	movlw	86
   320  07DF  00F0               movwf	((??_main+0)+0),f
   321  07E0                     u2247:
   322  07E0  0BF0               	decfsz	((??_main+0)+0),f
   323  07E1  2FE0               	goto	u2247
   324  07E2  0BF1               	decfsz	((??_main+0)+0+1),f
   325  07E3  2FE0               	goto	u2247
   326  07E4  0BF2               	decfsz	((??_main+0)+0+2),f
   327  07E5  2FE0               	goto	u2247
   328  07E6  2FE7               	nop2
   329                           opt asmopt_on
   330                           
   331                           	line	14
   332  07E7  3001               	movlw	low(01h)
   333  07E8  07F3               	addwf	(main@a),f
   334  07E9  1803               	skipnc
   335  07EA  0AF4               	incf	(main@a+1),f
   336  07EB  3000               	movlw	high(01h)
   337  07EC  07F4               	addwf	(main@a+1),f
   338                           	
   339  07ED                     l2613:	
   340  07ED  0874               	movf	(main@a+1),w
   341  07EE  3A80               	xorlw	80h
   342  07EF  00FF               	movwf	btemp+1
   343  07F0  3080               	movlw	(high(0FFh))^80h
   344  07F1  027F               	subwf	btemp+1,w
   345  07F2  1D03               	skipz
   346  07F3  2FF6               	goto	u2235
   347  07F4  30FF               	movlw	low(0FFh)
   348  07F5  0273               	subwf	(main@a),w
   349  07F6                     u2235:
   350                           
   351  07F6  1C03               	skipc
   352  07F7  2FF9               	goto	u2231
   353  07F8  2FFA               	goto	u2230
   354  07F9                     u2231:
   355  07F9  2FD6               	goto	l2611
   356  07FA                     u2230:
   357  07FA  2FC5               	goto	l2605
   358                           	
   359  07FB                     l689:	
   360  07FB  2FC5               	goto	l2605
   361                           	line	19
   362                           	
   363  07FC                     l690:	
   364                           	line	12
   365  07FC  2FC5               	goto	l2605
   366                           	
   367  07FD                     l691:	
   368                           	line	20
   369                           	
   370  07FD                     l692:	
   371                           	global	start
   372  07FD  120A  118A  2800   	ljmp	start
   373                           	opt stack 0
   374                           GLOBAL	__end_of_main
   375  0800                     	__end_of_main:
   376 ;; =============== function _main ends ============
   377                           
   378                           	signat	_main,88
   379                           psect	maintext
   380                           	global	btemp
   381  007E                     	btemp set 07Eh
   382                           
   383                           	DABS	1,126,2	;btemp
   384                           	global	wtemp0
   385  007E                     	wtemp0 set btemp


HI-TECH Software PICC Macro Assembler V9.82 build 9453 
Symbol Table                                                                                   Thu Oct 10 16:48:34 2019

                  _RD 0C60                    _WR 0C61                   l690 07FC                   l691 07FD  
                 l692 07FD                   l687 07C5                   l688 07D6                   l689 07FB  
                 _GIE 005F                   _PR2 0092                  l2601 07B5                  l2611 07D6  
                l2603 07B9                  l2613 07ED                  l2605 07C5                  l2607 07C7  
                l2609 07D5                  l2597 07B0                  l2599 07B2                  u2220 07D4  
                u2221 07D3                  u2230 07FA                  u2231 07F9                  u2225 07D0  
                u2235 07F6                  u2247 07E0                  _TMR2 0011                  _WREN 0C62  
                _main 07B0                  btemp 007E                  start 0000                 ?_main 0070  
               _EEADR 010D                 _CARRY 0018                 _T2CON 0012                 main@a 0073  
               status 0003                 wtemp0 007E          __end_of_main 0800                ??_main 0070  
              _EEDATA 010C                _CCPR1L 0015                _EECON1 018C                _EECON2 018D  
              _TRISC2 043A        __pcstackCOMMON 0070            __pmaintext 07B0               _CCP1CON 0017  
end_of_initialization 07AC   start_initialization 07AC         __size_of_main 0050  
