

HI-TECH Software PIC LITE Macro Assembler V9.82 build 9453 
                                                                                               Mon Dec 09 19:35:16 2019

HI-TECH Software Omniscient Code Generator (Lite mode) build 9453
     1  0000                     opt subtitle "HI-TECH Software Omniscient Code Generator (Lite mode) build 9453"
     2                           
     3                           opt pagewidth 120
     4                           
     5                           	opt lm
     6                           
     7                           	processor	16F877A
     8                           clrc	macro
     9                           	bcf	3,0
    10  0000                     	endm
    11                           clrz	macro
    12                           	bcf	3,2
    13  0000                     	endm
    14                           setc	macro
    15                           	bsf	3,0
    16  0000                     	endm
    17                           setz	macro
    18                           	bsf	3,2
    19  0000                     	endm
    20                           skipc	macro
    21                           	btfss	3,0
    22  0000                     	endm
    23                           skipz	macro
    24                           	btfss	3,2
    25  0000                     	endm
    26                           skipnc	macro
    27                           	btfsc	3,0
    28  0000                     	endm
    29                           skipnz	macro
    30                           	btfsc	3,2
    31  0000                     	endm
    32  0000                     indf	equ	0
    33  0000                     indf0	equ	0
    34  0002                     pc	equ	2
    35  0002                     pcl	equ	2
    36  0003                     status	equ	3
    37  0004                     fsr	equ	4
    38  0004                     fsr0	equ	4
    39  0001                     c	equ	1
    40  0000                     z	equ	0
    41  000A                     pclath	equ	10
    42                           	FNROOT	_main
    43                           	global	_CARRY
    44                           psect	maintext,global,class=CODE,delta=2
    45                           global __pmaintext
    46  07EC                     __pmaintext:
    47  0018                     _CARRY	set	24
    48                           	global	_GIE
    49  005F                     _GIE	set	95
    50                           	global	_RB0
    51  0030                     _RB0	set	48
    52                           	global	_RD0
    53  0040                     _RD0	set	64
    54                           	global	_TRISB
    55  0086                     _TRISB	set	134
    56                           	global	_TRISD
    57  0088                     _TRISD	set	136
    58                           	global	_EEADR
    59  010D                     _EEADR	set	269
    60                           	global	_EEDATA
    61  010C                     _EEDATA	set	268
    62                           	global	_EECON1
    63  018C                     _EECON1	set	396
    64                           	global	_EECON2
    65  018D                     _EECON2	set	397
    66                           	global	_RD
    67  0C60                     _RD	set	3168
    68                           	global	_WR
    69  0C61                     _WR	set	3169
    70                           	global	_WREN
    71  0C62                     _WREN	set	3170
    72                           	file	"relay.as"
    73                           	line	#
    74                           psect cinit,class=CODE,delta=2
    75                           global start_initialization
    76  07E8                     start_initialization:
    77                           
    78                           psect cinit,class=CODE,delta=2
    79                           global end_of_initialization
    80                           
    81                           ;End of C runtime variable initialization code
    82                           
    83  07E8                     end_of_initialization:
    84  07E8  0183               clrf status
    85  07E9  120A  118A  2FEC   ljmp _main	;jump to C main() function
    86                           psect	cstackCOMMON,class=COMMON,space=1
    87                           global __pcstackCOMMON
    88  0000                     __pcstackCOMMON:
    89                           	global	?_main
    90  0000                     ?_main:	; 0 bytes @ 0x0
    91                           	global	??_main
    92  0000                     ??_main:	; 0 bytes @ 0x0
    93 ;;Data sizes: Strings 0, constant 0, data 0, bss 0, persistent 0 stack 0
    94 ;;Auto spaces:   Size  Autos    Used
    95 ;; COMMON          14      0       0
    96 ;; BANK0           80      0       0
    97 ;; BANK1           80      0       0
    98 ;; BANK3           96      0       0
    99 ;; BANK2           96      0       0
   100                           
   101 ;;
   102 ;; Pointer list with targets:
   103                           
   104                           
   105                           
   106 ;;
   107 ;; Critical Paths under _main in COMMON
   108 ;;
   109 ;;   None.
   110 ;;
   111 ;; Critical Paths under _main in BANK0
   112 ;;
   113 ;;   None.
   114 ;;
   115 ;; Critical Paths under _main in BANK1
   116 ;;
   117 ;;   None.
   118 ;;
   119 ;; Critical Paths under _main in BANK3
   120 ;;
   121 ;;   None.
   122 ;;
   123 ;; Critical Paths under _main in BANK2
   124 ;;
   125 ;;   None.
   126                           
   127 ;;
   128 ;;Main: autosize = 0, tempsize = 0, incstack = 0, save=0
   129 ;;
   130                           
   131 ;;
   132 ;;Call Graph Tables:
   133 ;;
   134 ;; ---------------------------------------------------------------------------------
   135 ;; (Depth) Function   	        Calls       Base Space   Used Autos Params    Refs
   136 ;; ---------------------------------------------------------------------------------
   137 ;; (0) _main                                                 0     0      0       0
   138 ;; ---------------------------------------------------------------------------------
   139 ;; Estimated maximum stack depth 0
   140 ;; ---------------------------------------------------------------------------------
   141                           
   142 ;; Call Graph Graphs:
   143                           
   144 ;; _main (ROOT)
   145 ;;
   146                           
   147 ;; Address spaces:
   148                           
   149 ;;Name               Size   Autos  Total    Cost      Usage
   150 ;;BITCOMMON            E      0       0       0        0.0%
   151 ;;EEDATA             100      0       0       0        0.0%
   152 ;;NULL                 0      0       0       0        0.0%
   153 ;;CODE                 0      0       0       0        0.0%
   154 ;;COMMON               E      0       0       1        0.0%
   155 ;;BITSFR0              0      0       0       1        0.0%
   156 ;;SFR0                 0      0       0       1        0.0%
   157 ;;BITSFR1              0      0       0       2        0.0%
   158 ;;SFR1                 0      0       0       2        0.0%
   159 ;;STACK                0      0       0       2        0.0%
   160 ;;ABS                  0      0       0       3        0.0%
   161 ;;BITBANK0            50      0       0       4        0.0%
   162 ;;BITSFR3              0      0       0       4        0.0%
   163 ;;SFR3                 0      0       0       4        0.0%
   164 ;;BANK0               50      0       0       5        0.0%
   165 ;;BITSFR2              0      0       0       5        0.0%
   166 ;;SFR2                 0      0       0       5        0.0%
   167 ;;BITBANK1            50      0       0       6        0.0%
   168 ;;BANK1               50      0       0       7        0.0%
   169 ;;BITBANK3            60      0       0       8        0.0%
   170 ;;BANK3               60      0       0       9        0.0%
   171 ;;BITBANK2            60      0       0      10        0.0%
   172 ;;BANK2               60      0       0      11        0.0%
   173 ;;DATA                 0      0       0      12        0.0%
   174                           
   175                           	global	_main
   176                           psect	maintext
   177                           
   178 ;; *************** function _main *****************
   179 ;; Defined at:
   180 ;;		line 5 in file "F:\Basic Microcontroller\PIC16F877A\relay\relay.c"
   181 ;; Parameters:    Size  Location     Type
   182 ;;		None
   183 ;; Auto vars:     Size  Location     Type
   184 ;;		None
   185 ;; Return value:  Size  Location     Type
   186 ;;		None               void
   187 ;; Registers used:
   188 ;;		wreg, status,2
   189 ;; Tracked objects:
   190 ;;		On entry : 17F/0
   191 ;;		On exit  : 0/0
   192 ;;		Unchanged: 0/0
   193 ;; Data sizes:     COMMON   BANK0   BANK1   BANK3   BANK2
   194 ;;      Params:         0       0       0       0       0
   195 ;;      Locals:         0       0       0       0       0
   196 ;;      Temps:          0       0       0       0       0
   197 ;;      Totals:         0       0       0       0       0
   198 ;;Total ram usage:        0 bytes
   199 ;; This function calls:
   200 ;;		Nothing
   201 ;; This function is called by:
   202 ;;		Startup code after reset
   203 ;; This function uses a non-reentrant model
   204 ;;
   205                           psect	maintext
   206                           	file	"F:\Basic Microcontroller\PIC16F877A\relay\relay.c"
   207                           	line	5
   208                           	global	__size_of_main
   209  0014                     	__size_of_main	equ	__end_of_main-_main
   210                           	
   211  07EC                     _main:	
   212                           	opt	stack 8
   213                           ; Regs used in _main: [wreg+status,2]
   214                           	line	6
   215                           	
   216  07EC                     l1737:	
   217                           ;relay.c: 6: TRISD=0X00;
   218  07EC  1683               	bsf	status, 5	;RP0=1, select bank1
   219  07ED  1303               	bcf	status, 6	;RP1=0, select bank1
   220  07EE  0188               	clrf	(136)^080h	;volatile
   221                           	line	7
   222                           	
   223  07EF                     l1739:	
   224                           ;relay.c: 7: TRISB=0X01;
   225  07EF  3001               	movlw	(01h)
   226  07F0  0086               	movwf	(134)^080h	;volatile
   227  07F1  2FF2               	goto	l1741
   228                           	line	8
   229                           ;relay.c: 8: while(1)
   230                           	
   231  07F2                     l685:	
   232                           	line	10
   233                           	
   234  07F2                     l1741:	
   235                           ;relay.c: 9: {
   236                           ;relay.c: 10: if(RB0==0)
   237  07F2  1283               	bcf	status, 5	;RP0=0, select bank0
   238  07F3  1806               	btfsc	(48/8),(48)&7
   239  07F4  2FF6               	goto	u11
   240  07F5  2FF7               	goto	u10
   241  07F6                     u11:
   242  07F6  2FF9               	goto	l686
   243  07F7                     u10:
   244                           	line	12
   245                           	
   246  07F7                     l1743:	
   247                           ;relay.c: 11: {
   248                           ;relay.c: 12: RD0=1;
   249  07F7  1408               	bsf	(64/8),(64)&7
   250                           	line	13
   251                           ;relay.c: 13: }
   252  07F8  2FF2               	goto	l1741
   253                           	line	14
   254                           	
   255  07F9                     l686:	
   256                           	line	16
   257                           ;relay.c: 14: else
   258                           ;relay.c: 15: {
   259                           ;relay.c: 16: RD0=0;
   260  07F9  1008               	bcf	(64/8),(64)&7
   261  07FA  2FF2               	goto	l1741
   262                           	line	17
   263                           	
   264  07FB                     l687:	
   265  07FB  2FF2               	goto	l1741
   266                           	line	18
   267                           	
   268  07FC                     l688:	
   269                           	line	8
   270  07FC  2FF2               	goto	l1741
   271                           	
   272  07FD                     l689:	
   273                           	line	19
   274                           	
   275  07FD                     l690:	
   276                           	global	start
   277  07FD  120A  118A  2800   	ljmp	start
   278                           	opt stack 0
   279                           GLOBAL	__end_of_main
   280  0800                     	__end_of_main:
   281 ;; =============== function _main ends ============
   282                           
   283                           	signat	_main,88
   284                           psect	maintext
   285                           	global	btemp
   286  007E                     	btemp set 07Eh
   287                           
   288                           	DABS	1,126,2	;btemp
   289                           	global	wtemp0
   290  007E                     	wtemp0 set btemp


HI-TECH Software PICC Macro Assembler V9.82 build 9453 
Symbol Table                                                                                   Mon Dec 09 19:35:16 2019

                  _RD 0C60                    u10 07F7                    u11 07F6                    _WR 0C61  
                 l690 07FD                   l685 07F2                   l686 07F9                   l687 07FB  
                 l688 07FC                   l689 07FD                   _GIE 005F                   _RB0 0030  
                 _RD0 0040                  l1741 07F2                  l1743 07F7                  l1737 07EC  
                l1739 07EF                  _WREN 0C62                  _main 07EC                  btemp 007E  
                start 0000                 ?_main 0000                 _EEADR 010D                 _CARRY 0018  
               _TRISB 0086                 _TRISD 0088                 status 0003                 wtemp0 007E  
        __end_of_main 0800                ??_main 0000                _EEDATA 010C                _EECON1 018C  
              _EECON2 018D        __pcstackCOMMON 0000            __pmaintext 07EC  end_of_initialization 07E8  
 start_initialization 07E8         __size_of_main 0014  
