

HI-TECH Software PIC LITE Macro Assembler V9.82 build 9453 
                                                                                               Thu Oct 31 17:44:19 2019

HI-TECH Software Omniscient Code Generator (Lite mode) build 9453
     1  0000                     opt subtitle "HI-TECH Software Omniscient Code Generator (Lite mode) build 9453"
     2                           
     3                           opt pagewidth 120
     4                           
     5                           	opt lm
     6                           
     7                           	processor	16F877A
     8                           clrc	macro
     9                           	bcf	3,0
    10  0000                     	endm
    11                           clrz	macro
    12                           	bcf	3,2
    13  0000                     	endm
    14                           setc	macro
    15                           	bsf	3,0
    16  0000                     	endm
    17                           setz	macro
    18                           	bsf	3,2
    19  0000                     	endm
    20                           skipc	macro
    21                           	btfss	3,0
    22  0000                     	endm
    23                           skipz	macro
    24                           	btfss	3,2
    25  0000                     	endm
    26                           skipnc	macro
    27                           	btfsc	3,0
    28  0000                     	endm
    29                           skipnz	macro
    30                           	btfsc	3,2
    31  0000                     	endm
    32  0000                     indf	equ	0
    33  0000                     indf0	equ	0
    34  0002                     pc	equ	2
    35  0002                     pcl	equ	2
    36  0003                     status	equ	3
    37  0004                     fsr	equ	4
    38  0004                     fsr0	equ	4
    39  0001                     c	equ	1
    40  0000                     z	equ	0
    41  000A                     pclath	equ	10
    42                           	FNCALL	_main,_delay
    43                           	FNROOT	_main
    44                           	global	_PORTB
    45                           psect	maintext,global,class=CODE,delta=2
    46                           global __pmaintext
    47  0798                     __pmaintext:
    48  0006                     _PORTB	set	6
    49                           	global	_PORTC
    50  0007                     _PORTC	set	7
    51                           	global	_PORTD
    52  0008                     _PORTD	set	8
    53                           	global	_CARRY
    54  0018                     _CARRY	set	24
    55                           	global	_GIE
    56  005F                     _GIE	set	95
    57                           	global	_TRISB
    58  0086                     _TRISB	set	134
    59                           	global	_TRISC
    60  0087                     _TRISC	set	135
    61                           	global	_TRISD
    62  0088                     _TRISD	set	136
    63                           	global	_EEADR
    64  010D                     _EEADR	set	269
    65                           	global	_EEDATA
    66  010C                     _EEDATA	set	268
    67                           	global	_EECON1
    68  018C                     _EECON1	set	396
    69                           	global	_EECON2
    70  018D                     _EECON2	set	397
    71                           	global	_RD
    72  0C60                     _RD	set	3168
    73                           	global	_WR
    74  0C61                     _WR	set	3169
    75                           	global	_WREN
    76  0C62                     _WREN	set	3170
    77                           	file	"led.as"
    78                           	line	#
    79                           psect cinit,class=CODE,delta=2
    80                           global start_initialization
    81  0794                     start_initialization:
    82                           
    83                           psect cinit,class=CODE,delta=2
    84                           global end_of_initialization
    85                           
    86                           ;End of C runtime variable initialization code
    87                           
    88  0794                     end_of_initialization:
    89  0794  0183               clrf status
    90  0795  120A  118A  2F98   ljmp _main	;jump to C main() function
    91                           psect	cstackCOMMON,class=COMMON,space=1
    92                           global __pcstackCOMMON
    93  0070                     __pcstackCOMMON:
    94                           	global	?_delay
    95  0070                     ?_delay:	; 0 bytes @ 0x0
    96                           	global	?_main
    97  0070                     ?_main:	; 0 bytes @ 0x0
    98                           	global	delay@a
    99  0070                     delay@a:	; 2 bytes @ 0x0
   100  0070                     	ds	2
   101                           	global	??_delay
   102  0072                     ??_delay:	; 0 bytes @ 0x2
   103  0072                     	ds	1
   104                           	global	delay@i
   105  0073                     delay@i:	; 2 bytes @ 0x3
   106  0073                     	ds	2
   107                           	global	delay@j
   108  0075                     delay@j:	; 2 bytes @ 0x5
   109  0075                     	ds	2
   110                           	global	??_main
   111  0077                     ??_main:	; 0 bytes @ 0x7
   112 ;;Data sizes: Strings 0, constant 0, data 0, bss 0, persistent 0 stack 0
   113 ;;Auto spaces:   Size  Autos    Used
   114 ;; COMMON          14      7       7
   115 ;; BANK0           80      0       0
   116 ;; BANK1           80      0       0
   117 ;; BANK3           96      0       0
   118 ;; BANK2           96      0       0
   119                           
   120 ;;
   121 ;; Pointer list with targets:
   122                           
   123                           
   124                           
   125 ;;
   126 ;; Critical Paths under _main in COMMON
   127 ;;
   128 ;;   _main->_delay
   129 ;;
   130 ;; Critical Paths under _main in BANK0
   131 ;;
   132 ;;   None.
   133 ;;
   134 ;; Critical Paths under _main in BANK1
   135 ;;
   136 ;;   None.
   137 ;;
   138 ;; Critical Paths under _main in BANK3
   139 ;;
   140 ;;   None.
   141 ;;
   142 ;; Critical Paths under _main in BANK2
   143 ;;
   144 ;;   None.
   145                           
   146 ;;
   147 ;;Main: autosize = 0, tempsize = 0, incstack = 0, save=0
   148 ;;
   149                           
   150 ;;
   151 ;;Call Graph Tables:
   152 ;;
   153 ;; ---------------------------------------------------------------------------------
   154 ;; (Depth) Function   	        Calls       Base Space   Used Autos Params    Refs
   155 ;; ---------------------------------------------------------------------------------
   156 ;; (0) _main                                                 0     0      0      60
   157 ;;                              _delay
   158 ;; ---------------------------------------------------------------------------------
   159 ;; (1) _delay                                                7     5      2      60
   160 ;;                                              0 COMMON     7     5      2
   161 ;; ---------------------------------------------------------------------------------
   162 ;; Estimated maximum stack depth 1
   163 ;; ---------------------------------------------------------------------------------
   164                           
   165 ;; Call Graph Graphs:
   166                           
   167 ;; _main (ROOT)
   168 ;;   _delay
   169 ;;
   170                           
   171 ;; Address spaces:
   172                           
   173 ;;Name               Size   Autos  Total    Cost      Usage
   174 ;;BITCOMMON            E      0       0       0        0.0%
   175 ;;EEDATA             100      0       0       0        0.0%
   176 ;;NULL                 0      0       0       0        0.0%
   177 ;;CODE                 0      0       0       0        0.0%
   178 ;;COMMON               E      7       7       1       50.0%
   179 ;;BITSFR0              0      0       0       1        0.0%
   180 ;;SFR0                 0      0       0       1        0.0%
   181 ;;BITSFR1              0      0       0       2        0.0%
   182 ;;SFR1                 0      0       0       2        0.0%
   183 ;;STACK                0      0       1       2        0.0%
   184 ;;ABS                  0      0       0       3        0.0%
   185 ;;BITBANK0            50      0       0       4        0.0%
   186 ;;BITSFR3              0      0       0       4        0.0%
   187 ;;SFR3                 0      0       0       4        0.0%
   188 ;;BANK0               50      0       0       5        0.0%
   189 ;;BITSFR2              0      0       0       5        0.0%
   190 ;;SFR2                 0      0       0       5        0.0%
   191 ;;BITBANK1            50      0       0       6        0.0%
   192 ;;BANK1               50      0       0       7        0.0%
   193 ;;BITBANK3            60      0       0       8        0.0%
   194 ;;BANK3               60      0       0       9        0.0%
   195 ;;BITBANK2            60      0       0      10        0.0%
   196 ;;BANK2               60      0       0      11        0.0%
   197 ;;DATA                 0      0       0      12        0.0%
   198                           
   199                           	global	_main
   200                           psect	maintext
   201                           
   202 ;; *************** function _main *****************
   203 ;; Defined at:
   204 ;;		line 4 in file "F:\Basic Microcontroller\PIC16F877A\hardware\led\led.c"
   205 ;; Parameters:    Size  Location     Type
   206 ;;		None
   207 ;; Auto vars:     Size  Location     Type
   208 ;;		None
   209 ;; Return value:  Size  Location     Type
   210 ;;		None               void
   211 ;; Registers used:
   212 ;;		wreg, status,2, status,0, btemp+1, pclath, cstack
   213 ;; Tracked objects:
   214 ;;		On entry : 17F/0
   215 ;;		On exit  : 0/0
   216 ;;		Unchanged: 0/0
   217 ;; Data sizes:     COMMON   BANK0   BANK1   BANK3   BANK2
   218 ;;      Params:         0       0       0       0       0
   219 ;;      Locals:         0       0       0       0       0
   220 ;;      Temps:          0       0       0       0       0
   221 ;;      Totals:         0       0       0       0       0
   222 ;;Total ram usage:        0 bytes
   223 ;; Hardware stack levels required when called:    1
   224 ;; This function calls:
   225 ;;		_delay
   226 ;; This function is called by:
   227 ;;		Startup code after reset
   228 ;; This function uses a non-reentrant model
   229 ;;
   230                           psect	maintext
   231                           	file	"F:\Basic Microcontroller\PIC16F877A\hardware\led\led.c"
   232                           	line	4
   233                           	global	__size_of_main
   234  002A                     	__size_of_main	equ	__end_of_main-_main
   235                           	
   236  0798                     _main:	
   237                           	opt	stack 7
   238                           ; Regs used in _main: [wreg+status,2+status,0+btemp+1+pclath+cstack]
   239                           	line	5
   240                           	
   241  0798                     l2617:	
   242                           ;led.c: 5: TRISB=0X00;
   243  0798  1683               	bsf	status, 5	;RP0=1, select bank1
   244  0799  1303               	bcf	status, 6	;RP1=0, select bank1
   245  079A  0186               	clrf	(134)^080h	;volatile
   246                           	line	6
   247                           ;led.c: 6: TRISC=0X00;
   248  079B  0187               	clrf	(135)^080h	;volatile
   249                           	line	7
   250                           ;led.c: 7: TRISD=0X00;
   251  079C  0188               	clrf	(136)^080h	;volatile
   252                           	line	8
   253                           	
   254  079D                     l2619:	
   255                           ;led.c: 8: PORTC=0XFF;
   256  079D  30FF               	movlw	(0FFh)
   257  079E  1283               	bcf	status, 5	;RP0=0, select bank0
   258  079F  1303               	bcf	status, 6	;RP1=0, select bank0
   259  07A0  0087               	movwf	(7)	;volatile
   260                           	line	9
   261                           	
   262  07A1                     l2621:	
   263                           ;led.c: 9: PORTD=0XFF;
   264  07A1  30FF               	movlw	(0FFh)
   265  07A2  0088               	movwf	(8)	;volatile
   266  07A3  2FA4               	goto	l2623
   267                           	line	10
   268                           ;led.c: 10: while(1)
   269                           	
   270  07A4                     l687:	
   271                           	line	12
   272                           	
   273  07A4                     l2623:	
   274                           ;led.c: 11: {
   275                           ;led.c: 12: PORTB=0Xff;
   276  07A4  30FF               	movlw	(0FFh)
   277  07A5  1283               	bcf	status, 5	;RP0=0, select bank0
   278  07A6  1303               	bcf	status, 6	;RP1=0, select bank0
   279  07A7  0086               	movwf	(6)	;volatile
   280                           	line	13
   281                           	
   282  07A8                     l2625:	
   283                           ;led.c: 13: delay(1000);
   284  07A8  30E8               	movlw	low(03E8h)
   285  07A9  00F0               	movwf	(?_delay)
   286  07AA  3003               	movlw	high(03E8h)
   287  07AB  00F1               	movwf	((?_delay))+1
   288  07AC  120A  118A  27C2   	fcall	_delay
              120A  118A         
   289                           	line	14
   290                           	
   291  07B1                     l2627:	
   292                           ;led.c: 14: PORTB=0X00;
   293  07B1  1283               	bcf	status, 5	;RP0=0, select bank0
   294  07B2  1303               	bcf	status, 6	;RP1=0, select bank0
   295  07B3  0186               	clrf	(6)	;volatile
   296                           	line	15
   297                           	
   298  07B4                     l2629:	
   299                           ;led.c: 15: delay(1000);
   300  07B4  30E8               	movlw	low(03E8h)
   301  07B5  00F0               	movwf	(?_delay)
   302  07B6  3003               	movlw	high(03E8h)
   303  07B7  00F1               	movwf	((?_delay))+1
   304  07B8  120A  118A  27C2   	fcall	_delay
              120A  118A         
   305  07BD  2FA4               	goto	l2623
   306                           	line	16
   307                           	
   308  07BE                     l688:	
   309                           	line	10
   310  07BE  2FA4               	goto	l2623
   311                           	
   312  07BF                     l689:	
   313                           	line	17
   314                           	
   315  07BF                     l690:	
   316                           	global	start
   317  07BF  120A  118A  2800   	ljmp	start
   318                           	opt stack 0
   319                           GLOBAL	__end_of_main
   320  07C2                     	__end_of_main:
   321 ;; =============== function _main ends ============
   322                           
   323                           	signat	_main,88
   324                           	global	_delay
   325                           psect	text71,local,class=CODE,delta=2
   326                           global __ptext71
   327  07C2                     __ptext71:
   328                           
   329 ;; *************** function _delay *****************
   330 ;; Defined at:
   331 ;;		line 19 in file "F:\Basic Microcontroller\PIC16F877A\hardware\led\led.c"
   332 ;; Parameters:    Size  Location     Type
   333 ;;  a               2    0[COMMON] int 
   334 ;; Auto vars:     Size  Location     Type
   335 ;;  j               2    5[COMMON] int 
   336 ;;  i               2    3[COMMON] int 
   337 ;; Return value:  Size  Location     Type
   338 ;;		None               void
   339 ;; Registers used:
   340 ;;		wreg, status,2, btemp+1
   341 ;; Tracked objects:
   342 ;;		On entry : 0/0
   343 ;;		On exit  : 0/0
   344 ;;		Unchanged: 0/0
   345 ;; Data sizes:     COMMON   BANK0   BANK1   BANK3   BANK2
   346 ;;      Params:         2       0       0       0       0
   347 ;;      Locals:         4       0       0       0       0
   348 ;;      Temps:          1       0       0       0       0
   349 ;;      Totals:         7       0       0       0       0
   350 ;;Total ram usage:        7 bytes
   351 ;; Hardware stack levels used:    1
   352 ;; This function calls:
   353 ;;		Nothing
   354 ;; This function is called by:
   355 ;;		_main
   356 ;; This function uses a non-reentrant model
   357 ;;
   358                           psect	text71
   359                           	file	"F:\Basic Microcontroller\PIC16F877A\hardware\led\led.c"
   360                           	line	19
   361                           	global	__size_of_delay
   362  003E                     	__size_of_delay	equ	__end_of_delay-_delay
   363                           	
   364  07C2                     _delay:	
   365                           	opt	stack 7
   366                           ; Regs used in _delay: [wreg+status,2+btemp+1]
   367                           	line	21
   368                           	
   369  07C2                     l1745:	
   370                           ;led.c: 20: int i,j;
   371                           ;led.c: 21: for(i=0;i<a;i++)
   372  07C2  01F3               	clrf	(delay@i)
   373  07C3  01F4               	clrf	(delay@i+1)
   374  07C4  2FF0               	goto	l693
   375                           	line	22
   376                           	
   377  07C5                     l694:	
   378                           	line	23
   379                           	
   380  07C5                     l1747:	
   381                           ;led.c: 22: {
   382                           ;led.c: 23: for(j=0;j<250;j++)
   383  07C5  01F5               	clrf	(delay@j)
   384  07C6  01F6               	clrf	(delay@j+1)
   385                           	
   386  07C7                     l1749:	
   387  07C7  0876               	movf	(delay@j+1),w
   388  07C8  3A80               	xorlw	80h
   389  07C9  00FF               	movwf	btemp+1
   390  07CA  3080               	movlw	(high(0FAh))^80h
   391  07CB  027F               	subwf	btemp+1,w
   392  07CC  1D03               	skipz
   393  07CD  2FD0               	goto	u15
   394  07CE  30FA               	movlw	low(0FAh)
   395  07CF  0275               	subwf	(delay@j),w
   396  07D0                     u15:
   397                           
   398  07D0  1C03               	skipc
   399  07D1  2FD3               	goto	u11
   400  07D2  2FD4               	goto	u10
   401  07D3                     u11:
   402  07D3  2FD6               	goto	l1753
   403  07D4                     u10:
   404  07D4  2FEA               	goto	l1757
   405                           	
   406  07D5                     l1751:	
   407  07D5  2FEA               	goto	l1757
   408                           	line	24
   409                           	
   410  07D6                     l695:	
   411                           	line	23
   412                           	
   413  07D6                     l1753:	
   414                           ;led.c: 24: {
   415  07D6  3001               	movlw	low(01h)
   416  07D7  07F5               	addwf	(delay@j),f
   417  07D8  1803               	skipnc
   418  07D9  0AF6               	incf	(delay@j+1),f
   419  07DA  3000               	movlw	high(01h)
   420  07DB  07F6               	addwf	(delay@j+1),f
   421                           	
   422  07DC                     l1755:	
   423  07DC  0876               	movf	(delay@j+1),w
   424  07DD  3A80               	xorlw	80h
   425  07DE  00FF               	movwf	btemp+1
   426  07DF  3080               	movlw	(high(0FAh))^80h
   427  07E0  027F               	subwf	btemp+1,w
   428  07E1  1D03               	skipz
   429  07E2  2FE5               	goto	u25
   430  07E3  30FA               	movlw	low(0FAh)
   431  07E4  0275               	subwf	(delay@j),w
   432  07E5                     u25:
   433                           
   434  07E5  1C03               	skipc
   435  07E6  2FE8               	goto	u21
   436  07E7  2FE9               	goto	u20
   437  07E8                     u21:
   438  07E8  2FD6               	goto	l1753
   439  07E9                     u20:
   440  07E9  2FEA               	goto	l1757
   441                           	
   442  07EA                     l696:	
   443                           	line	21
   444                           	
   445  07EA                     l1757:	
   446  07EA  3001               	movlw	low(01h)
   447  07EB  07F3               	addwf	(delay@i),f
   448  07EC  1803               	skipnc
   449  07ED  0AF4               	incf	(delay@i+1),f
   450  07EE  3000               	movlw	high(01h)
   451  07EF  07F4               	addwf	(delay@i+1),f
   452                           	
   453  07F0                     l693:	
   454  07F0  0874               	movf	(delay@i+1),w
   455  07F1  3A80               	xorlw	80h
   456  07F2  00F2               	movwf	(??_delay+0)+0
   457  07F3  0871               	movf	(delay@a+1),w
   458  07F4  3A80               	xorlw	80h
   459  07F5  0272               	subwf	(??_delay+0)+0,w
   460  07F6  1D03               	skipz
   461  07F7  2FFA               	goto	u35
   462  07F8  0870               	movf	(delay@a),w
   463  07F9  0273               	subwf	(delay@i),w
   464  07FA                     u35:
   465                           
   466  07FA  1C03               	skipc
   467  07FB  2FFD               	goto	u31
   468  07FC  2FFE               	goto	u30
   469  07FD                     u31:
   470  07FD  2FC5               	goto	l1747
   471  07FE                     u30:
   472  07FE  2FFF               	goto	l698
   473                           	
   474  07FF                     l697:	
   475                           	line	27
   476                           	
   477  07FF                     l698:	
   478  07FF  0008               	return
   479                           	opt stack 0
   480                           GLOBAL	__end_of_delay
   481  0800                     	__end_of_delay:
   482 ;; =============== function _delay ends ============
   483                           
   484                           	signat	_delay,4216
   485                           psect	text72,local,class=CODE,delta=2
   486                           global __ptext72
   487  0000                     __ptext72:
   488                           	global	btemp
   489  007E                     	btemp set 07Eh
   490                           
   491                           	DABS	1,126,2	;btemp
   492                           	global	wtemp0
   493  007E                     	wtemp0 set btemp


HI-TECH Software PICC Macro Assembler V9.82 build 9453 
Symbol Table                                                                                   Thu Oct 31 17:44:19 2019

                  _RD 0C60                    u10 07D4                    u11 07D3                    u20 07E9  
                  u21 07E8                    u30 07FE                    u31 07FD                    u15 07D0  
                  u25 07E5                    u35 07FA                    _WR 0C61                   l690 07BF  
                 l693 07F0                   l694 07C5                   l695 07D6                   l687 07A4  
                 l696 07EA                   l688 07BE                   l697 07FF                   l689 07BF  
                 l698 07FF                   _GIE 005F                  l2621 07A1                  l1751 07D5  
                l2623 07A4                  l1753 07D6                  l1745 07C2                  l2625 07A8  
                l2617 0798                  l1755 07DC                  l1747 07C5                  l2627 07B1  
                l2619 079D                  l1757 07EA                  l1749 07C7                  l2629 07B4  
                _WREN 0C62                  _main 0798                  btemp 007E                  start 0000  
               ?_main 0070                 _EEADR 010D                 _CARRY 0018                 _PORTB 0006  
               _PORTC 0007                 _PORTD 0008                 _TRISB 0086                 _TRISC 0087  
               _TRISD 0088                 _delay 07C2                 status 0003                 wtemp0 007E  
        __end_of_main 07C2                ??_main 0077                ?_delay 0070                _EEDATA 010C  
              _EECON1 018C                _EECON2 018D                delay@a 0070                delay@i 0073  
              delay@j 0075        __pcstackCOMMON 0070         __end_of_delay 0800               ??_delay 0072  
          __pmaintext 0798  end_of_initialization 0794   start_initialization 0794        __size_of_delay 003E  
            __ptext71 07C2              __ptext72 0000         __size_of_main 002A  
