

HI-TECH Software PIC LITE Macro Assembler V9.82 build 9453 
                                                                                               Mon Dec 09 17:20:22 2019

HI-TECH Software Omniscient Code Generator (Lite mode) build 9453
     1  0000                     opt subtitle "HI-TECH Software Omniscient Code Generator (Lite mode) build 9453"
     2                           
     3                           opt pagewidth 120
     4                           
     5                           	opt lm
     6                           
     7                           	processor	16F877A
     8                           clrc	macro
     9                           	bcf	3,0
    10  0000                     	endm
    11                           clrz	macro
    12                           	bcf	3,2
    13  0000                     	endm
    14                           setc	macro
    15                           	bsf	3,0
    16  0000                     	endm
    17                           setz	macro
    18                           	bsf	3,2
    19  0000                     	endm
    20                           skipc	macro
    21                           	btfss	3,0
    22  0000                     	endm
    23                           skipz	macro
    24                           	btfss	3,2
    25  0000                     	endm
    26                           skipnc	macro
    27                           	btfsc	3,0
    28  0000                     	endm
    29                           skipnz	macro
    30                           	btfsc	3,2
    31  0000                     	endm
    32  0000                     indf	equ	0
    33  0000                     indf0	equ	0
    34  0002                     pc	equ	2
    35  0002                     pcl	equ	2
    36  0003                     status	equ	3
    37  0004                     fsr	equ	4
    38  0004                     fsr0	equ	4
    39  0001                     c	equ	1
    40  0000                     z	equ	0
    41  000A                     pclath	equ	10
    42                           	FNCALL	_main,_delay
    43                           	FNROOT	_main
    44                           	global	_PORTD
    45                           psect	maintext,global,class=CODE,delta=2
    46                           global __pmaintext
    47  07A0                     __pmaintext:
    48  0008                     _PORTD	set	8
    49                           	global	_CARRY
    50  0018                     _CARRY	set	24
    51                           	global	_GIE
    52  005F                     _GIE	set	95
    53                           	global	_TRISD
    54  0088                     _TRISD	set	136
    55                           	global	_EEADR
    56  010D                     _EEADR	set	269
    57                           	global	_EEDATA
    58  010C                     _EEDATA	set	268
    59                           	global	_EECON1
    60  018C                     _EECON1	set	396
    61                           	global	_EECON2
    62  018D                     _EECON2	set	397
    63                           	global	_RD
    64  0C60                     _RD	set	3168
    65                           	global	_WR
    66  0C61                     _WR	set	3169
    67                           	global	_WREN
    68  0C62                     _WREN	set	3170
    69                           	file	"led blink.as"
    70                           	line	#
    71                           psect cinit,class=CODE,delta=2
    72                           global start_initialization
    73  079C                     start_initialization:
    74                           
    75                           psect cinit,class=CODE,delta=2
    76                           global end_of_initialization
    77                           
    78                           ;End of C runtime variable initialization code
    79                           
    80  079C                     end_of_initialization:
    81  079C  0183               clrf status
    82  079D  120A  118A  2FA0   ljmp _main	;jump to C main() function
    83                           psect	cstackCOMMON,class=COMMON,space=1
    84                           global __pcstackCOMMON
    85  0070                     __pcstackCOMMON:
    86                           	global	?_delay
    87  0070                     ?_delay:	; 0 bytes @ 0x0
    88                           	global	?_main
    89  0070                     ?_main:	; 0 bytes @ 0x0
    90                           	global	delay@a
    91  0070                     delay@a:	; 2 bytes @ 0x0
    92  0070                     	ds	2
    93                           	global	??_delay
    94  0072                     ??_delay:	; 0 bytes @ 0x2
    95  0072                     	ds	1
    96                           	global	delay@i
    97  0073                     delay@i:	; 2 bytes @ 0x3
    98  0073                     	ds	2
    99                           	global	delay@j
   100  0075                     delay@j:	; 2 bytes @ 0x5
   101  0075                     	ds	2
   102                           	global	??_main
   103  0077                     ??_main:	; 0 bytes @ 0x7
   104 ;;Data sizes: Strings 0, constant 0, data 0, bss 0, persistent 0 stack 0
   105 ;;Auto spaces:   Size  Autos    Used
   106 ;; COMMON          14      7       7
   107 ;; BANK0           80      0       0
   108 ;; BANK1           80      0       0
   109 ;; BANK3           96      0       0
   110 ;; BANK2           96      0       0
   111                           
   112 ;;
   113 ;; Pointer list with targets:
   114                           
   115                           
   116                           
   117 ;;
   118 ;; Critical Paths under _main in COMMON
   119 ;;
   120 ;;   _main->_delay
   121 ;;
   122 ;; Critical Paths under _main in BANK0
   123 ;;
   124 ;;   None.
   125 ;;
   126 ;; Critical Paths under _main in BANK1
   127 ;;
   128 ;;   None.
   129 ;;
   130 ;; Critical Paths under _main in BANK3
   131 ;;
   132 ;;   None.
   133 ;;
   134 ;; Critical Paths under _main in BANK2
   135 ;;
   136 ;;   None.
   137                           
   138 ;;
   139 ;;Main: autosize = 0, tempsize = 0, incstack = 0, save=0
   140 ;;
   141                           
   142 ;;
   143 ;;Call Graph Tables:
   144 ;;
   145 ;; ---------------------------------------------------------------------------------
   146 ;; (Depth) Function   	        Calls       Base Space   Used Autos Params    Refs
   147 ;; ---------------------------------------------------------------------------------
   148 ;; (0) _main                                                 0     0      0      60
   149 ;;                              _delay
   150 ;; ---------------------------------------------------------------------------------
   151 ;; (1) _delay                                                7     5      2      60
   152 ;;                                              0 COMMON     7     5      2
   153 ;; ---------------------------------------------------------------------------------
   154 ;; Estimated maximum stack depth 1
   155 ;; ---------------------------------------------------------------------------------
   156                           
   157 ;; Call Graph Graphs:
   158                           
   159 ;; _main (ROOT)
   160 ;;   _delay
   161 ;;
   162                           
   163 ;; Address spaces:
   164                           
   165 ;;Name               Size   Autos  Total    Cost      Usage
   166 ;;BITCOMMON            E      0       0       0        0.0%
   167 ;;EEDATA             100      0       0       0        0.0%
   168 ;;NULL                 0      0       0       0        0.0%
   169 ;;CODE                 0      0       0       0        0.0%
   170 ;;COMMON               E      7       7       1       50.0%
   171 ;;BITSFR0              0      0       0       1        0.0%
   172 ;;SFR0                 0      0       0       1        0.0%
   173 ;;BITSFR1              0      0       0       2        0.0%
   174 ;;SFR1                 0      0       0       2        0.0%
   175 ;;STACK                0      0       1       2        0.0%
   176 ;;ABS                  0      0       0       3        0.0%
   177 ;;BITBANK0            50      0       0       4        0.0%
   178 ;;BITSFR3              0      0       0       4        0.0%
   179 ;;SFR3                 0      0       0       4        0.0%
   180 ;;BANK0               50      0       0       5        0.0%
   181 ;;BITSFR2              0      0       0       5        0.0%
   182 ;;SFR2                 0      0       0       5        0.0%
   183 ;;BITBANK1            50      0       0       6        0.0%
   184 ;;BANK1               50      0       0       7        0.0%
   185 ;;BITBANK3            60      0       0       8        0.0%
   186 ;;BANK3               60      0       0       9        0.0%
   187 ;;BITBANK2            60      0       0      10        0.0%
   188 ;;BANK2               60      0       0      11        0.0%
   189 ;;DATA                 0      0       0      12        0.0%
   190                           
   191                           	global	_main
   192                           psect	maintext
   193                           
   194 ;; *************** function _main *****************
   195 ;; Defined at:
   196 ;;		line 4 in file "F:\Basic Microcontroller\PIC16F877A\GPIO\led on off with delay\led blink.c"
   197 ;; Parameters:    Size  Location     Type
   198 ;;		None
   199 ;; Auto vars:     Size  Location     Type
   200 ;;		None
   201 ;; Return value:  Size  Location     Type
   202 ;;		None               void
   203 ;; Registers used:
   204 ;;		wreg, status,2, status,0, btemp+1, pclath, cstack
   205 ;; Tracked objects:
   206 ;;		On entry : 17F/0
   207 ;;		On exit  : 0/0
   208 ;;		Unchanged: 0/0
   209 ;; Data sizes:     COMMON   BANK0   BANK1   BANK3   BANK2
   210 ;;      Params:         0       0       0       0       0
   211 ;;      Locals:         0       0       0       0       0
   212 ;;      Temps:          0       0       0       0       0
   213 ;;      Totals:         0       0       0       0       0
   214 ;;Total ram usage:        0 bytes
   215 ;; Hardware stack levels required when called:    1
   216 ;; This function calls:
   217 ;;		_delay
   218 ;; This function is called by:
   219 ;;		Startup code after reset
   220 ;; This function uses a non-reentrant model
   221 ;;
   222                           psect	maintext
   223                           	file	"F:\Basic Microcontroller\PIC16F877A\GPIO\led on off with delay\led blink.c"
   224                           	line	4
   225                           	global	__size_of_main
   226  0022                     	__size_of_main	equ	__end_of_main-_main
   227                           	
   228  07A0                     _main:	
   229                           	opt	stack 7
   230                           ; Regs used in _main: [wreg+status,2+status,0+btemp+1+pclath+cstack]
   231                           	line	5
   232                           	
   233  07A0                     l2617:	
   234                           ;led blink.c: 5: TRISD=0X00;
   235  07A0  1683               	bsf	status, 5	;RP0=1, select bank1
   236  07A1  1303               	bcf	status, 6	;RP1=0, select bank1
   237  07A2  0188               	clrf	(136)^080h	;volatile
   238  07A3  2FA4               	goto	l2619
   239                           	line	6
   240                           ;led blink.c: 6: while(1)
   241                           	
   242  07A4                     l687:	
   243                           	line	8
   244                           	
   245  07A4                     l2619:	
   246                           ;led blink.c: 7: {
   247                           ;led blink.c: 8: PORTD=0X01;
   248  07A4  3001               	movlw	(01h)
   249  07A5  1283               	bcf	status, 5	;RP0=0, select bank0
   250  07A6  1303               	bcf	status, 6	;RP1=0, select bank0
   251  07A7  0088               	movwf	(8)	;volatile
   252                           	line	9
   253                           	
   254  07A8                     l2621:	
   255                           ;led blink.c: 9: delay(500);
   256  07A8  30F4               	movlw	low(01F4h)
   257  07A9  00F0               	movwf	(?_delay)
   258  07AA  3001               	movlw	high(01F4h)
   259  07AB  00F1               	movwf	((?_delay))+1
   260  07AC  120A  118A  27C2   	fcall	_delay
              120A  118A         
   261                           	line	10
   262                           	
   263  07B1                     l2623:	
   264                           ;led blink.c: 10: PORTD=0X00;
   265  07B1  1283               	bcf	status, 5	;RP0=0, select bank0
   266  07B2  1303               	bcf	status, 6	;RP1=0, select bank0
   267  07B3  0188               	clrf	(8)	;volatile
   268                           	line	11
   269                           	
   270  07B4                     l2625:	
   271                           ;led blink.c: 11: delay(500);
   272  07B4  30F4               	movlw	low(01F4h)
   273  07B5  00F0               	movwf	(?_delay)
   274  07B6  3001               	movlw	high(01F4h)
   275  07B7  00F1               	movwf	((?_delay))+1
   276  07B8  120A  118A  27C2   	fcall	_delay
              120A  118A         
   277  07BD  2FA4               	goto	l2619
   278                           	line	12
   279                           	
   280  07BE                     l688:	
   281                           	line	6
   282  07BE  2FA4               	goto	l2619
   283                           	
   284  07BF                     l689:	
   285                           	line	13
   286                           	
   287  07BF                     l690:	
   288                           	global	start
   289  07BF  120A  118A  2800   	ljmp	start
   290                           	opt stack 0
   291                           GLOBAL	__end_of_main
   292  07C2                     	__end_of_main:
   293 ;; =============== function _main ends ============
   294                           
   295                           	signat	_main,88
   296                           	global	_delay
   297                           psect	text71,local,class=CODE,delta=2
   298                           global __ptext71
   299  07C2                     __ptext71:
   300                           
   301 ;; *************** function _delay *****************
   302 ;; Defined at:
   303 ;;		line 15 in file "F:\Basic Microcontroller\PIC16F877A\GPIO\led on off with delay\led blink.c"
   304 ;; Parameters:    Size  Location     Type
   305 ;;  a               2    0[COMMON] int 
   306 ;; Auto vars:     Size  Location     Type
   307 ;;  j               2    5[COMMON] int 
   308 ;;  i               2    3[COMMON] int 
   309 ;; Return value:  Size  Location     Type
   310 ;;		None               void
   311 ;; Registers used:
   312 ;;		wreg, status,2, btemp+1
   313 ;; Tracked objects:
   314 ;;		On entry : 0/0
   315 ;;		On exit  : 0/0
   316 ;;		Unchanged: 0/0
   317 ;; Data sizes:     COMMON   BANK0   BANK1   BANK3   BANK2
   318 ;;      Params:         2       0       0       0       0
   319 ;;      Locals:         4       0       0       0       0
   320 ;;      Temps:          1       0       0       0       0
   321 ;;      Totals:         7       0       0       0       0
   322 ;;Total ram usage:        7 bytes
   323 ;; Hardware stack levels used:    1
   324 ;; This function calls:
   325 ;;		Nothing
   326 ;; This function is called by:
   327 ;;		_main
   328 ;; This function uses a non-reentrant model
   329 ;;
   330                           psect	text71
   331                           	file	"F:\Basic Microcontroller\PIC16F877A\GPIO\led on off with delay\led blink.c"
   332                           	line	15
   333                           	global	__size_of_delay
   334  003E                     	__size_of_delay	equ	__end_of_delay-_delay
   335                           	
   336  07C2                     _delay:	
   337                           	opt	stack 7
   338                           ; Regs used in _delay: [wreg+status,2+btemp+1]
   339                           	line	17
   340                           	
   341  07C2                     l1745:	
   342                           ;led blink.c: 16: int i,j;
   343                           ;led blink.c: 17: for(i=0;i<a;i++)
   344  07C2  01F3               	clrf	(delay@i)
   345  07C3  01F4               	clrf	(delay@i+1)
   346  07C4  2FF0               	goto	l693
   347                           	line	18
   348                           	
   349  07C5                     l694:	
   350                           	line	19
   351                           	
   352  07C5                     l1747:	
   353                           ;led blink.c: 18: {
   354                           ;led blink.c: 19: for(j=0;j<250;j++)
   355  07C5  01F5               	clrf	(delay@j)
   356  07C6  01F6               	clrf	(delay@j+1)
   357                           	
   358  07C7                     l1749:	
   359  07C7  0876               	movf	(delay@j+1),w
   360  07C8  3A80               	xorlw	80h
   361  07C9  00FF               	movwf	btemp+1
   362  07CA  3080               	movlw	(high(0FAh))^80h
   363  07CB  027F               	subwf	btemp+1,w
   364  07CC  1D03               	skipz
   365  07CD  2FD0               	goto	u15
   366  07CE  30FA               	movlw	low(0FAh)
   367  07CF  0275               	subwf	(delay@j),w
   368  07D0                     u15:
   369                           
   370  07D0  1C03               	skipc
   371  07D1  2FD3               	goto	u11
   372  07D2  2FD4               	goto	u10
   373  07D3                     u11:
   374  07D3  2FD6               	goto	l1753
   375  07D4                     u10:
   376  07D4  2FEA               	goto	l1757
   377                           	
   378  07D5                     l1751:	
   379  07D5  2FEA               	goto	l1757
   380                           	line	20
   381                           	
   382  07D6                     l695:	
   383                           	line	19
   384                           	
   385  07D6                     l1753:	
   386                           ;led blink.c: 20: {
   387  07D6  3001               	movlw	low(01h)
   388  07D7  07F5               	addwf	(delay@j),f
   389  07D8  1803               	skipnc
   390  07D9  0AF6               	incf	(delay@j+1),f
   391  07DA  3000               	movlw	high(01h)
   392  07DB  07F6               	addwf	(delay@j+1),f
   393                           	
   394  07DC                     l1755:	
   395  07DC  0876               	movf	(delay@j+1),w
   396  07DD  3A80               	xorlw	80h
   397  07DE  00FF               	movwf	btemp+1
   398  07DF  3080               	movlw	(high(0FAh))^80h
   399  07E0  027F               	subwf	btemp+1,w
   400  07E1  1D03               	skipz
   401  07E2  2FE5               	goto	u25
   402  07E3  30FA               	movlw	low(0FAh)
   403  07E4  0275               	subwf	(delay@j),w
   404  07E5                     u25:
   405                           
   406  07E5  1C03               	skipc
   407  07E6  2FE8               	goto	u21
   408  07E7  2FE9               	goto	u20
   409  07E8                     u21:
   410  07E8  2FD6               	goto	l1753
   411  07E9                     u20:
   412  07E9  2FEA               	goto	l1757
   413                           	
   414  07EA                     l696:	
   415                           	line	17
   416                           	
   417  07EA                     l1757:	
   418  07EA  3001               	movlw	low(01h)
   419  07EB  07F3               	addwf	(delay@i),f
   420  07EC  1803               	skipnc
   421  07ED  0AF4               	incf	(delay@i+1),f
   422  07EE  3000               	movlw	high(01h)
   423  07EF  07F4               	addwf	(delay@i+1),f
   424                           	
   425  07F0                     l693:	
   426  07F0  0874               	movf	(delay@i+1),w
   427  07F1  3A80               	xorlw	80h
   428  07F2  00F2               	movwf	(??_delay+0)+0
   429  07F3  0871               	movf	(delay@a+1),w
   430  07F4  3A80               	xorlw	80h
   431  07F5  0272               	subwf	(??_delay+0)+0,w
   432  07F6  1D03               	skipz
   433  07F7  2FFA               	goto	u35
   434  07F8  0870               	movf	(delay@a),w
   435  07F9  0273               	subwf	(delay@i),w
   436  07FA                     u35:
   437                           
   438  07FA  1C03               	skipc
   439  07FB  2FFD               	goto	u31
   440  07FC  2FFE               	goto	u30
   441  07FD                     u31:
   442  07FD  2FC5               	goto	l1747
   443  07FE                     u30:
   444  07FE  2FFF               	goto	l698
   445                           	
   446  07FF                     l697:	
   447                           	line	23
   448                           	
   449  07FF                     l698:	
   450  07FF  0008               	return
   451                           	opt stack 0
   452                           GLOBAL	__end_of_delay
   453  0800                     	__end_of_delay:
   454 ;; =============== function _delay ends ============
   455                           
   456                           	signat	_delay,4216
   457                           psect	text72,local,class=CODE,delta=2
   458                           global __ptext72
   459  0000                     __ptext72:
   460                           	global	btemp
   461  007E                     	btemp set 07Eh
   462                           
   463                           	DABS	1,126,2	;btemp
   464                           	global	wtemp0
   465  007E                     	wtemp0 set btemp


HI-TECH Software PICC Macro Assembler V9.82 build 9453 
Symbol Table                                                                                   Mon Dec 09 17:20:22 2019

                  _RD 0C60                    u10 07D4                    u11 07D3                    u20 07E9  
                  u21 07E8                    u30 07FE                    u31 07FD                    u15 07D0  
                  u25 07E5                    u35 07FA                    _WR 0C61                   l690 07BF  
                 l693 07F0                   l694 07C5                   l695 07D6                   l687 07A4  
                 l696 07EA                   l688 07BE                   l697 07FF                   l689 07BF  
                 l698 07FF                   _GIE 005F                  l2621 07A8                  l1751 07D5  
                l2623 07B1                  l1753 07D6                  l1745 07C2                  l2625 07B4  
                l2617 07A0                  l1755 07DC                  l1747 07C5                  l2619 07A4  
                l1757 07EA                  l1749 07C7                  _WREN 0C62                  _main 07A0  
                btemp 007E                  start 0000                 ?_main 0070                 _EEADR 010D  
               _CARRY 0018                 _PORTD 0008                 _TRISD 0088                 _delay 07C2  
               status 0003                 wtemp0 007E          __end_of_main 07C2                ??_main 0077  
              ?_delay 0070                _EEDATA 010C                _EECON1 018C                _EECON2 018D  
              delay@a 0070                delay@i 0073                delay@j 0075        __pcstackCOMMON 0070  
       __end_of_delay 0800               ??_delay 0072            __pmaintext 07A0  end_of_initialization 079C  
 start_initialization 079C        __size_of_delay 003E              __ptext71 07C2              __ptext72 0000  
       __size_of_main 0022  
